[ECMWF-INFO -sbatch] - -------------------------------------------------------------------------------------
[ECMWF-INFO -sbatch] -  This is the ECMWF jobfilter
[ECMWF-INFO -sbatch] -  +++ Please report issues using the Support portal +++
[ECMWF-INFO -sbatch] -  +++ https://support.ecmwf.int                     +++
[ECMWF-INFO -sbatch] -  /usr/local/bin/ecsbatch: size: 53180, mtime: Wed Sep 24 13:03:55 2025
[ECMWF-INFO -sbatch] - -------------------------------------------------------------------------------------
[ECMWF-INFO -sbatch] - Time at submit: Fri Oct 10 08:51:20 2025 (1760086280.0738668) on ac6-206.bullx:/etc/ecmwf/nfs/dh1_home_b/nld6854/earthcare_scripts/scripts/april_2025/4_composition_specific/2_AngstromCal
[ECMWF-INFO -sbatch] - --- SLURM VARIABLES ---
[ECMWF-INFO -sbatch] - SLURM_NODEID=0
[ECMWF-INFO -sbatch] - SLURM_TASK_PID=74519
[ECMWF-INFO -sbatch] - SLURM_PRIO_PROCESS=0
[ECMWF-INFO -sbatch] - SLURM_SUBMIT_DIR=/etc/ecmwf/nfs/dh1_home_b/nld6854
[ECMWF-INFO -sbatch] - SLURM_CPUS_PER_TASK=16
[ECMWF-INFO -sbatch] - SLURM_JOB_LICENSES=h2resw01
[ECMWF-INFO -sbatch] - SLURM_PROCID=0
[ECMWF-INFO -sbatch] - SLURM_JOB_GID=2090
[ECMWF-INFO -sbatch] - SLURMD_NODENAME=ac6-206
[ECMWF-INFO -sbatch] - SLURM_JOB_END_TIME=1760125016
[ECMWF-INFO -sbatch] - SLURM_TASKS_PER_NODE=1
[ECMWF-INFO -sbatch] - SLURM_NNODES=1
[ECMWF-INFO -sbatch] - SLURM_GET_USER_ENV=1
[ECMWF-INFO -sbatch] - SLURM_JOB_START_TIME=1760081816
[ECMWF-INFO -sbatch] - SLURM_NTASKS_PER_NODE=1
[ECMWF-INFO -sbatch] - SLURM_JOB_NODELIST=ac6-206
[ECMWF-INFO -sbatch] - SLURM_CLUSTER_NAME=ac
[ECMWF-INFO -sbatch] - SLURM_NODELIST=ac6-206
[ECMWF-INFO -sbatch] - SLURM_NTASKS=1
[ECMWF-INFO -sbatch] - SLURM_JOB_CPUS_PER_NODE=16
[ECMWF-INFO -sbatch] - SLURM_TOPOLOGY_ADDR=root_switch.gpil.isw6-0s2l1.ac6-206
[ECMWF-INFO -sbatch] - SLURM_JOB_NAME=nld6854-jupyterhub
[ECMWF-INFO -sbatch] - SLURM_JOBID=37770277
[ECMWF-INFO -sbatch] - SLURM_CONF=/etc/slurm/slurm.conf
[ECMWF-INFO -sbatch] - EC_CLUSTER=ac
[ECMWF-INFO -sbatch] - SLURM_JOB_QOS=ni
[ECMWF-INFO -sbatch] - SLURM_TOPOLOGY_ADDR_PATTERN=switch.switch.switch.node
[ECMWF-INFO -sbatch] - SLURM_CPUS_ON_NODE=16
[ECMWF-INFO -sbatch] - SLURM_JOB_NUM_NODES=1
[ECMWF-INFO -sbatch] - SLURM_MEM_PER_NODE=8192
[ECMWF-INFO -sbatch] - SLURM_JOB_UID=27442
[ECMWF-INFO -sbatch] - SLURM_JOB_PARTITION=inter
[ECMWF-INFO -sbatch] - SLURM_SCRIPT_CONTEXT=prolog_task
[ECMWF-INFO -sbatch] - SLURM_JOB_USER=nld6854
[ECMWF-INFO -sbatch] - SLURM_NPROCS=1
[ECMWF-INFO -sbatch] - SLURM_SUBMIT_HOST=ac6-208.bullx
[ECMWF-INFO -sbatch] - SLURM_JOB_ACCOUNT=nlchekli
[ECMWF-INFO -sbatch] - SLURM_EXPORT_ENV=ALL
[ECMWF-INFO -sbatch] - SLURM_TRES_PER_TASK=cpu=16
[ECMWF-INFO -sbatch] - SLURM_GTIDS=0
[ECMWF-INFO -sbatch] - SLURM_JOB_ID=37770277
[ECMWF-INFO -sbatch] - SBATCH_EXPORT=NONE
[ECMWF-INFO -sbatch] - SLURM_LOCALID=0
[ECMWF-INFO -sbatch] - -----------------------
[ECMWF-INFO -sbatch] - jobscript: /etc/ecmwf/nfs/dh1_home_b/nld6854/earthcare_scripts/scripts/april_2025/4_composition_specific/2_AngstromCal/sbatch_1.job
[ECMWF-INFO -sbatch] - --- SCRIPT OPTIONS ---
[ECMWF-INFO -sbatch] - #SBATCH --output=%x.%j.log
[ECMWF-INFO -sbatch] - #SBATCH --job-name=1_convert
[ECMWF-INFO -sbatch] - #SBATCH --qos=np
[ECMWF-INFO -sbatch] - #SBATCH --nodes=1
[ECMWF-INFO -sbatch] - #SBATCH --ntasks-per-node=32
[ECMWF-INFO -sbatch] - #SBATCH --cpus-per-task=4
[ECMWF-INFO -sbatch] - #SBATCH --hint=nomultithread
[ECMWF-INFO -sbatch] - #SBATCH --time=6:00:00
[ECMWF-INFO -sbatch] - -----------------------
[ECMWF-INFO -sbatch] - --- POST-PROCESSED OPTIONS ---
[ECMWF-INFO -sbatch] - ARG --positional=['sbatch_1.job']
[ECMWF-INFO -sbatch] - ARG --cpus_per_task=4
[ECMWF-INFO -sbatch] - ARG --job_name=1_convert
[ECMWF-INFO -sbatch] - ARG --ntasks_per_node=32
[ECMWF-INFO -sbatch] - ARG --nodes=1
[ECMWF-INFO -sbatch] - ARG --output=%x.%j.log
[ECMWF-INFO -sbatch] - ARG --qos=np
[ECMWF-INFO -sbatch] - ARG --time=6:00:00
[ECMWF-INFO -sbatch] - ARG --hint=nomultithread
[ECMWF-INFO -sbatch] - ------------------------------
[ECMWF-INFO -sbatch] - jobtag: nld6854-1_convert-1x256-/etc/ecmwf/nfs/dh1_home_b/nld6854/earthcare_scripts/scripts/april_2025/4_composition_specific/2_AngstromCal/1_convert._JOBID_.log
[ECMWF-INFO -sbatch] - ------------------------------
[ECMWF-INFO -sbatch] - Average Walltime 167 with a Standard Deviation 0
[ECMWF-INFO -sbatch] - Runtime history
[ECMWF-INFO -sbatch] -   Date               | Cores   Cluster   Walltime       Mem
[ECMWF-INFO -sbatch] -   10.10.2025 - 07:53 | 256        ac         167        240000M   
[ECMWF-INFO -sbatch] - ['/usr/bin/sbatch', '--cpus-per-task=4', '--job-name=1_convert', '--ntasks-per-node=32', '--nodes=1', '--output=%x.%j.log', '--qos=np', '--time=6:00:00', '--hint=nomultithread', '--licenses=h2resw01', '--export=EC_user_time_limit=6:00:00', '/etc/ecmwf/nfs/dh1_home_b/nld6854/earthcare_scripts/scripts/april_2025/4_composition_specific/2_AngstromCal/sbatch_1.job']
[ECMWF-INFO -sbatch] - sbatch executed on ac
[ECMWF-INFO -sbatch] - Job queued on ac using method local
[ECMWF-INFO -sbatch] - Submitted batch job 37791866
[ECMWF-INFO -ecprofile] /usr/bin/bash NON_INTERACTIVE on ac3-1031 at 20251010_085139.682, PID: 2540789, JOBID: 37791866
[ECMWF-INFO -ecprofile] $SCRATCH=/ec/res4/scratch/nld6854
[ECMWF-INFO -ecprofile] $PERM=/perm/nld6854
[ECMWF-INFO -ecprofile] $HPCPERM=/ec/res4/hpcperm/nld6854
[ECMWF-INFO -ecprofile] $TMPDIR=/dev/shm/_tmpdir_.nld6854.37791866
[ECMWF-INFO -ecprofile] $SCRATCHDIR=/ec/res4/scratchdir/nld6854/2/37791866
/etc/ecmwf/nfs/dh1_home_b/nld6854/earthcare_scripts/scripts/april_2025/4_composition_specific/2_AngstromCal/1_convert_to_355nm.py:21: FutureWarning: In a future version of xarray decode_timedelta will default to False rather than None. To silence this warning, set decode_timedelta to True, False, or a 'CFTimedeltaCoder' instance.
  ds355 = xr.open_dataset(cams_dir+'total_aerosol_optical_depth_355nm_'+month+'_2025.nc')
/etc/ecmwf/nfs/dh1_home_b/nld6854/earthcare_scripts/scripts/april_2025/4_composition_specific/2_AngstromCal/1_convert_to_355nm.py:29: FutureWarning: In a future version of xarray decode_timedelta will default to False rather than None. To silence this warning, set decode_timedelta to True, False, or a 'CFTimedeltaCoder' instance.
  ds550 = xr.open_dataset(cams_dir+'multiple_aod_550nm_'+month+'_2025.nc')
aod_old>0 [0.00468818 0.00468818 0.00468818 ... 0.00162831 0.00162831 0.00162831] wave_old 550 wave_new 355 angstrom>0 [0.81050069 0.81050069 0.81050069 ... 0.5392181  0.5392181  0.5392181 ]
aod_old>0 [0.00515094 0.00515094 0.00515094 ... 0.0010215  0.0010215  0.0010215 ] wave_old 550 wave_new 355 angstrom>0 [0.81050069 0.81050069 0.81050069 ... 0.5392181  0.5392181  0.5392181 ]
aod_old>0 [0.0203062  0.0203062  0.0203062  ... 0.00466947 0.00466947 0.00466947] wave_old 550 wave_new 355 angstrom>0 [0.81050069 0.81050069 0.81050069 ... 0.5392181  0.5392181  0.5392181 ]
[ECMWF-INFO -ecepilog] ----------------------------------------------------------------------------------------------------
[ECMWF-INFO -ecepilog] This is the ECMWF job Epilogue
[ECMWF-INFO -ecepilog] +++ Please report issues using the Support portal +++
[ECMWF-INFO -ecepilog] +++ https://support.ecmwf.int                     +++
[ECMWF-INFO -ecepilog] ----------------------------------------------------------------------------------------------------
[ECMWF-INFO -ecepilog] Run at 2025-10-10T08:53:38 on ac
[ECMWF-INFO -ecepilog] JobName                   : 1_convert
[ECMWF-INFO -ecepilog] JobID                     : 37791866
[ECMWF-INFO -ecepilog] Submit                    : 2025-10-10T08:51:20
[ECMWF-INFO -ecepilog] Start                     : 2025-10-10T08:51:33
[ECMWF-INFO -ecepilog] End                       : 2025-10-10T08:53:38
[ECMWF-INFO -ecepilog] QueuedTime                : 13.0
[ECMWF-INFO -ecepilog] ElapsedRaw                : 125
[ECMWF-INFO -ecepilog] ExitCode                  : 0:0
[ECMWF-INFO -ecepilog] DerivedExitCode           : 0:0
[ECMWF-INFO -ecepilog] State                     : COMPLETED
[ECMWF-INFO -ecepilog] Account                   : nlchekli
[ECMWF-INFO -ecepilog] QOS                       : np
[ECMWF-INFO -ecepilog] User                      : nld6854
[ECMWF-INFO -ecepilog] StdOut                    : /etc/ecmwf/nfs/dh1_home_b/nld6854/earthcare_scripts/scripts/april_2025/4_composition_specific/2_AngstromCal/1_convert.37791866.log
[ECMWF-INFO -ecepilog] StdErr                    : /etc/ecmwf/nfs/dh1_home_b/nld6854/earthcare_scripts/scripts/april_2025/4_composition_specific/2_AngstromCal/1_convert.37791866.log
[ECMWF-INFO -ecepilog] NNodes                    : 1
[ECMWF-INFO -ecepilog] NCPUS                     : 256
[ECMWF-INFO -ecepilog] SBU                       : 75.839
[ECMWF-INFO -ecepilog] jobtag                    : nld6854-1_convert-1x256-/etc/ecmwf/nfs/dh1_home_b/nld6854/earthcare_scripts/scripts/april_2025/4_composition_specific/2_AngstromCal/1_convert._JOBID_.log
[ECMWF-INFO -ecepilog] ----------------------------------------------------------------------------------------------------

