[ECMWF-INFO -sbatch] - -------------------------------------------------------------------------------------
[ECMWF-INFO -sbatch] -  This is the ECMWF jobfilter
[ECMWF-INFO -sbatch] -  +++ Please report issues using the Support portal +++
[ECMWF-INFO -sbatch] -  +++ https://support.ecmwf.int                     +++
[ECMWF-INFO -sbatch] -  /usr/local/bin/ecsbatch: size: 53180, mtime: Wed Sep 24 13:03:55 2025
[ECMWF-INFO -sbatch] - -------------------------------------------------------------------------------------
[ECMWF-INFO -sbatch] - Time at submit: Fri Oct 10 08:11:43 2025 (1760083903.72786) on ac6-102.bullx:/etc/ecmwf/nfs/dh1_home_b/nld6854/earthcare_scripts/scripts/april_2025/4_composition_specific/2_AngstromCal
[ECMWF-INFO -sbatch] - --- SLURM VARIABLES ---
[ECMWF-INFO -sbatch] - EC_CLUSTER=ac
[ECMWF-INFO -sbatch] - SLURM_EXPORT_ENV=ALL
[ECMWF-INFO -sbatch] - SBATCH_EXPORT=NONE
[ECMWF-INFO -sbatch] - -----------------------
[ECMWF-INFO -sbatch] - jobscript: /etc/ecmwf/nfs/dh1_home_b/nld6854/earthcare_scripts/scripts/april_2025/4_composition_specific/2_AngstromCal/sbatch_3.job
[ECMWF-INFO -sbatch] - --- SCRIPT OPTIONS ---
[ECMWF-INFO -sbatch] - #SBATCH --output=%x.%j.log
[ECMWF-INFO -sbatch] - #SBATCH --job-name=match_Ang
[ECMWF-INFO -sbatch] - #SBATCH --qos=np
[ECMWF-INFO -sbatch] - #SBATCH --nodes=1
[ECMWF-INFO -sbatch] - #SBATCH --ntasks-per-node=32
[ECMWF-INFO -sbatch] - #SBATCH --cpus-per-task=4
[ECMWF-INFO -sbatch] - #SBATCH --hint=nomultithread
[ECMWF-INFO -sbatch] - #SBATCH --time=6:00:00
[ECMWF-INFO -sbatch] - -----------------------
[ECMWF-INFO -sbatch] - --- POST-PROCESSED OPTIONS ---
[ECMWF-INFO -sbatch] - ARG --positional=['sbatch_3.job']
[ECMWF-INFO -sbatch] - ARG --cpus_per_task=4
[ECMWF-INFO -sbatch] - ARG --job_name=match_Ang
[ECMWF-INFO -sbatch] - ARG --ntasks_per_node=32
[ECMWF-INFO -sbatch] - ARG --nodes=1
[ECMWF-INFO -sbatch] - ARG --output=%x.%j.log
[ECMWF-INFO -sbatch] - ARG --qos=np
[ECMWF-INFO -sbatch] - ARG --time=6:00:00
[ECMWF-INFO -sbatch] - ARG --hint=nomultithread
[ECMWF-INFO -sbatch] - ------------------------------
[ECMWF-INFO -sbatch] - jobtag: nld6854-match_Ang-1x256-/etc/ecmwf/nfs/dh1_home_b/nld6854/earthcare_scripts/scripts/april_2025/4_composition_specific/2_AngstromCal/match_Ang._JOBID_.log
[ECMWF-INFO -sbatch] - ['/usr/bin/sbatch', '--cpus-per-task=4', '--job-name=match_Ang', '--ntasks-per-node=32', '--nodes=1', '--output=%x.%j.log', '--qos=np', '--time=6:00:00', '--hint=nomultithread', '--licenses=h2resw01', '--export=EC_user_time_limit=6:00:00', '/etc/ecmwf/nfs/dh1_home_b/nld6854/earthcare_scripts/scripts/april_2025/4_composition_specific/2_AngstromCal/sbatch_3.job']
[ECMWF-INFO -sbatch] - sbatch executed on ac
[ECMWF-INFO -sbatch] - Job queued on ac using method local
[ECMWF-INFO -sbatch] - Submitted batch job 37781264
[ECMWF-INFO -ecprofile] /usr/bin/bash NON_INTERACTIVE on ac2-2002 at 20251010_081205.596, PID: 943447, JOBID: 37781264
[ECMWF-INFO -ecprofile] $SCRATCH=/ec/res4/scratch/nld6854
[ECMWF-INFO -ecprofile] $PERM=/perm/nld6854
[ECMWF-INFO -ecprofile] $HPCPERM=/ec/res4/hpcperm/nld6854
[ECMWF-INFO -ecprofile] $TMPDIR=/dev/shm/_tmpdir_.nld6854.37781264
[ECMWF-INFO -ecprofile] $SCRATCHDIR=/ec/res4/scratchdir/nld6854/0/37781264
<IPython.core.display.HTML object>
<xarray.Dataset> Size: 10GB
Dimensions:                  (forecast_period: 12, forecast_reference_time: 62,
                              latitude: 451, longitude: 900)
Coordinates:
  * forecast_period          (forecast_period) timedelta64[ns] 96B 00:00:00 ....
  * forecast_reference_time  (forecast_reference_time) datetime64[ns] 496B 20...
  * latitude                 (latitude) float64 4kB 90.0 89.6 ... -89.6 -90.0
  * longitude                (longitude) float64 7kB 0.0 0.4 0.8 ... 359.2 359.6
Data variables:
    AE_550to355              (forecast_period, forecast_reference_time, latitude, longitude) float64 2GB ...
    ssa_aod_550_AE_550to355  (forecast_period, forecast_reference_time, latitude, longitude) float64 2GB ...
    du_aod_550_AE_550to355   (forecast_period, forecast_reference_time, latitude, longitude) float64 2GB ...
    du_om_aod_AE_550to355    (forecast_period, forecast_reference_time, latitude, longitude) float64 2GB ...
<xarray.DataArray 'forecast_period' (forecast_period: 12)> Size: 96B
array([             0,  3600000000000,  7200000000000, 10800000000000,
       14400000000000, 18000000000000, 21600000000000, 25200000000000,
       28800000000000, 32400000000000, 36000000000000, 39600000000000],
      dtype='timedelta64[ns]')
Coordinates:
  * forecast_period  (forecast_period) timedelta64[ns] 96B 00:00:00 ... 11:00:00
Attributes:
    long_name:      time since forecast_reference_time
    standard_name:  forecast_period
<xarray.DataArray 'forecast_reference_time' (forecast_reference_time: 62)> Size: 496B
array(['2025-05-01T00:00:00.000000000', '2025-05-01T12:00:00.000000000',
       '2025-05-02T00:00:00.000000000', '2025-05-02T12:00:00.000000000',
       '2025-05-03T00:00:00.000000000', '2025-05-03T12:00:00.000000000',
       '2025-05-04T00:00:00.000000000', '2025-05-04T12:00:00.000000000',
       '2025-05-05T00:00:00.000000000', '2025-05-05T12:00:00.000000000',
       '2025-05-06T00:00:00.000000000', '2025-05-06T12:00:00.000000000',
       '2025-05-07T00:00:00.000000000', '2025-05-07T12:00:00.000000000',
       '2025-05-08T00:00:00.000000000', '2025-05-08T12:00:00.000000000',
       '2025-05-09T00:00:00.000000000', '2025-05-09T12:00:00.000000000',
       '2025-05-10T00:00:00.000000000', '2025-05-10T12:00:00.000000000',
       '2025-05-11T00:00:00.000000000', '2025-05-11T12:00:00.000000000',
       '2025-05-12T00:00:00.000000000', '2025-05-12T12:00:00.000000000',
       '2025-05-13T00:00:00.000000000', '2025-05-13T12:00:00.000000000',
       '2025-05-14T00:00:00.000000000', '2025-05-14T12:00:00.000000000',
       '2025-05-15T00:00:00.000000000', '2025-05-15T12:00:00.000000000',
       '2025-05-16T00:00:00.000000000', '2025-05-16T12:00:00.000000000',
       '2025-05-17T00:00:00.000000000', '2025-05-17T12:00:00.000000000',
       '2025-05-18T00:00:00.000000000', '2025-05-18T12:00:00.000000000',
       '2025-05-19T00:00:00.000000000', '2025-05-19T12:00:00.000000000',
       '2025-05-20T00:00:00.000000000', '2025-05-20T12:00:00.000000000',
       '2025-05-21T00:00:00.000000000', '2025-05-21T12:00:00.000000000',
       '2025-05-22T00:00:00.000000000', '2025-05-22T12:00:00.000000000',
       '2025-05-23T00:00:00.000000000', '2025-05-23T12:00:00.000000000',
       '2025-05-24T00:00:00.000000000', '2025-05-24T12:00:00.000000000',
       '2025-05-25T00:00:00.000000000', '2025-05-25T12:00:00.000000000',
       '2025-05-26T00:00:00.000000000', '2025-05-26T12:00:00.000000000',
       '2025-05-27T00:00:00.000000000', '2025-05-27T12:00:00.000000000',
       '2025-05-28T00:00:00.000000000', '2025-05-28T12:00:00.000000000',
       '2025-05-29T00:00:00.000000000', '2025-05-29T12:00:00.000000000',
       '2025-05-30T00:00:00.000000000', '2025-05-30T12:00:00.000000000',
       '2025-05-31T00:00:00.000000000', '2025-05-31T12:00:00.000000000'],
      dtype='datetime64[ns]')
Coordinates:
  * forecast_reference_time  (forecast_reference_time) datetime64[ns] 496B 20...
<xarray.DataArray (forecast_period: 12, forecast_reference_time: 62)> Size: 6kB
array([['2025-05-01T00:00:00.000000000', '2025-05-01T12:00:00.000000000',
        '2025-05-02T00:00:00.000000000', '2025-05-02T12:00:00.000000000',
        '2025-05-03T00:00:00.000000000', '2025-05-03T12:00:00.000000000',
        '2025-05-04T00:00:00.000000000', '2025-05-04T12:00:00.000000000',
        '2025-05-05T00:00:00.000000000', '2025-05-05T12:00:00.000000000',
        '2025-05-06T00:00:00.000000000', '2025-05-06T12:00:00.000000000',
        '2025-05-07T00:00:00.000000000', '2025-05-07T12:00:00.000000000',
        '2025-05-08T00:00:00.000000000', '2025-05-08T12:00:00.000000000',
        '2025-05-09T00:00:00.000000000', '2025-05-09T12:00:00.000000000',
        '2025-05-10T00:00:00.000000000', '2025-05-10T12:00:00.000000000',
        '2025-05-11T00:00:00.000000000', '2025-05-11T12:00:00.000000000',
        '2025-05-12T00:00:00.000000000', '2025-05-12T12:00:00.000000000',
        '2025-05-13T00:00:00.000000000', '2025-05-13T12:00:00.000000000',
        '2025-05-14T00:00:00.000000000', '2025-05-14T12:00:00.000000000',
        '2025-05-15T00:00:00.000000000', '2025-05-15T12:00:00.000000000',
        '2025-05-16T00:00:00.000000000', '2025-05-16T12:00:00.000000000',
        '2025-05-17T00:00:00.000000000', '2025-05-17T12:00:00.000000000',
        '2025-05-18T00:00:00.000000000', '2025-05-18T12:00:00.000000000',
        '2025-05-19T00:00:00.000000000', '2025-05-19T12:00:00.000000000',
        '2025-05-20T00:00:00.000000000', '2025-05-20T12:00:00.000000000',
...
        '2025-05-13T11:00:00.000000000', '2025-05-13T23:00:00.000000000',
        '2025-05-14T11:00:00.000000000', '2025-05-14T23:00:00.000000000',
        '2025-05-15T11:00:00.000000000', '2025-05-15T23:00:00.000000000',
        '2025-05-16T11:00:00.000000000', '2025-05-16T23:00:00.000000000',
        '2025-05-17T11:00:00.000000000', '2025-05-17T23:00:00.000000000',
        '2025-05-18T11:00:00.000000000', '2025-05-18T23:00:00.000000000',
        '2025-05-19T11:00:00.000000000', '2025-05-19T23:00:00.000000000',
        '2025-05-20T11:00:00.000000000', '2025-05-20T23:00:00.000000000',
        '2025-05-21T11:00:00.000000000', '2025-05-21T23:00:00.000000000',
        '2025-05-22T11:00:00.000000000', '2025-05-22T23:00:00.000000000',
        '2025-05-23T11:00:00.000000000', '2025-05-23T23:00:00.000000000',
        '2025-05-24T11:00:00.000000000', '2025-05-24T23:00:00.000000000',
        '2025-05-25T11:00:00.000000000', '2025-05-25T23:00:00.000000000',
        '2025-05-26T11:00:00.000000000', '2025-05-26T23:00:00.000000000',
        '2025-05-27T11:00:00.000000000', '2025-05-27T23:00:00.000000000',
        '2025-05-28T11:00:00.000000000', '2025-05-28T23:00:00.000000000',
        '2025-05-29T11:00:00.000000000', '2025-05-29T23:00:00.000000000',
        '2025-05-30T11:00:00.000000000', '2025-05-30T23:00:00.000000000',
        '2025-05-31T11:00:00.000000000', '2025-05-31T23:00:00.000000000']],
      dtype='datetime64[ns]')
Coordinates:
  * forecast_period          (forecast_period) timedelta64[ns] 96B 00:00:00 ....
  * forecast_reference_time  (forecast_reference_time) datetime64[ns] 496B 20...
(12, 62)
<xarray.Dataset> Size: 10GB
Dimensions:                  (latitude: 451, longitude: 900, time: 744)
Coordinates:
  * latitude                 (latitude) float64 4kB 90.0 89.6 ... -89.6 -90.0
  * longitude                (longitude) float64 7kB 0.0 0.4 0.8 ... 359.2 359.6
  * time                     (time) datetime64[ns] 6kB 2025-05-01 ... 2025-05...
    forecast_reference_time  (time) datetime64[ns] 6kB 2025-05-01 ... 2025-05...
    forecast_period          (time) timedelta64[ns] 6kB 00:00:00 ... 11:00:00
    forecast_time            (time) datetime64[ns] 6kB 2025-05-01 ... 2025-05...
Data variables:
    AE_550to355              (latitude, longitude, time) float64 2GB 0.7956 ....
    ssa_aod_550_AE_550to355  (latitude, longitude, time) float64 2GB 0.002915...
    du_aod_550_AE_550to355   (latitude, longitude, time) float64 2GB 0.01572 ...
    du_om_aod_AE_550to355    (latitude, longitude, time) float64 2GB 0.03294 ...
['2025-05-01T00:00:00.000000000' '2025-05-01T01:00:00.000000000'
 '2025-05-01T02:00:00.000000000' '2025-05-01T03:00:00.000000000'
 '2025-05-01T04:00:00.000000000' '2025-05-01T05:00:00.000000000'
 '2025-05-01T06:00:00.000000000' '2025-05-01T07:00:00.000000000'
 '2025-05-01T08:00:00.000000000' '2025-05-01T09:00:00.000000000'
 '2025-05-01T10:00:00.000000000' '2025-05-01T11:00:00.000000000'
 '2025-05-01T12:00:00.000000000' '2025-05-01T13:00:00.000000000'
 '2025-05-01T14:00:00.000000000' '2025-05-01T15:00:00.000000000'
 '2025-05-01T16:00:00.000000000' '2025-05-01T17:00:00.000000000'
 '2025-05-01T18:00:00.000000000' '2025-05-01T19:00:00.000000000'
 '2025-05-01T20:00:00.000000000' '2025-05-01T21:00:00.000000000'
 '2025-05-01T22:00:00.000000000' '2025-05-01T23:00:00.000000000'
 '2025-05-02T00:00:00.000000000' '2025-05-02T01:00:00.000000000'
 '2025-05-02T02:00:00.000000000' '2025-05-02T03:00:00.000000000'
 '2025-05-02T04:00:00.000000000' '2025-05-02T05:00:00.000000000'
 '2025-05-02T06:00:00.000000000' '2025-05-02T07:00:00.000000000'
 '2025-05-02T08:00:00.000000000' '2025-05-02T09:00:00.000000000'
 '2025-05-02T10:00:00.000000000' '2025-05-02T11:00:00.000000000'
 '2025-05-02T12:00:00.000000000' '2025-05-02T13:00:00.000000000'
 '2025-05-02T14:00:00.000000000' '2025-05-02T15:00:00.000000000'
 '2025-05-02T16:00:00.000000000' '2025-05-02T17:00:00.000000000'
 '2025-05-02T18:00:00.000000000' '2025-05-02T19:00:00.000000000'
 '2025-05-02T20:00:00.000000000' '2025-05-02T21:00:00.000000000'
 '2025-05-02T22:00:00.000000000' '2025-05-02T23:00:00.000000000'
 '2025-05-03T00:00:00.000000000' '2025-05-03T01:00:00.000000000'
 '2025-05-03T02:00:00.000000000' '2025-05-03T03:00:00.000000000'
 '2025-05-03T04:00:00.000000000' '2025-05-03T05:00:00.000000000'
 '2025-05-03T06:00:00.000000000' '2025-05-03T07:00:00.000000000'
 '2025-05-03T08:00:00.000000000' '2025-05-03T09:00:00.000000000'
 '2025-05-03T10:00:00.000000000' '2025-05-03T11:00:00.000000000'
 '2025-05-03T12:00:00.000000000' '2025-05-03T13:00:00.000000000'
 '2025-05-03T14:00:00.000000000' '2025-05-03T15:00:00.000000000'
 '2025-05-03T16:00:00.000000000' '2025-05-03T17:00:00.000000000'
 '2025-05-03T18:00:00.000000000' '2025-05-03T19:00:00.000000000'
 '2025-05-03T20:00:00.000000000' '2025-05-03T21:00:00.000000000'
 '2025-05-03T22:00:00.000000000' '2025-05-03T23:00:00.000000000'
 '2025-05-04T00:00:00.000000000' '2025-05-04T01:00:00.000000000'
 '2025-05-04T02:00:00.000000000' '2025-05-04T03:00:00.000000000'
 '2025-05-04T04:00:00.000000000' '2025-05-04T05:00:00.000000000'
 '2025-05-04T06:00:00.000000000' '2025-05-04T07:00:00.000000000'
 '2025-05-04T08:00:00.000000000' '2025-05-04T09:00:00.000000000'
 '2025-05-04T10:00:00.000000000' '2025-05-04T11:00:00.000000000'
 '2025-05-04T12:00:00.000000000' '2025-05-04T13:00:00.000000000'
 '2025-05-04T14:00:00.000000000' '2025-05-04T15:00:00.000000000'
 '2025-05-04T16:00:00.000000000' '2025-05-04T17:00:00.000000000'
 '2025-05-04T18:00:00.000000000' '2025-05-04T19:00:00.000000000'
 '2025-05-04T20:00:00.000000000' '2025-05-04T21:00:00.000000000'
 '2025-05-04T22:00:00.000000000' '2025-05-04T23:00:00.000000000'
 '2025-05-05T00:00:00.000000000' '2025-05-05T01:00:00.000000000'
 '2025-05-05T02:00:00.000000000' '2025-05-05T03:00:00.000000000'
 '2025-05-05T04:00:00.000000000' '2025-05-05T05:00:00.000000000'
 '2025-05-05T06:00:00.000000000' '2025-05-05T07:00:00.000000000'
 '2025-05-05T08:00:00.000000000' '2025-05-05T09:00:00.000000000'
 '2025-05-05T10:00:00.000000000' '2025-05-05T11:00:00.000000000'
 '2025-05-05T12:00:00.000000000' '2025-05-05T13:00:00.000000000'
 '2025-05-05T14:00:00.000000000' '2025-05-05T15:00:00.000000000'
 '2025-05-05T16:00:00.000000000' '2025-05-05T17:00:00.000000000'
 '2025-05-05T18:00:00.000000000' '2025-05-05T19:00:00.000000000'
 '2025-05-05T20:00:00.000000000' '2025-05-05T21:00:00.000000000'
 '2025-05-05T22:00:00.000000000' '2025-05-05T23:00:00.000000000'
 '2025-05-06T00:00:00.000000000' '2025-05-06T01:00:00.000000000'
 '2025-05-06T02:00:00.000000000' '2025-05-06T03:00:00.000000000'
 '2025-05-06T04:00:00.000000000' '2025-05-06T05:00:00.000000000'
 '2025-05-06T06:00:00.000000000' '2025-05-06T07:00:00.000000000'
 '2025-05-06T08:00:00.000000000' '2025-05-06T09:00:00.000000000'
 '2025-05-06T10:00:00.000000000' '2025-05-06T11:00:00.000000000'
 '2025-05-06T12:00:00.000000000' '2025-05-06T13:00:00.000000000'
 '2025-05-06T14:00:00.000000000' '2025-05-06T15:00:00.000000000'
 '2025-05-06T16:00:00.000000000' '2025-05-06T17:00:00.000000000'
 '2025-05-06T18:00:00.000000000' '2025-05-06T19:00:00.000000000'
 '2025-05-06T20:00:00.000000000' '2025-05-06T21:00:00.000000000'
 '2025-05-06T22:00:00.000000000' '2025-05-06T23:00:00.000000000'
 '2025-05-07T00:00:00.000000000' '2025-05-07T01:00:00.000000000'
 '2025-05-07T02:00:00.000000000' '2025-05-07T03:00:00.000000000'
 '2025-05-07T04:00:00.000000000' '2025-05-07T05:00:00.000000000'
 '2025-05-07T06:00:00.000000000' '2025-05-07T07:00:00.000000000'
 '2025-05-07T08:00:00.000000000' '2025-05-07T09:00:00.000000000'
 '2025-05-07T10:00:00.000000000' '2025-05-07T11:00:00.000000000'
 '2025-05-07T12:00:00.000000000' '2025-05-07T13:00:00.000000000'
 '2025-05-07T14:00:00.000000000' '2025-05-07T15:00:00.000000000'
 '2025-05-07T16:00:00.000000000' '2025-05-07T17:00:00.000000000'
 '2025-05-07T18:00:00.000000000' '2025-05-07T19:00:00.000000000'
 '2025-05-07T20:00:00.000000000' '2025-05-07T21:00:00.000000000'
 '2025-05-07T22:00:00.000000000' '2025-05-07T23:00:00.000000000'
 '2025-05-08T00:00:00.000000000' '2025-05-08T01:00:00.000000000'
 '2025-05-08T02:00:00.000000000' '2025-05-08T03:00:00.000000000'
 '2025-05-08T04:00:00.000000000' '2025-05-08T05:00:00.000000000'
 '2025-05-08T06:00:00.000000000' '2025-05-08T07:00:00.000000000'
 '2025-05-08T08:00:00.000000000' '2025-05-08T09:00:00.000000000'
 '2025-05-08T10:00:00.000000000' '2025-05-08T11:00:00.000000000'
 '2025-05-08T12:00:00.000000000' '2025-05-08T13:00:00.000000000'
 '2025-05-08T14:00:00.000000000' '2025-05-08T15:00:00.000000000'
 '2025-05-08T16:00:00.000000000' '2025-05-08T17:00:00.000000000'
 '2025-05-08T18:00:00.000000000' '2025-05-08T19:00:00.000000000'
 '2025-05-08T20:00:00.000000000' '2025-05-08T21:00:00.000000000'
 '2025-05-08T22:00:00.000000000' '2025-05-08T23:00:00.000000000'
 '2025-05-09T00:00:00.000000000' '2025-05-09T01:00:00.000000000'
 '2025-05-09T02:00:00.000000000' '2025-05-09T03:00:00.000000000'
 '2025-05-09T04:00:00.000000000' '2025-05-09T05:00:00.000000000'
 '2025-05-09T06:00:00.000000000' '2025-05-09T07:00:00.000000000'
 '2025-05-09T08:00:00.000000000' '2025-05-09T09:00:00.000000000'
 '2025-05-09T10:00:00.000000000' '2025-05-09T11:00:00.000000000'
 '2025-05-09T12:00:00.000000000' '2025-05-09T13:00:00.000000000'
 '2025-05-09T14:00:00.000000000' '2025-05-09T15:00:00.000000000'
 '2025-05-09T16:00:00.000000000' '2025-05-09T17:00:00.000000000'
 '2025-05-09T18:00:00.000000000' '2025-05-09T19:00:00.000000000'
 '2025-05-09T20:00:00.000000000' '2025-05-09T21:00:00.000000000'
 '2025-05-09T22:00:00.000000000' '2025-05-09T23:00:00.000000000'
 '2025-05-10T00:00:00.000000000' '2025-05-10T01:00:00.000000000'
 '2025-05-10T02:00:00.000000000' '2025-05-10T03:00:00.000000000'
 '2025-05-10T04:00:00.000000000' '2025-05-10T05:00:00.000000000'
 '2025-05-10T06:00:00.000000000' '2025-05-10T07:00:00.000000000'
 '2025-05-10T08:00:00.000000000' '2025-05-10T09:00:00.000000000'
 '2025-05-10T10:00:00.000000000' '2025-05-10T11:00:00.000000000'
 '2025-05-10T12:00:00.000000000' '2025-05-10T13:00:00.000000000'
 '2025-05-10T14:00:00.000000000' '2025-05-10T15:00:00.000000000'
 '2025-05-10T16:00:00.000000000' '2025-05-10T17:00:00.000000000'
 '2025-05-10T18:00:00.000000000' '2025-05-10T19:00:00.000000000'
 '2025-05-10T20:00:00.000000000' '2025-05-10T21:00:00.000000000'
 '2025-05-10T22:00:00.000000000' '2025-05-10T23:00:00.000000000'
 '2025-05-11T00:00:00.000000000' '2025-05-11T01:00:00.000000000'
 '2025-05-11T02:00:00.000000000' '2025-05-11T03:00:00.000000000'
 '2025-05-11T04:00:00.000000000' '2025-05-11T05:00:00.000000000'
 '2025-05-11T06:00:00.000000000' '2025-05-11T07:00:00.000000000'
 '2025-05-11T08:00:00.000000000' '2025-05-11T09:00:00.000000000'
 '2025-05-11T10:00:00.000000000' '2025-05-11T11:00:00.000000000'
 '2025-05-11T12:00:00.000000000' '2025-05-11T13:00:00.000000000'
 '2025-05-11T14:00:00.000000000' '2025-05-11T15:00:00.000000000'
 '2025-05-11T16:00:00.000000000' '2025-05-11T17:00:00.000000000'
 '2025-05-11T18:00:00.000000000' '2025-05-11T19:00:00.000000000'
 '2025-05-11T20:00:00.000000000' '2025-05-11T21:00:00.000000000'
 '2025-05-11T22:00:00.000000000' '2025-05-11T23:00:00.000000000'
 '2025-05-12T00:00:00.000000000' '2025-05-12T01:00:00.000000000'
 '2025-05-12T02:00:00.000000000' '2025-05-12T03:00:00.000000000'
 '2025-05-12T04:00:00.000000000' '2025-05-12T05:00:00.000000000'
 '2025-05-12T06:00:00.000000000' '2025-05-12T07:00:00.000000000'
 '2025-05-12T08:00:00.000000000' '2025-05-12T09:00:00.000000000'
 '2025-05-12T10:00:00.000000000' '2025-05-12T11:00:00.000000000'
 '2025-05-12T12:00:00.000000000' '2025-05-12T13:00:00.000000000'
 '2025-05-12T14:00:00.000000000' '2025-05-12T15:00:00.000000000'
 '2025-05-12T16:00:00.000000000' '2025-05-12T17:00:00.000000000'
 '2025-05-12T18:00:00.000000000' '2025-05-12T19:00:00.000000000'
 '2025-05-12T20:00:00.000000000' '2025-05-12T21:00:00.000000000'
 '2025-05-12T22:00:00.000000000' '2025-05-12T23:00:00.000000000'
 '2025-05-13T00:00:00.000000000' '2025-05-13T01:00:00.000000000'
 '2025-05-13T02:00:00.000000000' '2025-05-13T03:00:00.000000000'
 '2025-05-13T04:00:00.000000000' '2025-05-13T05:00:00.000000000'
 '2025-05-13T06:00:00.000000000' '2025-05-13T07:00:00.000000000'
 '2025-05-13T08:00:00.000000000' '2025-05-13T09:00:00.000000000'
 '2025-05-13T10:00:00.000000000' '2025-05-13T11:00:00.000000000'
 '2025-05-13T12:00:00.000000000' '2025-05-13T13:00:00.000000000'
 '2025-05-13T14:00:00.000000000' '2025-05-13T15:00:00.000000000'
 '2025-05-13T16:00:00.000000000' '2025-05-13T17:00:00.000000000'
 '2025-05-13T18:00:00.000000000' '2025-05-13T19:00:00.000000000'
 '2025-05-13T20:00:00.000000000' '2025-05-13T21:00:00.000000000'
 '2025-05-13T22:00:00.000000000' '2025-05-13T23:00:00.000000000'
 '2025-05-14T00:00:00.000000000' '2025-05-14T01:00:00.000000000'
 '2025-05-14T02:00:00.000000000' '2025-05-14T03:00:00.000000000'
 '2025-05-14T04:00:00.000000000' '2025-05-14T05:00:00.000000000'
 '2025-05-14T06:00:00.000000000' '2025-05-14T07:00:00.000000000'
 '2025-05-14T08:00:00.000000000' '2025-05-14T09:00:00.000000000'
 '2025-05-14T10:00:00.000000000' '2025-05-14T11:00:00.000000000'
 '2025-05-14T12:00:00.000000000' '2025-05-14T13:00:00.000000000'
 '2025-05-14T14:00:00.000000000' '2025-05-14T15:00:00.000000000'
 '2025-05-14T16:00:00.000000000' '2025-05-14T17:00:00.000000000'
 '2025-05-14T18:00:00.000000000' '2025-05-14T19:00:00.000000000'
 '2025-05-14T20:00:00.000000000' '2025-05-14T21:00:00.000000000'
 '2025-05-14T22:00:00.000000000' '2025-05-14T23:00:00.000000000'
 '2025-05-15T00:00:00.000000000' '2025-05-15T01:00:00.000000000'
 '2025-05-15T02:00:00.000000000' '2025-05-15T03:00:00.000000000'
 '2025-05-15T04:00:00.000000000' '2025-05-15T05:00:00.000000000'
 '2025-05-15T06:00:00.000000000' '2025-05-15T07:00:00.000000000'
 '2025-05-15T08:00:00.000000000' '2025-05-15T09:00:00.000000000'
 '2025-05-15T10:00:00.000000000' '2025-05-15T11:00:00.000000000'
 '2025-05-15T12:00:00.000000000' '2025-05-15T13:00:00.000000000'
 '2025-05-15T14:00:00.000000000' '2025-05-15T15:00:00.000000000'
 '2025-05-15T16:00:00.000000000' '2025-05-15T17:00:00.000000000'
 '2025-05-15T18:00:00.000000000' '2025-05-15T19:00:00.000000000'
 '2025-05-15T20:00:00.000000000' '2025-05-15T21:00:00.000000000'
 '2025-05-15T22:00:00.000000000' '2025-05-15T23:00:00.000000000'
 '2025-05-16T00:00:00.000000000' '2025-05-16T01:00:00.000000000'
 '2025-05-16T02:00:00.000000000' '2025-05-16T03:00:00.000000000'
 '2025-05-16T04:00:00.000000000' '2025-05-16T05:00:00.000000000'
 '2025-05-16T06:00:00.000000000' '2025-05-16T07:00:00.000000000'
 '2025-05-16T08:00:00.000000000' '2025-05-16T09:00:00.000000000'
 '2025-05-16T10:00:00.000000000' '2025-05-16T11:00:00.000000000'
 '2025-05-16T12:00:00.000000000' '2025-05-16T13:00:00.000000000'
 '2025-05-16T14:00:00.000000000' '2025-05-16T15:00:00.000000000'
 '2025-05-16T16:00:00.000000000' '2025-05-16T17:00:00.000000000'
 '2025-05-16T18:00:00.000000000' '2025-05-16T19:00:00.000000000'
 '2025-05-16T20:00:00.000000000' '2025-05-16T21:00:00.000000000'
 '2025-05-16T22:00:00.000000000' '2025-05-16T23:00:00.000000000'
 '2025-05-17T00:00:00.000000000' '2025-05-17T01:00:00.000000000'
 '2025-05-17T02:00:00.000000000' '2025-05-17T03:00:00.000000000'
 '2025-05-17T04:00:00.000000000' '2025-05-17T05:00:00.000000000'
 '2025-05-17T06:00:00.000000000' '2025-05-17T07:00:00.000000000'
 '2025-05-17T08:00:00.000000000' '2025-05-17T09:00:00.000000000'
 '2025-05-17T10:00:00.000000000' '2025-05-17T11:00:00.000000000'
 '2025-05-17T12:00:00.000000000' '2025-05-17T13:00:00.000000000'
 '2025-05-17T14:00:00.000000000' '2025-05-17T15:00:00.000000000'
 '2025-05-17T16:00:00.000000000' '2025-05-17T17:00:00.000000000'
 '2025-05-17T18:00:00.000000000' '2025-05-17T19:00:00.000000000'
 '2025-05-17T20:00:00.000000000' '2025-05-17T21:00:00.000000000'
 '2025-05-17T22:00:00.000000000' '2025-05-17T23:00:00.000000000'
 '2025-05-18T00:00:00.000000000' '2025-05-18T01:00:00.000000000'
 '2025-05-18T02:00:00.000000000' '2025-05-18T03:00:00.000000000'
 '2025-05-18T04:00:00.000000000' '2025-05-18T05:00:00.000000000'
 '2025-05-18T06:00:00.000000000' '2025-05-18T07:00:00.000000000'
 '2025-05-18T08:00:00.000000000' '2025-05-18T09:00:00.000000000'
 '2025-05-18T10:00:00.000000000' '2025-05-18T11:00:00.000000000'
 '2025-05-18T12:00:00.000000000' '2025-05-18T13:00:00.000000000'
 '2025-05-18T14:00:00.000000000' '2025-05-18T15:00:00.000000000'
 '2025-05-18T16:00:00.000000000' '2025-05-18T17:00:00.000000000'
 '2025-05-18T18:00:00.000000000' '2025-05-18T19:00:00.000000000'
 '2025-05-18T20:00:00.000000000' '2025-05-18T21:00:00.000000000'
 '2025-05-18T22:00:00.000000000' '2025-05-18T23:00:00.000000000'
 '2025-05-19T00:00:00.000000000' '2025-05-19T01:00:00.000000000'
 '2025-05-19T02:00:00.000000000' '2025-05-19T03:00:00.000000000'
 '2025-05-19T04:00:00.000000000' '2025-05-19T05:00:00.000000000'
 '2025-05-19T06:00:00.000000000' '2025-05-19T07:00:00.000000000'
 '2025-05-19T08:00:00.000000000' '2025-05-19T09:00:00.000000000'
 '2025-05-19T10:00:00.000000000' '2025-05-19T11:00:00.000000000'
 '2025-05-19T12:00:00.000000000' '2025-05-19T13:00:00.000000000'
 '2025-05-19T14:00:00.000000000' '2025-05-19T15:00:00.000000000'
 '2025-05-19T16:00:00.000000000' '2025-05-19T17:00:00.000000000'
 '2025-05-19T18:00:00.000000000' '2025-05-19T19:00:00.000000000'
 '2025-05-19T20:00:00.000000000' '2025-05-19T21:00:00.000000000'
 '2025-05-19T22:00:00.000000000' '2025-05-19T23:00:00.000000000'
 '2025-05-20T00:00:00.000000000' '2025-05-20T01:00:00.000000000'
 '2025-05-20T02:00:00.000000000' '2025-05-20T03:00:00.000000000'
 '2025-05-20T04:00:00.000000000' '2025-05-20T05:00:00.000000000'
 '2025-05-20T06:00:00.000000000' '2025-05-20T07:00:00.000000000'
 '2025-05-20T08:00:00.000000000' '2025-05-20T09:00:00.000000000'
 '2025-05-20T10:00:00.000000000' '2025-05-20T11:00:00.000000000'
 '2025-05-20T12:00:00.000000000' '2025-05-20T13:00:00.000000000'
 '2025-05-20T14:00:00.000000000' '2025-05-20T15:00:00.000000000'
 '2025-05-20T16:00:00.000000000' '2025-05-20T17:00:00.000000000'
 '2025-05-20T18:00:00.000000000' '2025-05-20T19:00:00.000000000'
 '2025-05-20T20:00:00.000000000' '2025-05-20T21:00:00.000000000'
 '2025-05-20T22:00:00.000000000' '2025-05-20T23:00:00.000000000'
 '2025-05-21T00:00:00.000000000' '2025-05-21T01:00:00.000000000'
 '2025-05-21T02:00:00.000000000' '2025-05-21T03:00:00.000000000'
 '2025-05-21T04:00:00.000000000' '2025-05-21T05:00:00.000000000'
 '2025-05-21T06:00:00.000000000' '2025-05-21T07:00:00.000000000'
 '2025-05-21T08:00:00.000000000' '2025-05-21T09:00:00.000000000'
 '2025-05-21T10:00:00.000000000' '2025-05-21T11:00:00.000000000'
 '2025-05-21T12:00:00.000000000' '2025-05-21T13:00:00.000000000'
 '2025-05-21T14:00:00.000000000' '2025-05-21T15:00:00.000000000'
 '2025-05-21T16:00:00.000000000' '2025-05-21T17:00:00.000000000'
 '2025-05-21T18:00:00.000000000' '2025-05-21T19:00:00.000000000'
 '2025-05-21T20:00:00.000000000' '2025-05-21T21:00:00.000000000'
 '2025-05-21T22:00:00.000000000' '2025-05-21T23:00:00.000000000'
 '2025-05-22T00:00:00.000000000' '2025-05-22T01:00:00.000000000'
 '2025-05-22T02:00:00.000000000' '2025-05-22T03:00:00.000000000'
 '2025-05-22T04:00:00.000000000' '2025-05-22T05:00:00.000000000'
 '2025-05-22T06:00:00.000000000' '2025-05-22T07:00:00.000000000'
 '2025-05-22T08:00:00.000000000' '2025-05-22T09:00:00.000000000'
 '2025-05-22T10:00:00.000000000' '2025-05-22T11:00:00.000000000'
 '2025-05-22T12:00:00.000000000' '2025-05-22T13:00:00.000000000'
 '2025-05-22T14:00:00.000000000' '2025-05-22T15:00:00.000000000'
 '2025-05-22T16:00:00.000000000' '2025-05-22T17:00:00.000000000'
 '2025-05-22T18:00:00.000000000' '2025-05-22T19:00:00.000000000'
 '2025-05-22T20:00:00.000000000' '2025-05-22T21:00:00.000000000'
 '2025-05-22T22:00:00.000000000' '2025-05-22T23:00:00.000000000'
 '2025-05-23T00:00:00.000000000' '2025-05-23T01:00:00.000000000'
 '2025-05-23T02:00:00.000000000' '2025-05-23T03:00:00.000000000'
 '2025-05-23T04:00:00.000000000' '2025-05-23T05:00:00.000000000'
 '2025-05-23T06:00:00.000000000' '2025-05-23T07:00:00.000000000'
 '2025-05-23T08:00:00.000000000' '2025-05-23T09:00:00.000000000'
 '2025-05-23T10:00:00.000000000' '2025-05-23T11:00:00.000000000'
 '2025-05-23T12:00:00.000000000' '2025-05-23T13:00:00.000000000'
 '2025-05-23T14:00:00.000000000' '2025-05-23T15:00:00.000000000'
 '2025-05-23T16:00:00.000000000' '2025-05-23T17:00:00.000000000'
 '2025-05-23T18:00:00.000000000' '2025-05-23T19:00:00.000000000'
 '2025-05-23T20:00:00.000000000' '2025-05-23T21:00:00.000000000'
 '2025-05-23T22:00:00.000000000' '2025-05-23T23:00:00.000000000'
 '2025-05-24T00:00:00.000000000' '2025-05-24T01:00:00.000000000'
 '2025-05-24T02:00:00.000000000' '2025-05-24T03:00:00.000000000'
 '2025-05-24T04:00:00.000000000' '2025-05-24T05:00:00.000000000'
 '2025-05-24T06:00:00.000000000' '2025-05-24T07:00:00.000000000'
 '2025-05-24T08:00:00.000000000' '2025-05-24T09:00:00.000000000'
 '2025-05-24T10:00:00.000000000' '2025-05-24T11:00:00.000000000'
 '2025-05-24T12:00:00.000000000' '2025-05-24T13:00:00.000000000'
 '2025-05-24T14:00:00.000000000' '2025-05-24T15:00:00.000000000'
 '2025-05-24T16:00:00.000000000' '2025-05-24T17:00:00.000000000'
 '2025-05-24T18:00:00.000000000' '2025-05-24T19:00:00.000000000'
 '2025-05-24T20:00:00.000000000' '2025-05-24T21:00:00.000000000'
 '2025-05-24T22:00:00.000000000' '2025-05-24T23:00:00.000000000'
 '2025-05-25T00:00:00.000000000' '2025-05-25T01:00:00.000000000'
 '2025-05-25T02:00:00.000000000' '2025-05-25T03:00:00.000000000'
 '2025-05-25T04:00:00.000000000' '2025-05-25T05:00:00.000000000'
 '2025-05-25T06:00:00.000000000' '2025-05-25T07:00:00.000000000'
 '2025-05-25T08:00:00.000000000' '2025-05-25T09:00:00.000000000'
 '2025-05-25T10:00:00.000000000' '2025-05-25T11:00:00.000000000'
 '2025-05-25T12:00:00.000000000' '2025-05-25T13:00:00.000000000'
 '2025-05-25T14:00:00.000000000' '2025-05-25T15:00:00.000000000'
 '2025-05-25T16:00:00.000000000' '2025-05-25T17:00:00.000000000'
 '2025-05-25T18:00:00.000000000' '2025-05-25T19:00:00.000000000'
 '2025-05-25T20:00:00.000000000' '2025-05-25T21:00:00.000000000'
 '2025-05-25T22:00:00.000000000' '2025-05-25T23:00:00.000000000'
 '2025-05-26T00:00:00.000000000' '2025-05-26T01:00:00.000000000'
 '2025-05-26T02:00:00.000000000' '2025-05-26T03:00:00.000000000'
 '2025-05-26T04:00:00.000000000' '2025-05-26T05:00:00.000000000'
 '2025-05-26T06:00:00.000000000' '2025-05-26T07:00:00.000000000'
 '2025-05-26T08:00:00.000000000' '2025-05-26T09:00:00.000000000'
 '2025-05-26T10:00:00.000000000' '2025-05-26T11:00:00.000000000'
 '2025-05-26T12:00:00.000000000' '2025-05-26T13:00:00.000000000'
 '2025-05-26T14:00:00.000000000' '2025-05-26T15:00:00.000000000'
 '2025-05-26T16:00:00.000000000' '2025-05-26T17:00:00.000000000'
 '2025-05-26T18:00:00.000000000' '2025-05-26T19:00:00.000000000'
 '2025-05-26T20:00:00.000000000' '2025-05-26T21:00:00.000000000'
 '2025-05-26T22:00:00.000000000' '2025-05-26T23:00:00.000000000'
 '2025-05-27T00:00:00.000000000' '2025-05-27T01:00:00.000000000'
 '2025-05-27T02:00:00.000000000' '2025-05-27T03:00:00.000000000'
 '2025-05-27T04:00:00.000000000' '2025-05-27T05:00:00.000000000'
 '2025-05-27T06:00:00.000000000' '2025-05-27T07:00:00.000000000'
 '2025-05-27T08:00:00.000000000' '2025-05-27T09:00:00.000000000'
 '2025-05-27T10:00:00.000000000' '2025-05-27T11:00:00.000000000'
 '2025-05-27T12:00:00.000000000' '2025-05-27T13:00:00.000000000'
 '2025-05-27T14:00:00.000000000' '2025-05-27T15:00:00.000000000'
 '2025-05-27T16:00:00.000000000' '2025-05-27T17:00:00.000000000'
 '2025-05-27T18:00:00.000000000' '2025-05-27T19:00:00.000000000'
 '2025-05-27T20:00:00.000000000' '2025-05-27T21:00:00.000000000'
 '2025-05-27T22:00:00.000000000' '2025-05-27T23:00:00.000000000'
 '2025-05-28T00:00:00.000000000' '2025-05-28T01:00:00.000000000'
 '2025-05-28T02:00:00.000000000' '2025-05-28T03:00:00.000000000'
 '2025-05-28T04:00:00.000000000' '2025-05-28T05:00:00.000000000'
 '2025-05-28T06:00:00.000000000' '2025-05-28T07:00:00.000000000'
 '2025-05-28T08:00:00.000000000' '2025-05-28T09:00:00.000000000'
 '2025-05-28T10:00:00.000000000' '2025-05-28T11:00:00.000000000'
 '2025-05-28T12:00:00.000000000' '2025-05-28T13:00:00.000000000'
 '2025-05-28T14:00:00.000000000' '2025-05-28T15:00:00.000000000'
 '2025-05-28T16:00:00.000000000' '2025-05-28T17:00:00.000000000'
 '2025-05-28T18:00:00.000000000' '2025-05-28T19:00:00.000000000'
 '2025-05-28T20:00:00.000000000' '2025-05-28T21:00:00.000000000'
 '2025-05-28T22:00:00.000000000' '2025-05-28T23:00:00.000000000'
 '2025-05-29T00:00:00.000000000' '2025-05-29T01:00:00.000000000'
 '2025-05-29T02:00:00.000000000' '2025-05-29T03:00:00.000000000'
 '2025-05-29T04:00:00.000000000' '2025-05-29T05:00:00.000000000'
 '2025-05-29T06:00:00.000000000' '2025-05-29T07:00:00.000000000'
 '2025-05-29T08:00:00.000000000' '2025-05-29T09:00:00.000000000'
 '2025-05-29T10:00:00.000000000' '2025-05-29T11:00:00.000000000'
 '2025-05-29T12:00:00.000000000' '2025-05-29T13:00:00.000000000'
 '2025-05-29T14:00:00.000000000' '2025-05-29T15:00:00.000000000'
 '2025-05-29T16:00:00.000000000' '2025-05-29T17:00:00.000000000'
 '2025-05-29T18:00:00.000000000' '2025-05-29T19:00:00.000000000'
 '2025-05-29T20:00:00.000000000' '2025-05-29T21:00:00.000000000'
 '2025-05-29T22:00:00.000000000' '2025-05-29T23:00:00.000000000'
 '2025-05-30T00:00:00.000000000' '2025-05-30T01:00:00.000000000'
 '2025-05-30T02:00:00.000000000' '2025-05-30T03:00:00.000000000'
 '2025-05-30T04:00:00.000000000' '2025-05-30T05:00:00.000000000'
 '2025-05-30T06:00:00.000000000' '2025-05-30T07:00:00.000000000'
 '2025-05-30T08:00:00.000000000' '2025-05-30T09:00:00.000000000'
 '2025-05-30T10:00:00.000000000' '2025-05-30T11:00:00.000000000'
 '2025-05-30T12:00:00.000000000' '2025-05-30T13:00:00.000000000'
 '2025-05-30T14:00:00.000000000' '2025-05-30T15:00:00.000000000'
 '2025-05-30T16:00:00.000000000' '2025-05-30T17:00:00.000000000'
 '2025-05-30T18:00:00.000000000' '2025-05-30T19:00:00.000000000'
 '2025-05-30T20:00:00.000000000' '2025-05-30T21:00:00.000000000'
 '2025-05-30T22:00:00.000000000' '2025-05-30T23:00:00.000000000'
 '2025-05-31T00:00:00.000000000' '2025-05-31T01:00:00.000000000'
 '2025-05-31T02:00:00.000000000' '2025-05-31T03:00:00.000000000'
 '2025-05-31T04:00:00.000000000' '2025-05-31T05:00:00.000000000'
 '2025-05-31T06:00:00.000000000' '2025-05-31T07:00:00.000000000'
 '2025-05-31T08:00:00.000000000' '2025-05-31T09:00:00.000000000'
 '2025-05-31T10:00:00.000000000' '2025-05-31T11:00:00.000000000'
 '2025-05-31T12:00:00.000000000' '2025-05-31T13:00:00.000000000'
 '2025-05-31T14:00:00.000000000' '2025-05-31T15:00:00.000000000'
 '2025-05-31T16:00:00.000000000' '2025-05-31T17:00:00.000000000'
 '2025-05-31T18:00:00.000000000' '2025-05-31T19:00:00.000000000'
 '2025-05-31T20:00:00.000000000' '2025-05-31T21:00:00.000000000'
 '2025-05-31T22:00:00.000000000' '2025-05-31T23:00:00.000000000']
cams_aod_ ssa (451, 900, 248)
lwc_cams.shape (4, 62, 451, 900)
(4, 62)
valid_time_flat.shape,lwc_flat.shape (248,) (248, 451, 900)
(451, 900, 248)
lwc_final.shape (451, 900, 248) cams_aod.shape (451, 900, 248)
(451, 900, 248)
(451, 900, 248)
<xarray.Dataset> Size: 805MB
Dimensions:     (latitude: 451, longitude: 900, timeN: 248)
Coordinates:
  * latitude    (latitude) float64 4kB 90.0 89.6 89.2 88.8 ... -89.2 -89.6 -90.0
  * longitude   (longitude) float64 7kB 0.0 0.4 0.8 1.2 ... -1.6 -1.2 -0.8 -0.4
  * timeN       (timeN) datetime64[ns] 2kB 2025-05-01 ... 2025-05-31T21:00:00
Data variables:
    aod355_ssa  (latitude, longitude, timeN) float64 805MB 0.002915 ... 0.003436
longitude <xarray.DataArray 'longitude' (longitude: 900)> Size: 7kB
array([ 0. ,  0.4,  0.8, ..., -1.2, -0.8, -0.4])
Coordinates:
  * longitude  (longitude) float64 7kB 0.0 0.4 0.8 1.2 ... -1.6 -1.2 -0.8 -0.4
True
True
True
Selecting frame from 99 to 5044
Selecting frame from 99 to 4746
Selecting frame from 99 to 4746
Selecting frame from 99 to 5044
Selecting frame from 99 to 5044
Selecting frame from 96 to 4964
Selecting frame from 96 to 4964
Selecting frame from 99 to 5060
Selecting frame from 99 to 5060
Selecting frame from 97 to 4766
Selecting frame from 97 to 4766
Selecting frame from 97 to 5059
Selecting frame from 97 to 5059
Selecting frame from 96 to 4965
Selecting frame from 96 to 4965
Selecting frame from 99 to 5045
Selecting frame from 99 to 5045
Selecting frame from 98 to 4746
Selecting frame from 98 to 4746
Selecting frame from 97 to 5042
Selecting frame from 97 to 5042
Selecting frame from 99 to 4966
Selecting frame from 99 to 4966
Selecting frame from 96 to 5057
Selecting frame from 96 to 5057
Selecting frame from 99 to 4769
Selecting frame from 99 to 4769
Selecting frame from 99 to 5061
Selecting frame from 99 to 5061
Selecting frame from 99 to 4968
Selecting frame from 99 to 4968
Selecting frame from 98 to 5044
Selecting frame from 98 to 5044
Selecting frame from 99 to 4747
Selecting frame from 99 to 4747
Selecting frame from 99 to 5044
Selecting frame from 99 to 5044
Selecting frame from 98 to 4966
Selecting frame from 98 to 4966
Selecting frame from 100 to 5061
Selecting frame from 100 to 5061
Selecting frame from 99 to 4768
Selecting frame from 99 to 4768
Selecting frame from 99 to 5061
Selecting frame from 99 to 5061
Selecting frame from 99 to 4968
Selecting frame from 99 to 4968
Selecting frame from 96 to 5043
Selecting frame from 96 to 5043
Selecting frame from 99 to 4746
Selecting frame from 99 to 4746
Selecting frame from 99 to 5044
Selecting frame from 99 to 5044
Selecting frame from 96 to 4964
Selecting frame from 96 to 4964
Selecting frame from 99 to 5060
Selecting frame from 99 to 5060
Selecting frame from 97 to 4766
Selecting frame from 97 to 4766
Selecting frame from 97 to 5059
Selecting frame from 97 to 5059
Selecting frame from 96 to 4965
Selecting frame from 96 to 4965
Selecting frame from 98 to 5044
Selecting frame from 98 to 5044
Selecting frame from 98 to 4746
Selecting frame from 98 to 4746
Selecting frame from 98 to 5043
Selecting frame from 98 to 5043
Selecting frame from 99 to 4967
Selecting frame from 99 to 4967
Selecting frame from 97 to 5058
Selecting frame from 97 to 5058
Selecting frame from 99 to 4768
Selecting frame from 99 to 4768
Selecting frame from 99 to 5061
Selecting frame from 99 to 5061
Selecting frame from 99 to 4968
Selecting frame from 99 to 4968
Selecting frame from 98 to 5044
Selecting frame from 98 to 5044
Selecting frame from 99 to 4746
Selecting frame from 99 to 4746
Selecting frame from 99 to 5044
Selecting frame from 99 to 5044
Selecting frame from 97 to 4965
Selecting frame from 97 to 4965
Selecting frame from 99 to 5060
Selecting frame from 99 to 5060
Selecting frame from 99 to 4768
Selecting frame from 99 to 4768
Selecting frame from 99 to 5061
Selecting frame from 99 to 5061
Selecting frame from 98 to 4968
Selecting frame from 98 to 4968
Selecting frame from 99 to 5044
Selecting frame from 99 to 5044
Selecting frame from 99 to 4746
Selecting frame from 99 to 4746
Selecting frame from 98 to 5043
Selecting frame from 98 to 5043
Selecting frame from 98 to 4966
Selecting frame from 98 to 4966
Selecting frame from 98 to 5059
Selecting frame from 98 to 5059
Selecting frame from 95 to 4764
Selecting frame from 95 to 4764
Selecting frame from 99 to 5061
Selecting frame from 99 to 5061
Selecting frame from 98 to 4967
Selecting frame from 98 to 4967
Selecting frame from 99 to 5045
Selecting frame from 99 to 5045
Selecting frame from 95 to 4742
Selecting frame from 95 to 4742
Selecting frame from 99 to 5044
Selecting frame from 99 to 5044
Selecting frame from 98 to 4965
Selecting frame from 98 to 4965
Selecting frame from 99 to 5061
Selecting frame from 99 to 5061
Selecting frame from 99 to 4768
Selecting frame from 99 to 4768
Selecting frame from 99 to 5061
Selecting frame from 99 to 5061
Selecting frame from 98 to 4967
Selecting frame from 98 to 4967
Selecting frame from 95 to 5041
Selecting frame from 95 to 5041
Selecting frame from 99 to 4746
Selecting frame from 99 to 4746
Selecting frame from 99 to 4967
Selecting frame from 99 to 4967
Selecting frame from 99 to 5061
Selecting frame from 99 to 5061
Selecting frame from 99 to 4768
Selecting frame from 99 to 4768
Selecting frame from 99 to 5060
Selecting frame from 99 to 5060
Selecting frame from 99 to 4968
Selecting frame from 99 to 4968
Selecting frame from 96 to 5041
Selecting frame from 96 to 5041
Selecting frame from 99 to 4746
Selecting frame from 99 to 4746
Selecting frame from 98 to 5043
Selecting frame from 98 to 5043
Selecting frame from 99 to 4967
Selecting frame from 99 to 4967
Selecting frame from 98 to 5060
Selecting frame from 98 to 5060
Selecting frame from 97 to 4765
Selecting frame from 97 to 4765
Selecting frame from 95 to 5057
Selecting frame from 95 to 5057
Selecting frame from 99 to 4967
Selecting frame from 99 to 4967
Selecting frame from 98 to 5044
Selecting frame from 98 to 5044
Selecting frame from 99 to 4746
Selecting frame from 99 to 4746
Selecting frame from 99 to 5044
Selecting frame from 99 to 5044
Selecting frame from 97 to 4964
Selecting frame from 97 to 4964
Selecting frame from 99 to 5061
Selecting frame from 99 to 5061
Selecting frame from 99 to 4768
Selecting frame from 99 to 4768
Selecting frame from 98 to 5059
Selecting frame from 98 to 5059
Selecting frame from 96 to 4965
Selecting frame from 96 to 4965
Selecting frame from 99 to 5044
Selecting frame from 99 to 5044
Selecting frame from 97 to 4744
Selecting frame from 97 to 4744
Selecting frame from 95 to 5040
Selecting frame from 95 to 5040
Selecting frame from 99 to 4967
Selecting frame from 99 to 4967
Selecting frame from 99 to 5060
Selecting frame from 99 to 5060
Selecting frame from 99 to 4767
Selecting frame from 99 to 4767
Selecting frame from 99 to 5061
Selecting frame from 99 to 5061
Selecting frame from 98 to 4967
Selecting frame from 98 to 4967
Selecting frame from 99 to 5044
Selecting frame from 99 to 5044
Selecting frame from 99 to 4746
Selecting frame from 99 to 4746
Selecting frame from 97 to 5042
Selecting frame from 97 to 5042
Selecting frame from 99 to 4966
Selecting frame from 99 to 4966
Selecting frame from 96 to 5058
Selecting frame from 96 to 5058
Selecting frame from 99 to 4767
Selecting frame from 99 to 4767
Selecting frame from 99 to 5061
Selecting frame from 99 to 5061
Selecting frame from 99 to 4968
Selecting frame from 99 to 4968
Selecting frame from 97 to 5043
Selecting frame from 97 to 5043
Selecting frame from 99 to 4746
Selecting frame from 99 to 4746
Selecting frame from 99 to 5044
Selecting frame from 99 to 5044
Selecting frame from 96 to 4963
Selecting frame from 96 to 4963
Selecting frame from 99 to 5060
Selecting frame from 99 to 5060
Selecting frame from 96 to 4765
Selecting frame from 96 to 4765
Selecting frame from 96 to 5058
Selecting frame from 96 to 5058
Selecting frame from 95 to 4964
Selecting frame from 95 to 4964
Selecting frame from 99 to 5045
Selecting frame from 99 to 5045
Selecting frame from 97 to 4744
Selecting frame from 97 to 4744
Selecting frame from 96 to 5041
Selecting frame from 96 to 5041
Selecting frame from 99 to 4966
Selecting frame from 99 to 4966
Selecting frame from 99 to 5061
Selecting frame from 99 to 5061
Selecting frame from 99 to 4768
Selecting frame from 99 to 4768
Selecting frame from 99 to 5061
Selecting frame from 99 to 5061
Selecting frame from 99 to 4967
Selecting frame from 99 to 4967
Selecting frame from 99 to 5045
Selecting frame from 99 to 5045
Selecting frame from 99 to 4747
Selecting frame from 99 to 4747
Selecting frame from 99 to 5043
Selecting frame from 99 to 5043
Selecting frame from 99 to 4967
Selecting frame from 99 to 4967
Selecting frame from 98 to 5059
Selecting frame from 98 to 5059
Selecting frame from 99 to 4768
Selecting frame from 99 to 4768
Selecting frame from 99 to 5061
Selecting frame from 99 to 5061
Selecting frame from 99 to 4967
Selecting frame from 99 to 4967
Selecting frame from 98 to 5044
Selecting frame from 98 to 5044
Selecting frame from 99 to 4746
Selecting frame from 99 to 4746
Selecting frame from 99 to 5044
Selecting frame from 99 to 5044
Selecting frame from 97 to 4965
Selecting frame from 97 to 4965
Selecting frame from 99 to 5060
Selecting frame from 99 to 5060
Selecting frame from 99 to 4767
Selecting frame from 99 to 4767
Selecting frame from 97 to 5059
Selecting frame from 97 to 5059
Selecting frame from 97 to 4966
Selecting frame from 97 to 4966
Selecting frame from 99 to 5045
Selecting frame from 99 to 5045
Selecting frame from 98 to 4744
Selecting frame from 98 to 4744
Selecting frame from 96 to 5041
Selecting frame from 96 to 5041
Selecting frame from 99 to 4967
Selecting frame from 99 to 4967
Selecting frame from 99 to 5060
Selecting frame from 99 to 5060
Selecting frame from 99 to 4767
Selecting frame from 99 to 4767
Selecting frame from 99 to 5061
Selecting frame from 99 to 5061
Selecting frame from 98 to 4967
Selecting frame from 98 to 4967
Selecting frame from 99 to 5045
Selecting frame from 99 to 5045
Selecting frame from 99 to 4745
Selecting frame from 99 to 4745
Selecting frame from 98 to 5043
Selecting frame from 98 to 5043
Selecting frame from 99 to 4966
Selecting frame from 99 to 4966
Selecting frame from 96 to 5058
Selecting frame from 96 to 5058
Selecting frame from 99 to 4767
Selecting frame from 99 to 4767
Selecting frame from 99 to 5061
Selecting frame from 99 to 5061
Selecting frame from 99 to 4968
Selecting frame from 99 to 4968
Selecting frame from 97 to 5043
Selecting frame from 97 to 5043
Selecting frame from 99 to 4745
Selecting frame from 99 to 4745
Selecting frame from 99 to 5044
Selecting frame from 99 to 5044
Selecting frame from 99 to 4966
Selecting frame from 99 to 4966
Selecting frame from 98 to 5059
Selecting frame from 98 to 5059
Selecting frame from 99 to 4768
Selecting frame from 99 to 4768
Selecting frame from 99 to 5061
Selecting frame from 99 to 5061
Selecting frame from 99 to 4968
Selecting frame from 99 to 4968
Selecting frame from 99 to 5045
Selecting frame from 99 to 5045
Selecting frame from 99 to 4745
Selecting frame from 99 to 4745
Selecting frame from 98 to 5043
Selecting frame from 98 to 5043
Selecting frame from 97 to 4964
Selecting frame from 97 to 4964
Selecting frame from 99 to 5060
Selecting frame from 99 to 5060
Selecting frame from 98 to 4767
Selecting frame from 98 to 4767
Selecting frame from 97 to 5059
Selecting frame from 97 to 5059
Selecting frame from 96 to 4965
Selecting frame from 96 to 4965
Selecting frame from 99 to 5045
Selecting frame from 99 to 5045
Selecting frame from 98 to 4745
Selecting frame from 98 to 4745
Selecting frame from 96 to 5040
Selecting frame from 96 to 5040
Selecting frame from 98 to 4966
Selecting frame from 98 to 4966
Selecting frame from 99 to 5060
Selecting frame from 99 to 5060
Selecting frame from 99 to 4768
Selecting frame from 99 to 4768
Selecting frame from 99 to 5061
Selecting frame from 99 to 5061
Selecting frame from 99 to 4967
Selecting frame from 99 to 4967
Selecting frame from 99 to 5045
Selecting frame from 99 to 5045
Selecting frame from 99 to 4746
Selecting frame from 99 to 4746
Selecting frame from 99 to 5044
Selecting frame from 99 to 5044
Selecting frame from 99 to 4967
Selecting frame from 99 to 4967
Selecting frame from 98 to 5059
Selecting frame from 98 to 5059
Selecting frame from 96 to 4765
Selecting frame from 96 to 4765
Selecting frame from 95 to 5057
Selecting frame from 95 to 5057
Selecting frame from 99 to 4967
Selecting frame from 99 to 4967
Selecting frame from 98 to 5044
Selecting frame from 98 to 5044
Selecting frame from 99 to 4746
Selecting frame from 99 to 4746
Selecting frame from 99 to 5061
Selecting frame from 99 to 5061
Selecting frame from 99 to 4968
Selecting frame from 99 to 4968
Selecting frame from 98 to 5044
Selecting frame from 98 to 5044
Selecting frame from 99 to 4746
Selecting frame from 99 to 4746
Selecting frame from 99 to 5044
Selecting frame from 99 to 5044
Selecting frame from 98 to 4966
Selecting frame from 98 to 4966
Selecting frame from 99 to 5060
Selecting frame from 99 to 5060
Selecting frame from 99 to 4768
Selecting frame from 99 to 4768
Selecting frame from 99 to 5061
Selecting frame from 99 to 5061
Selecting frame from 98 to 4967
Selecting frame from 98 to 4967
Selecting frame from 99 to 5044
Selecting frame from 99 to 5044
Selecting frame from 98 to 4746
Selecting frame from 98 to 4746
Selecting frame from 98 to 5042
Selecting frame from 98 to 5042
Selecting frame from 98 to 4966
Selecting frame from 98 to 4966
Selecting frame from 96 to 5058
Selecting frame from 96 to 5058
Selecting frame from 99 to 4767
Selecting frame from 99 to 4767
Selecting frame from 99 to 5061
Selecting frame from 99 to 5061
Selecting frame from 99 to 4968
Selecting frame from 99 to 4968
Selecting frame from 97 to 5043
Selecting frame from 97 to 5043
Selecting frame from 99 to 4746
Selecting frame from 99 to 4746
Selecting frame from 99 to 5044
Selecting frame from 99 to 5044
Selecting frame from 97 to 4964
Selecting frame from 97 to 4964
Selecting frame from 99 to 5061
Selecting frame from 99 to 5061
Selecting frame from 98 to 4766
Selecting frame from 98 to 4766
Selecting frame from 97 to 5060
Selecting frame from 97 to 5060
Selecting frame from 97 to 4966
Selecting frame from 97 to 4966
Selecting frame from 99 to 5045
Selecting frame from 99 to 5045
Selecting frame from 98 to 4744
Selecting frame from 98 to 4744
Selecting frame from 96 to 5041
Selecting frame from 96 to 5041
Selecting frame from 99 to 4966
Selecting frame from 99 to 4966
Selecting frame from 98 to 5060
Selecting frame from 98 to 5060
Selecting frame from 99 to 4768
Selecting frame from 99 to 4768
Selecting frame from 99 to 5061
Selecting frame from 99 to 5061
Selecting frame from 99 to 4968
Selecting frame from 99 to 4968
Selecting frame from 97 to 5043
Selecting frame from 97 to 5043
Selecting frame from 99 to 4746
Selecting frame from 99 to 4746
Selecting frame from 99 to 5044
Selecting frame from 99 to 5044
Selecting frame from 96 to 4964
Selecting frame from 96 to 4964
Selecting frame from 99 to 5060
Selecting frame from 99 to 5060
Selecting frame from 98 to 4767
Selecting frame from 98 to 4767
Selecting frame from 97 to 5059
Selecting frame from 97 to 5059
Selecting frame from 96 to 4965
Selecting frame from 96 to 4965
Selecting frame from 99 to 5045
Selecting frame from 99 to 5045
Selecting frame from 98 to 4745
Selecting frame from 98 to 4745
Selecting frame from 97 to 5042
Selecting frame from 97 to 5042
Selecting frame from 99 to 4967
Selecting frame from 99 to 4967
Selecting frame from 96 to 5057
Selecting frame from 96 to 5057
Selecting frame from 99 to 4768
Selecting frame from 99 to 4768
Selecting frame from 99 to 5062
Selecting frame from 99 to 5062
Selecting frame from 99 to 4967
Selecting frame from 99 to 4967
Selecting frame from 97 to 5043
Selecting frame from 97 to 5043
Selecting frame from 99 to 4746
Selecting frame from 99 to 4746
Selecting frame from 99 to 5044
Selecting frame from 99 to 5044
Selecting frame from 97 to 4965
Selecting frame from 97 to 4965
Selecting frame from 99 to 5061
Selecting frame from 99 to 5061
Selecting frame from 99 to 4768
Selecting frame from 99 to 4768
Selecting frame from 99 to 5061
Selecting frame from 99 to 5061
Selecting frame from 98 to 4966
Selecting frame from 98 to 4966
Selecting frame from 98 to 5044
Selecting frame from 98 to 5044
Selecting frame from 98 to 4745
Selecting frame from 98 to 4745
Selecting frame from 97 to 5042
Selecting frame from 97 to 5042
Selecting frame from 99 to 4967
Selecting frame from 99 to 4967
Selecting frame from 97 to 5059
Selecting frame from 97 to 5059
Selecting frame from 96 to 4765
Selecting frame from 96 to 4765
Selecting frame from 99 to 5061
Selecting frame from 99 to 5061
Selecting frame from 99 to 4967
Selecting frame from 99 to 4967
Selecting frame from 98 to 5044
Selecting frame from 98 to 5044
Selecting frame from 99 to 4746
Selecting frame from 99 to 4746
Selecting frame from 99 to 5044
Selecting frame from 99 to 5044
Selecting frame from 97 to 4965
Selecting frame from 97 to 4965
Selecting frame from 99 to 5061
Selecting frame from 99 to 5061
Selecting frame from 99 to 4767
Selecting frame from 99 to 4767
Selecting frame from 98 to 5060
Selecting frame from 98 to 5060
Selecting frame from 97 to 4966
Selecting frame from 97 to 4966
Selecting frame from 99 to 5044
Selecting frame from 99 to 5044
Selecting frame from 98 to 4745
Selecting frame from 98 to 4745
Selecting frame from 97 to 5043
Selecting frame from 97 to 5043
Selecting frame from 99 to 4967
Selecting frame from 99 to 4967
Selecting frame from 97 to 5058
Selecting frame from 97 to 5058
Selecting frame from 99 to 4768
Selecting frame from 99 to 4768
Selecting frame from 99 to 5061
Selecting frame from 99 to 5061
Selecting frame from 99 to 4967
Selecting frame from 99 to 4967
Selecting frame from 97 to 5043
Selecting frame from 97 to 5043
Selecting frame from 99 to 4746
Selecting frame from 99 to 4746
Selecting frame from 99 to 5044
Selecting frame from 99 to 5044
Selecting frame from 96 to 4964
Selecting frame from 96 to 4964
Selecting frame from 99 to 5060
Selecting frame from 99 to 5060
Selecting frame from 98 to 4767
Selecting frame from 98 to 4767
Selecting frame from 98 to 5060
Selecting frame from 98 to 5060
Selecting frame from 99 to 4967
Selecting frame from 99 to 4967
Selecting frame from 99 to 5045
Selecting frame from 99 to 5045
Selecting frame from 97 to 4744
Selecting frame from 97 to 4744
Selecting frame from 96 to 5041
Selecting frame from 96 to 5041
Selecting frame from 99 to 4967
Selecting frame from 99 to 4967
Selecting frame from 99 to 5060
Selecting frame from 99 to 5060
Selecting frame from 97 to 4965
Selecting frame from 97 to 4965
Selecting frame from 99 to 5061
Selecting frame from 99 to 5061
Selecting frame from 99 to 4768
Selecting frame from 99 to 4768
Selecting frame from 99 to 5062
Selecting frame from 99 to 5062
Selecting frame from 99 to 4967
Selecting frame from 99 to 4967
Selecting frame from 95 to 5041
Selecting frame from 95 to 5041
Selecting frame from 99 to 4747
Selecting frame from 99 to 4747
Selecting frame from 99 to 5044
Selecting frame from 99 to 5044
Selecting frame from 95 to 4964
Selecting frame from 95 to 4964
Selecting frame from 99 to 5061
Selecting frame from 99 to 5061
Selecting frame from 99 to 4768
Selecting frame from 99 to 4768
Selecting frame from 99 to 5061
Selecting frame from 99 to 5061
Selecting frame from 98 to 4967
Selecting frame from 98 to 4967
Selecting frame from 99 to 5045
Selecting frame from 99 to 5045
Selecting frame from 99 to 4746
Selecting frame from 99 to 4746
Selecting frame from 98 to 5044
Selecting frame from 98 to 5044
Selecting frame from 99 to 4967
Selecting frame from 99 to 4967
Selecting frame from 99 to 5061
Selecting frame from 99 to 5061
Selecting frame from 97 to 4766
Selecting frame from 97 to 4766
Selecting frame from 97 to 5059
Selecting frame from 97 to 5059
Selecting frame from 96 to 4965
Selecting frame from 96 to 4965
Selecting frame from 99 to 5045
Selecting frame from 99 to 5045
Selecting frame from 98 to 4745
Selecting frame from 98 to 4745
Selecting frame from 97 to 5043
Selecting frame from 97 to 5043
Selecting frame from 99 to 4967
Selecting frame from 99 to 4967
Selecting frame from 97 to 5059
Selecting frame from 97 to 5059
Selecting frame from 96 to 4765
Selecting frame from 96 to 4765
Selecting frame from 96 to 5058
Selecting frame from 96 to 5058
Selecting frame from 99 to 4968
Selecting frame from 99 to 4968
Selecting frame from 99 to 5045
Selecting frame from 99 to 5045
Selecting frame from 96 to 4743
Selecting frame from 96 to 4743
Selecting frame from 95 to 5041
Selecting frame from 95 to 5041
Selecting frame from 99 to 4967
Selecting frame from 99 to 4967
Selecting frame from 96 to 5058
Selecting frame from 96 to 5058
Selecting frame from 99 to 4768
Selecting frame from 99 to 4768
Selecting frame from 99 to 5061
Selecting frame from 99 to 5061
Selecting frame from 99 to 4968
Selecting frame from 99 to 4968
Selecting frame from 98 to 5044
Selecting frame from 98 to 5044
Selecting frame from 99 to 4746
Selecting frame from 99 to 4746
Selecting frame from 99 to 5045
Selecting frame from 99 to 5045
Selecting frame from 98 to 4965
Selecting frame from 98 to 4965
Selecting frame from 99 to 5061
Selecting frame from 99 to 5061
Selecting frame from 99 to 4768
Selecting frame from 99 to 4768
Selecting frame from 99 to 5062
Selecting frame from 99 to 5062
Selecting frame from 99 to 4968
Selecting frame from 99 to 4968
Selecting frame from 96 to 5042
Selecting frame from 96 to 5042
Selecting frame from 99 to 4746
Selecting frame from 99 to 4746
Selecting frame from 99 to 5045
Selecting frame from 99 to 5045
Selecting frame from 97 to 4964
Selecting frame from 97 to 4964
Selecting frame from 99 to 5061
Selecting frame from 99 to 5061
Selecting frame from 98 to 4768
Selecting frame from 98 to 4768
Selecting frame from 99 to 5061
Selecting frame from 99 to 5061
Selecting frame from 98 to 4967
Selecting frame from 98 to 4967
Selecting frame from 99 to 5045
Selecting frame from 99 to 5045
Selecting frame from 99 to 4747
Selecting frame from 99 to 4747
Selecting frame from 99 to 5045
Selecting frame from 99 to 5045
Selecting frame from 96 to 4964
Selecting frame from 96 to 4964
Selecting frame from 99 to 5060
Selecting frame from 99 to 5060
Selecting frame from 98 to 4768
Selecting frame from 98 to 4768
Selecting frame from 99 to 5061
Selecting frame from 99 to 5061
Selecting frame from 98 to 4967
Selecting frame from 98 to 4967
Selecting frame from 99 to 5045
Selecting frame from 99 to 5045
Selecting frame from 99 to 4747
Selecting frame from 99 to 4747
Selecting frame from 99 to 5044
Selecting frame from 99 to 5044
Selecting frame from 95 to 4964
Selecting frame from 95 to 4964
Selecting frame from 99 to 5060
Selecting frame from 99 to 5060
Selecting frame from 98 to 4767
Selecting frame from 98 to 4767
Selecting frame from 97 to 5059
Selecting frame from 97 to 5059
Selecting frame from 96 to 4965
Selecting frame from 96 to 4965
Selecting frame from 99 to 5046
Selecting frame from 99 to 5046
Selecting frame from 99 to 4746
Selecting frame from 99 to 4746
Selecting frame from 98 to 5044
Selecting frame from 98 to 5044
Selecting frame from 99 to 4967
Selecting frame from 99 to 4967
Selecting frame from 98 to 5059
Selecting frame from 98 to 5059
Selecting frame from 96 to 4765
Selecting frame from 96 to 4765
Selecting frame from 96 to 5059
Selecting frame from 96 to 5059
Selecting frame from 96 to 4965
Selecting frame from 96 to 4965
Selecting frame from 99 to 5045
Selecting frame from 99 to 5045
Selecting frame from 98 to 4745
Selecting frame from 98 to 4745
Selecting frame from 96 to 5041
Selecting frame from 96 to 5041
Selecting frame from 98 to 4966
Selecting frame from 98 to 4966
Selecting frame from 96 to 5089
Selecting frame from 96 to 5089
Selecting frame from 99 to 4768
Selecting frame from 99 to 4768
Selecting frame from 99 to 5061
Selecting frame from 99 to 5061
Selecting frame from 99 to 4968
Selecting frame from 99 to 4968
Selecting frame from 98 to 5044
Selecting frame from 98 to 5044
Selecting frame from 99 to 4747
Selecting frame from 99 to 4747
Selecting frame from 99 to 5044
Selecting frame from 99 to 5044
Selecting frame from 98 to 4966
Selecting frame from 98 to 4966
Selecting frame from 99 to 5060
Selecting frame from 99 to 5060
Selecting frame from 99 to 4768
Selecting frame from 99 to 4768
Selecting frame from 99 to 5062
Selecting frame from 99 to 5062
Selecting frame from 99 to 4968
Selecting frame from 99 to 4968
Selecting frame from 97 to 5043
Selecting frame from 97 to 5043
Selecting frame from 99 to 4746
Selecting frame from 99 to 4746
Selecting frame from 98 to 5060
Selecting frame from 98 to 5060
Selecting frame from 99 to 4768
Selecting frame from 99 to 4768
Selecting frame from 99 to 5062
Selecting frame from 99 to 5062
Selecting frame from 99 to 4968
Selecting frame from 99 to 4968
Selecting frame from 98 to 5044
Selecting frame from 98 to 5044
Selecting frame from 99 to 4746
Selecting frame from 99 to 4746
Selecting frame from 99 to 5045
Selecting frame from 99 to 5045
Selecting frame from 98 to 4966
Selecting frame from 98 to 4966
Selecting frame from 99 to 5061
Selecting frame from 99 to 5061
Selecting frame from 99 to 4768
Selecting frame from 99 to 4768
Selecting frame from 99 to 5061
Selecting frame from 99 to 5061
Selecting frame from 99 to 4968
Selecting frame from 99 to 4968
Selecting frame from 97 to 5043
Selecting frame from 97 to 5043
Selecting frame from 99 to 4747
Selecting frame from 99 to 4747
Selecting frame from 99 to 5045
Selecting frame from 99 to 5045
Selecting frame from 98 to 4966
Selecting frame from 98 to 4966
Selecting frame from 99 to 5060
Selecting frame from 99 to 5060
Selecting frame from 99 to 4769
Selecting frame from 99 to 4769
Selecting frame from 99 to 5061
Selecting frame from 99 to 5061
Selecting frame from 99 to 4968
Selecting frame from 99 to 4968
Selecting frame from 96 to 5042
Selecting frame from 96 to 5042
Selecting frame from 99 to 4747
Selecting frame from 99 to 4747
Selecting frame from 99 to 5044
Selecting frame from 99 to 5044
Selecting frame from 96 to 4964
Selecting frame from 96 to 4964
Selecting frame from 99 to 5061
Selecting frame from 99 to 5061
Selecting frame from 99 to 4768
Selecting frame from 99 to 4768
Selecting frame from 99 to 5062
Selecting frame from 99 to 5062
Selecting frame from 99 to 4967
Selecting frame from 99 to 4967
Selecting frame from 99 to 5045
Selecting frame from 99 to 5045
Selecting frame from 99 to 4747
Selecting frame from 99 to 4747
Selecting frame from 99 to 5044
Selecting frame from 99 to 5044
Selecting frame from 95 to 4963
Selecting frame from 95 to 4963
Selecting frame from 99 to 5061
Selecting frame from 99 to 5061
Selecting frame from 98 to 4767
Selecting frame from 98 to 4767
Selecting frame from 97 to 5059
Selecting frame from 97 to 5059
Selecting frame from 97 to 4966
Selecting frame from 97 to 4966
Selecting frame from 99 to 5045
Selecting frame from 99 to 5045
Selecting frame from 98 to 4745
Selecting frame from 98 to 4745
Selecting frame from 97 to 5043
Selecting frame from 97 to 5043
Selecting frame from 99 to 4967
Selecting frame from 99 to 4967
Selecting frame from 97 to 5058
Selecting frame from 97 to 5058
Selecting frame from 95 to 4764
Selecting frame from 95 to 4764
Selecting frame from 95 to 5058
Selecting frame from 95 to 5058
Selecting frame from 99 to 4968
Selecting frame from 99 to 4968
Selecting frame from 99 to 5045
Selecting frame from 99 to 5045
Selecting frame from 97 to 4744
Selecting frame from 97 to 4744
Selecting frame from 99 to 5044
Selecting frame from 99 to 5044
Selecting frame from 99 to 4967
Selecting frame from 99 to 4967
Selecting frame from 99 to 5061
Selecting frame from 99 to 5061
Selecting frame from 100 to 4769
Selecting frame from 100 to 4769
Selecting frame from 99 to 5061
Selecting frame from 99 to 5061
Selecting frame from 99 to 4968
Selecting frame from 99 to 4968
Selecting frame from 97 to 5043
Selecting frame from 97 to 5043
Selecting frame from 99 to 4746
Selecting frame from 99 to 4746
Selecting frame from 99 to 5044
Selecting frame from 99 to 5044
Selecting frame from 99 to 4967
Selecting frame from 99 to 4967
Selecting frame from 99 to 5060
Selecting frame from 99 to 5060
Selecting frame from 97 to 4766
Selecting frame from 97 to 4766
Selecting frame from 96 to 5059
Selecting frame from 96 to 5059
Selecting frame from 96 to 4965
Selecting frame from 96 to 4965
Selecting frame from 99 to 5045
Selecting frame from 99 to 5045
Selecting frame from 98 to 4745
Selecting frame from 98 to 4745
Selecting frame from 97 to 5043
Selecting frame from 97 to 5043
Selecting frame from 99 to 4967
Selecting frame from 99 to 4967
Selecting frame from 97 to 5059
Selecting frame from 97 to 5059
Selecting frame from 96 to 4765
Selecting frame from 96 to 4765
Selecting frame from 96 to 5058
Selecting frame from 96 to 5058
Selecting frame from 95 to 4964
Selecting frame from 95 to 4964
Selecting frame from 99 to 5045
Selecting frame from 99 to 5045
Selecting frame from 97 to 4744
Selecting frame from 97 to 4744
Selecting frame from 95 to 5041
Selecting frame from 95 to 5041
Selecting frame from 99 to 4967
Selecting frame from 99 to 4967
Selecting frame from 96 to 5058
Selecting frame from 96 to 5058
Selecting frame from 99 to 4768
Selecting frame from 99 to 4768
Selecting frame from 99 to 5061
Selecting frame from 99 to 5061
Selecting frame from 99 to 4968
Selecting frame from 99 to 4968
Selecting frame from 98 to 5044
Selecting frame from 98 to 5044
Selecting frame from 99 to 4746
Selecting frame from 99 to 4746
Selecting frame from 99 to 5045
Selecting frame from 99 to 5045
Selecting frame from 98 to 4966
Selecting frame from 98 to 4966
Selecting frame from 99 to 5061
Selecting frame from 99 to 5061
Selecting frame from 99 to 4768
Selecting frame from 99 to 4768
Selecting frame from 99 to 5061
Selecting frame from 99 to 5061
Selecting frame from 99 to 4968
Selecting frame from 99 to 4968
Selecting frame from 97 to 5042
Selecting frame from 97 to 5042
Selecting frame from 99 to 4747
Selecting frame from 99 to 4747
Selecting frame from 99 to 5044
Selecting frame from 99 to 5044
Selecting frame from 96 to 4964
Selecting frame from 96 to 4964
Selecting frame from 98 to 5061
Selecting frame from 98 to 5061
Selecting frame from 100 to 4769
Selecting frame from 100 to 4769
Selecting frame from 99 to 5061
Selecting frame from 99 to 5061
Selecting frame from 98 to 4966
Selecting frame from 98 to 4966
Selecting frame from 99 to 5045
Selecting frame from 99 to 5045
Selecting frame from 99 to 4746
Selecting frame from 99 to 4746
Selecting frame from 97 to 5043
Selecting frame from 97 to 5043
Selecting frame from 99 to 4968
Selecting frame from 99 to 4968
Selecting frame from 99 to 5045
Selecting frame from 99 to 5045
Selecting frame from 96 to 4743
Selecting frame from 96 to 4743
Selecting frame from 99 to 5045
Selecting frame from 99 to 5045
Selecting frame from 99 to 4967
Selecting frame from 99 to 4967
Selecting frame from 99 to 5060
Selecting frame from 99 to 5060
Selecting frame from 99 to 4768
Selecting frame from 99 to 4768
Selecting frame from 99 to 5062
Selecting frame from 99 to 5062
Selecting frame from 99 to 4968
Selecting frame from 99 to 4968
Selecting frame from 98 to 5044
Selecting frame from 98 to 5044
Selecting frame from 99 to 4746
Selecting frame from 99 to 4746
Selecting frame from 99 to 5044
Selecting frame from 99 to 5044
Selecting frame from 97 to 4965
Selecting frame from 97 to 4965
Selecting frame from 99 to 5061
Selecting frame from 99 to 5061
Selecting frame from 99 to 4768
Selecting frame from 99 to 4768
Selecting frame from 99 to 5061
Selecting frame from 99 to 5061
Selecting frame from 98 to 4968
Selecting frame from 98 to 4968
Selecting frame from 96 to 5041
Selecting frame from 96 to 5041
Selecting frame from 99 to 4746
Selecting frame from 99 to 4746
Selecting frame from 98 to 5044
Selecting frame from 98 to 5044
Selecting frame from 99 to 4966
Selecting frame from 99 to 4966
Selecting frame from 98 to 5060
Selecting frame from 98 to 5060
Selecting frame from 97 to 4766
Selecting frame from 97 to 4766
Selecting frame from 96 to 5059
Selecting frame from 96 to 5059
Selecting frame from 97 to 4966
Selecting frame from 97 to 4966
Selecting frame from 99 to 5045
Selecting frame from 99 to 5045
Selecting frame from 98 to 4746
Selecting frame from 98 to 4746
Selecting frame from 98 to 5043
Selecting frame from 98 to 5043
Selecting frame from 99 to 4967
Selecting frame from 99 to 4967
Selecting frame from 98 to 5060
Selecting frame from 98 to 5060
Selecting frame from 96 to 4765
Selecting frame from 96 to 4765
Selecting frame from 96 to 5058
Selecting frame from 96 to 5058
Selecting frame from 95 to 4964
Selecting frame from 95 to 4964
Selecting frame from 99 to 5045
Selecting frame from 99 to 5045
Selecting frame from 97 to 4744
Selecting frame from 97 to 4744
Selecting frame from 96 to 5042
Selecting frame from 96 to 5042
Selecting frame from 99 to 4967
Selecting frame from 99 to 4967
Selecting frame from 96 to 5058
Selecting frame from 96 to 5058
Selecting frame from 99 to 4768
Selecting frame from 99 to 4768
Selecting frame from 95 to 5058
Selecting frame from 95 to 5058
Selecting frame from 95 to 4964
Selecting frame from 95 to 4964
Selecting frame from 99 to 5044
Selecting frame from 99 to 5044
Selecting frame from 95 to 4743
Selecting frame from 95 to 4743
Selecting frame from 99 to 5044
Selecting frame from 99 to 5044
Selecting frame from 98 to 4966
Selecting frame from 98 to 4966
Selecting frame from 99 to 5061
Selecting frame from 99 to 5061
Selecting frame from 99 to 4769
Selecting frame from 99 to 4769
Selecting frame from 99 to 5061
Selecting frame from 99 to 5061
Selecting frame from 99 to 4968
Selecting frame from 99 to 4968
Selecting frame from 98 to 5043
Selecting frame from 98 to 5043
Selecting frame from 99 to 4746
Selecting frame from 99 to 4746
Selecting frame from 99 to 5045
Selecting frame from 99 to 5045
Selecting frame from 97 to 4965
Selecting frame from 97 to 4965
Selecting frame from 99 to 5062
Selecting frame from 99 to 5062
Selecting frame from 100 to 4769
Selecting frame from 100 to 4769
Selecting frame from 100 to 5062
Selecting frame from 100 to 5062
Selecting frame from 99 to 4967
Selecting frame from 99 to 4967
Selecting frame from 96 to 5042
Selecting frame from 96 to 5042
Selecting frame from 99 to 4746
Selecting frame from 99 to 4746
Selecting frame from 99 to 5045
Selecting frame from 99 to 5045
Selecting frame from 96 to 4964
Selecting frame from 96 to 4964
Selecting frame from 99 to 5061
Selecting frame from 99 to 5061
Selecting frame from 98 to 4767
Selecting frame from 98 to 4767
Selecting frame from 98 to 5060
Selecting frame from 98 to 5060
Selecting frame from 97 to 4966
Selecting frame from 97 to 4966
Selecting frame from 99 to 5044
Selecting frame from 99 to 5044
Selecting frame from 98 to 4746
Selecting frame from 98 to 4746
Selecting frame from 97 to 5042
Selecting frame from 97 to 5042
Selecting frame from 99 to 4967
Selecting frame from 99 to 4967
Selecting frame from 97 to 5059
Selecting frame from 97 to 5059
Selecting frame from 96 to 4765
Selecting frame from 96 to 4765
Selecting frame from 96 to 5058
Selecting frame from 96 to 5058
Selecting frame from 99 to 4968
Selecting frame from 99 to 4968
Selecting frame from 99 to 5045
Selecting frame from 99 to 5045
Selecting frame from 96 to 4743
Selecting frame from 96 to 4743
Selecting frame from 99 to 5044
Selecting frame from 99 to 5044
Selecting frame from 98 to 4967
Selecting frame from 98 to 4967
Selecting frame from 99 to 5060
Selecting frame from 99 to 5060
Selecting frame from 99 to 4768
Selecting frame from 99 to 4768
Selecting frame from 99 to 5061
Selecting frame from 99 to 5061
Selecting frame from 99 to 4968
Selecting frame from 99 to 4968
Selecting frame from 97 to 5043
Selecting frame from 97 to 5043
Selecting frame from 99 to 4746
Selecting frame from 99 to 4746
Selecting frame from 99 to 5044
Selecting frame from 99 to 5044
Selecting frame from 96 to 4964
Selecting frame from 96 to 4964
Selecting frame from 99 to 5061
Selecting frame from 99 to 5061
Selecting frame from 99 to 4768
Selecting frame from 99 to 4768
Selecting frame from 98 to 5060
Selecting frame from 98 to 5060
Selecting frame from 97 to 4967
Selecting frame from 97 to 4967
Selecting frame from 99 to 5044
Selecting frame from 99 to 5044
Selecting frame from 99 to 4747
Selecting frame from 99 to 4747
Selecting frame from 99 to 5044
Selecting frame from 99 to 5044
Selecting frame from 95 to 4963
Selecting frame from 95 to 4963
Selecting frame from 98 to 5060
Selecting frame from 98 to 5060
Selecting frame from 97 to 4766
Selecting frame from 97 to 4766
Selecting frame from 99 to 5045
Selecting frame from 99 to 5045
Selecting frame from 99 to 4966
Selecting frame from 99 to 4966
Selecting frame from 99 to 5061
Selecting frame from 99 to 5061
Selecting frame from 99 to 4768
Selecting frame from 99 to 4768
Selecting frame from 99 to 5061
Selecting frame from 99 to 5061
Selecting frame from 99 to 4968
Selecting frame from 99 to 4968
Selecting frame from 96 to 5042
Selecting frame from 96 to 5042
Selecting frame from 99 to 4746
Selecting frame from 99 to 4746
Selecting frame from 99 to 5045
Selecting frame from 99 to 5045
Selecting frame from 96 to 4963
Selecting frame from 96 to 4963
Selecting frame from 99 to 5061
Selecting frame from 99 to 5061
Selecting frame from 97 to 4766
Selecting frame from 97 to 4766
Selecting frame from 97 to 5059
Selecting frame from 97 to 5059
Selecting frame from 96 to 4965
Selecting frame from 96 to 4965
Selecting frame from 99 to 5045
Selecting frame from 99 to 5045
Selecting frame from 98 to 4745
Selecting frame from 98 to 4745
Selecting frame from 97 to 5042
Selecting frame from 97 to 5042
Selecting frame from 99 to 4967
Selecting frame from 99 to 4967
Selecting frame from 96 to 5058
Selecting frame from 96 to 5058
Selecting frame from 99 to 4767
Selecting frame from 99 to 4767
Selecting frame from 99 to 5062
Selecting frame from 99 to 5062
Selecting frame from 99 to 4968
Selecting frame from 99 to 4968
Selecting frame from 98 to 5044
Selecting frame from 98 to 5044
Selecting frame from 99 to 4746
Selecting frame from 99 to 4746
Selecting frame from 99 to 5044
Selecting frame from 99 to 5044
Selecting frame from 97 to 4965
Selecting frame from 97 to 4965
Selecting frame from 100 to 5061
Selecting frame from 100 to 5061
Selecting frame from 99 to 4768
Selecting frame from 99 to 4768
Selecting frame from 99 to 5062
Selecting frame from 99 to 5062
Selecting frame from 99 to 4968
Selecting frame from 99 to 4968
Selecting frame from 99 to 5045
Selecting frame from 99 to 5045
Selecting frame from 99 to 4746
Selecting frame from 99 to 4746
Selecting frame from 99 to 5043
Selecting frame from 99 to 5043
Selecting frame from 99 to 4967
Selecting frame from 99 to 4967
Selecting frame from 98 to 5059
Selecting frame from 98 to 5059
Selecting frame from 99 to 4768
Selecting frame from 99 to 4768
Selecting frame from 99 to 5062
Selecting frame from 99 to 5062
Selecting frame from 99 to 4968
Selecting frame from 99 to 4968
Selecting frame from 99 to 5045
Selecting frame from 99 to 5045
Selecting frame from 97 to 4745
Selecting frame from 97 to 4745
Selecting frame from 97 to 5042
Selecting frame from 97 to 5042
Selecting frame from 99 to 4966
Selecting frame from 99 to 4966
Selecting frame from 99 to 5061
Selecting frame from 99 to 5061
Selecting frame from 99 to 4768
Selecting frame from 99 to 4768
Selecting frame from 99 to 5061
Selecting frame from 99 to 5061
Selecting frame from 99 to 4968
Selecting frame from 99 to 4968
Selecting frame from 97 to 5043
Selecting frame from 97 to 5043
Selecting frame from 99 to 4746
Selecting frame from 99 to 4746
Selecting frame from 99 to 5044
Selecting frame from 99 to 5044
Selecting frame from 97 to 4965
Selecting frame from 97 to 4965
Selecting frame from 99 to 5061
Selecting frame from 99 to 5061
Selecting frame from 99 to 4768
Selecting frame from 99 to 4768
Selecting frame from 99 to 5061
Selecting frame from 99 to 5061
Selecting frame from 98 to 4967
Selecting frame from 98 to 4967
Selecting frame from 99 to 5045
Selecting frame from 99 to 5045
Selecting frame from 99 to 4746
Selecting frame from 99 to 4746
Selecting frame from 98 to 5044
Selecting frame from 98 to 5044
Selecting frame from 99 to 4967
Selecting frame from 99 to 4967
Selecting frame from 99 to 5060
Selecting frame from 99 to 5060
Selecting frame from 97 to 4767
Selecting frame from 97 to 4767
Selecting frame from 98 to 5060
Selecting frame from 98 to 5060
Selecting frame from 97 to 4966
Selecting frame from 97 to 4966
Selecting frame from 99 to 5044
Selecting frame from 99 to 5044
Selecting frame from 97 to 4745
Selecting frame from 97 to 4745
Selecting frame from 97 to 5042
Selecting frame from 97 to 5042
Selecting frame from 99 to 4967
Selecting frame from 99 to 4967
Selecting frame from 96 to 5058
Selecting frame from 96 to 5058
Selecting frame from 99 to 4768
Selecting frame from 99 to 4768
Selecting frame from 99 to 5061
Selecting frame from 99 to 5061
Selecting frame from 99 to 4967
Selecting frame from 99 to 4967
Selecting frame from 98 to 5044
Selecting frame from 98 to 5044
Selecting frame from 99 to 4746
Selecting frame from 99 to 4746
Selecting frame from 99 to 5045
Selecting frame from 99 to 5045
Selecting frame from 98 to 4966
Selecting frame from 98 to 4966
Selecting frame from 99 to 5061
Selecting frame from 99 to 5061
Selecting frame from 99 to 4767
Selecting frame from 99 to 4767
Selecting frame from 99 to 5061
Selecting frame from 99 to 5061
Selecting frame from 98 to 4967
Selecting frame from 98 to 4967
Selecting frame from 99 to 5045
Selecting frame from 99 to 5045
Selecting frame from 99 to 4746
Selecting frame from 99 to 4746
Selecting frame from 98 to 5043
Selecting frame from 98 to 5043
Selecting frame from 98 to 4966
Selecting frame from 98 to 4966
Selecting frame from 98 to 5060
Selecting frame from 98 to 5060
Selecting frame from 97 to 4766
Selecting frame from 97 to 4766
Selecting frame from 96 to 5058
Selecting frame from 96 to 5058
Selecting frame from 99 to 4967
Selecting frame from 99 to 4967
Selecting frame from 98 to 5044
Selecting frame from 98 to 5044
Selecting frame from 96 to 4743
Selecting frame from 96 to 4743
Selecting frame from 95 to 5041
Selecting frame from 95 to 5041
Selecting frame from 99 to 4967
Selecting frame from 99 to 4967
Selecting frame from 99 to 5060
Selecting frame from 99 to 5060
Selecting frame from 99 to 4768
Selecting frame from 99 to 4768
Selecting frame from 99 to 5061
Selecting frame from 99 to 5061
Selecting frame from 99 to 4968
Selecting frame from 99 to 4968
Selecting frame from 97 to 5043
Selecting frame from 97 to 5043
Selecting frame from 99 to 5062
Selecting frame from 99 to 5062
Selecting frame from 99 to 4968
Selecting frame from 99 to 4968
Selecting frame from 96 to 5042
Selecting frame from 96 to 5042
Selecting frame from 99 to 4747
Selecting frame from 99 to 4747
Selecting frame from 99 to 5044
Selecting frame from 99 to 5044
Selecting frame from 96 to 4964
Selecting frame from 96 to 4964
Selecting frame from 99 to 5061
Selecting frame from 99 to 5061
Selecting frame from 99 to 4768
Selecting frame from 99 to 4768
Selecting frame from 99 to 5062
Selecting frame from 99 to 5062
Selecting frame from 99 to 4968
Selecting frame from 99 to 4968
Selecting frame from 96 to 5042
Selecting frame from 96 to 5042
Selecting frame from 99 to 4747
Selecting frame from 99 to 4747
Selecting frame from 99 to 5044
Selecting frame from 99 to 5044
Selecting frame from 96 to 4964
Selecting frame from 96 to 4964
Selecting frame from 99 to 5061
Selecting frame from 99 to 5061
Selecting frame from 98 to 4768
Selecting frame from 98 to 4768
Selecting frame from 99 to 5061
Selecting frame from 99 to 5061
Selecting frame from 98 to 4967
Selecting frame from 98 to 4967
Selecting frame from 96 to 5042
Selecting frame from 96 to 5042
Selecting frame from 99 to 4747
Selecting frame from 99 to 4747
Selecting frame from 99 to 5044
Selecting frame from 99 to 5044
Selecting frame from 96 to 4965
Selecting frame from 96 to 4965
Selecting frame from 99 to 5061
Selecting frame from 99 to 5061
Selecting frame from 99 to 4768
Selecting frame from 99 to 4768
Selecting frame from 99 to 5062
Selecting frame from 99 to 5062
Selecting frame from 99 to 4968
Selecting frame from 99 to 4968
Selecting frame from 96 to 5041
Selecting frame from 96 to 5041
Selecting frame from 99 to 4747
Selecting frame from 99 to 4747
Selecting frame from 99 to 5045
Selecting frame from 99 to 5045
Selecting frame from 96 to 4964
Selecting frame from 96 to 4964
Selecting frame from 99 to 5061
Selecting frame from 99 to 5061
Selecting frame from 99 to 4769
Selecting frame from 99 to 4769
Selecting frame from 99 to 5061
Selecting frame from 99 to 5061
Selecting frame from 99 to 4967
Selecting frame from 99 to 4967
Selecting frame from 98 to 5044
Selecting frame from 98 to 5044
Selecting frame from 99 to 4746
Selecting frame from 99 to 4746
Selecting frame from 98 to 5044
Selecting frame from 98 to 5044
Selecting frame from 95 to 4964
Selecting frame from 95 to 4964
Selecting frame from 99 to 5061
Selecting frame from 99 to 5061
Selecting frame from 99 to 4768
Selecting frame from 99 to 4768
Selecting frame from 98 to 5060
Selecting frame from 98 to 5060
Selecting frame from 98 to 4967
Selecting frame from 98 to 4967
Selecting frame from 99 to 5045
Selecting frame from 99 to 5045
Selecting frame from 99 to 4746
Selecting frame from 99 to 4746
Selecting frame from 99 to 5243
Selecting frame from 99 to 5243
Selecting frame from 100 to 5167
Selecting frame from 100 to 5167
Selecting frame from 99 to 5243
Selecting frame from 99 to 5243
Selecting frame from 98 to 4925
Selecting frame from 98 to 4925
Selecting frame from 98 to 5243
Selecting frame from 98 to 5243
Selecting frame from 98 to 5165
Selecting frame from 98 to 5165
Selecting frame from 100 to 5244
Selecting frame from 100 to 5244
Selecting frame from 97 to 4745
Selecting frame from 97 to 4745
Selecting frame from 97 to 5042
Selecting frame from 97 to 5042
Selecting frame from 99 to 4968
Selecting frame from 99 to 4968
Selecting frame from 98 to 5060
Selecting frame from 98 to 5060
Selecting frame from 97 to 4766
Selecting frame from 97 to 4766
Selecting frame from 96 to 5058
Selecting frame from 96 to 5058
Selecting frame from 99 to 4968
Selecting frame from 99 to 4968
Selecting frame from 99 to 5045
Selecting frame from 99 to 5045
Selecting frame from 97 to 4744
Selecting frame from 97 to 4744
Selecting frame from 96 to 5042
Selecting frame from 96 to 5042
Selecting frame from 99 to 4967
Selecting frame from 99 to 4967
Selecting frame from 97 to 5059
Selecting frame from 97 to 5059
Selecting frame from 99 to 4768
Selecting frame from 99 to 4768
Selecting frame from 99 to 5061
Selecting frame from 99 to 5061
Selecting frame from 99 to 4968
Selecting frame from 99 to 4968
Selecting frame from 99 to 5045
Selecting frame from 99 to 5045
Selecting frame from 96 to 4744
Selecting frame from 96 to 4744
Selecting frame from 96 to 5041
Selecting frame from 96 to 5041
Selecting frame from 99 to 4967
Selecting frame from 99 to 4967
Selecting frame from 95 to 5057
Selecting frame from 95 to 5057
Selecting frame from 99 to 4768
Selecting frame from 99 to 4768
Selecting frame from 99 to 5062
Selecting frame from 99 to 5062
Selecting frame from 99 to 4968
Selecting frame from 99 to 4968
Selecting frame from 99 to 5045
Selecting frame from 99 to 5045
Selecting frame from 96 to 4744
Selecting frame from 96 to 4744
Selecting frame from 95 to 5041
Selecting frame from 95 to 5041
Selecting frame from 99 to 4966
Selecting frame from 99 to 4966
Selecting frame from 95 to 5057
Selecting frame from 95 to 5057
Selecting frame from 99 to 4769
Selecting frame from 99 to 4769
Selecting frame from 100 to 5062
Selecting frame from 100 to 5062
Selecting frame from 94 to 4963
Selecting frame from 94 to 4963
Selecting frame from 98 to 5044
Selecting frame from 98 to 5044
Selecting frame from 95 to 4743
Selecting frame from 95 to 4743
Selecting frame from 95 to 5041
Selecting frame from 95 to 5041
Selecting frame from 99 to 4967
Selecting frame from 99 to 4967
Selecting frame from 96 to 5058
Selecting frame from 96 to 5058
Selecting frame from 99 to 4768
Selecting frame from 99 to 4768
Selecting frame from 99 to 5061
Selecting frame from 99 to 5061
Selecting frame from 99 to 4968
Selecting frame from 99 to 4968
Selecting frame from 98 to 5044
Selecting frame from 98 to 5044
Selecting frame from 99 to 4747
Selecting frame from 99 to 4747
Selecting frame from 99 to 5045
Selecting frame from 99 to 5045
Selecting frame from 99 to 4967
Selecting frame from 99 to 4967
Selecting frame from 99 to 5061
Selecting frame from 99 to 5061
Selecting frame from 99 to 5061
Selecting frame from 99 to 5061
Selecting frame from 98 to 4766
Selecting frame from 98 to 4766
Selecting frame from 97 to 5059
Selecting frame from 97 to 5059
Selecting frame from 96 to 4965
Selecting frame from 96 to 4965
Selecting frame from 99 to 5044
Selecting frame from 99 to 5044
Selecting frame from 96 to 4743
Selecting frame from 96 to 4743
Selecting frame from 99 to 5044
Selecting frame from 99 to 5044
Selecting frame from 98 to 4966
Selecting frame from 98 to 4966
Selecting frame from 99 to 5061
Selecting frame from 99 to 5061
Selecting frame from 99 to 4767
Selecting frame from 99 to 4767
Selecting frame from 99 to 5061
Selecting frame from 99 to 5061
Selecting frame from 98 to 4967
Selecting frame from 98 to 4967
Selecting frame from 99 to 5044
Selecting frame from 99 to 5044
Selecting frame from 99 to 4746
Selecting frame from 99 to 4746
Selecting frame from 98 to 5043
Selecting frame from 98 to 5043
Selecting frame from 99 to 4967
Selecting frame from 99 to 4967
Selecting frame from 97 to 5058
Selecting frame from 97 to 5058
Selecting frame from 95 to 4764
Selecting frame from 95 to 4764
Selecting frame from 99 to 5061
Selecting frame from 99 to 5061
Selecting frame from 99 to 4967
Selecting frame from 99 to 4967
Selecting fr[ECMWF-INFO -ecepilog] ----------------------------------------------------------------------------------------------------
[ECMWF-INFO -ecepilog] This is the ECMWF job Epilogue
[ECMWF-INFO -ecepilog] +++ Please report issues using the Support portal +++
[ECMWF-INFO -ecepilog] +++ https://support.ecmwf.int                     +++
[ECMWF-INFO -ecepilog] ----------------------------------------------------------------------------------------------------
[ECMWF-INFO -ecepilog] Run at 2025-10-10T08:34:34 on ac
[ECMWF-INFO -ecepilog] JobName                   : match_Ang
[ECMWF-INFO -ecepilog] JobID                     : 37781264
[ECMWF-INFO -ecepilog] Submit                    : 2025-10-10T08:11:43
[ECMWF-INFO -ecepilog] Start                     : 2025-10-10T08:11:49
[ECMWF-INFO -ecepilog] End                       : 2025-10-10T08:34:34
[ECMWF-INFO -ecepilog] QueuedTime                : 6.0
[ECMWF-INFO -ecepilog] ElapsedRaw                : 1365
[ECMWF-INFO -ecepilog] ExitCode                  : 0:0
[ECMWF-INFO -ecepilog] DerivedExitCode           : 0:0
[ECMWF-INFO -ecepilog] State                     : COMPLETED
[ECMWF-INFO -ecepilog] Account                   : nlchekli
[ECMWF-INFO -ecepilog] QOS                       : np
[ECMWF-INFO -ecepilog] User                      : nld6854
[ECMWF-INFO -ecepilog] StdOut                    : /etc/ecmwf/nfs/dh1_home_b/nld6854/earthcare_scripts/scripts/april_2025/4_composition_specific/2_AngstromCal/match_Ang.37781264.log
[ECMWF-INFO -ecepilog] StdErr                    : /etc/ecmwf/nfs/dh1_home_b/nld6854/earthcare_scripts/scripts/april_2025/4_composition_specific/2_AngstromCal/match_Ang.37781264.log
[ECMWF-INFO -ecepilog] NNodes                    : 1
[ECMWF-INFO -ecepilog] NCPUS                     : 256
[ECMWF-INFO -ecepilog] SBU                       : 828.157
[ECMWF-INFO -ecepilog] jobtag                    : nld6854-match_Ang-1x256-/etc/ecmwf/nfs/dh1_home_b/nld6854/earthcare_scripts/scripts/april_2025/4_composition_specific/2_AngstromCal/match_Ang._JOBID_.log
[ECMWF-INFO -ecepilog] ----------------------------------------------------------------------------------------------------

