[ECMWF-INFO -sbatch] - -------------------------------------------------------------------------------------
[ECMWF-INFO -sbatch] -  This is the ECMWF jobfilter
[ECMWF-INFO -sbatch] -  +++ Please report issues using the Support portal +++
[ECMWF-INFO -sbatch] -  +++ https://support.ecmwf.int                     +++
[ECMWF-INFO -sbatch] -  /usr/local/bin/ecsbatch: size: 53180, mtime: Wed Sep 24 13:03:55 2025
[ECMWF-INFO -sbatch] - -------------------------------------------------------------------------------------
[ECMWF-INFO -sbatch] - Time at submit: Tue Oct 28 07:15:26 2025 (1761635726.8649673) on ac6-100.bullx:/etc/ecmwf/nfs/dh1_home_b/nld6854/earthcare_scripts/scripts/april_2025/2_extinction_prof
[ECMWF-INFO -sbatch] - --- SLURM VARIABLES ---
[ECMWF-INFO -sbatch] - EC_CLUSTER=ac
[ECMWF-INFO -sbatch] - SLURM_EXPORT_ENV=ALL
[ECMWF-INFO -sbatch] - SBATCH_EXPORT=NONE
[ECMWF-INFO -sbatch] - -----------------------
[ECMWF-INFO -sbatch] - jobscript: /etc/ecmwf/nfs/dh1_home_b/nld6854/earthcare_scripts/scripts/april_2025/2_extinction_prof/sbatch_2.job
[ECMWF-INFO -sbatch] - --- SCRIPT OPTIONS ---
[ECMWF-INFO -sbatch] - #SBATCH --output=%x.%j.log
[ECMWF-INFO -sbatch] - #SBATCH --job-name=2saveCAMS
[ECMWF-INFO -sbatch] - #SBATCH --qos=np
[ECMWF-INFO -sbatch] - #SBATCH --nodes=1
[ECMWF-INFO -sbatch] - #SBATCH --ntasks-per-node=32
[ECMWF-INFO -sbatch] - #SBATCH --cpus-per-task=4
[ECMWF-INFO -sbatch] - #SBATCH --hint=nomultithread
[ECMWF-INFO -sbatch] - #SBATCH --time=24:00:00
[ECMWF-INFO -sbatch] - -----------------------
[ECMWF-INFO -sbatch] - --- POST-PROCESSED OPTIONS ---
[ECMWF-INFO -sbatch] - ARG --positional=['sbatch_2.job']
[ECMWF-INFO -sbatch] - ARG --cpus_per_task=4
[ECMWF-INFO -sbatch] - ARG --job_name=2saveCAMS
[ECMWF-INFO -sbatch] - ARG --ntasks_per_node=32
[ECMWF-INFO -sbatch] - ARG --nodes=1
[ECMWF-INFO -sbatch] - ARG --output=%x.%j.log
[ECMWF-INFO -sbatch] - ARG --qos=np
[ECMWF-INFO -sbatch] - ARG --time=24:00:00
[ECMWF-INFO -sbatch] - ARG --hint=nomultithread
[ECMWF-INFO -sbatch] - ------------------------------
[ECMWF-INFO -sbatch] - jobtag: nld6854-2saveCAMS-1x256-/etc/ecmwf/nfs/dh1_home_b/nld6854/earthcare_scripts/scripts/april_2025/2_extinction_prof/2saveCAMS._JOBID_.log
[ECMWF-INFO -sbatch] - ------------------------------
[ECMWF-INFO -sbatch] - Average Walltime 5411 with a Standard Deviation 5776
[ECMWF-INFO -sbatch] - Runtime history
[ECMWF-INFO -sbatch] -   Date               | Cores   Cluster   Walltime       Mem
[ECMWF-INFO -sbatch] -   27.10.2025 - 13:01 | 256        ac         4104       240000M   
[ECMWF-INFO -sbatch] -   27.10.2025 - 12:58 | 256        ac         3944       240000M   
[ECMWF-INFO -sbatch] -   27.10.2025 - 11:29 | 256        ac         473        240000M   
[ECMWF-INFO -sbatch] -   27.10.2025 - 11:29 | 256        ac         480        240000M   
[ECMWF-INFO -sbatch] -   27.10.2025 - 11:29 | 256        ac         452        240000M   
[ECMWF-INFO -sbatch] -   27.10.2025 - 06:31 | 256        ac         766        240000M   
[ECMWF-INFO -sbatch] -   27.10.2025 - 06:27 | 256        ac         494        240000M   
[ECMWF-INFO -sbatch] -   24.10.2025 - 08:17 | 256        ac         528        240000M   
[ECMWF-INFO -sbatch] -   20.10.2025 - 14:11 | 256        ac         928        240000M   
[ECMWF-INFO -sbatch] -   15.10.2025 - 12:48 | 256        ac         2759       240000M   
[ECMWF-INFO -sbatch] -   14.10.2025 - 12:48 | 256        ac         11202      240000M   
[ECMWF-INFO -sbatch] -   13.10.2025 - 16:51 | 256        ac         15713      240000M   
[ECMWF-INFO -sbatch] -   13.10.2025 - 12:18 | 256        ac         16432      240000M   
[ECMWF-INFO -sbatch] -   11.10.2025 - 19:06 | 256        ac         11817      240000M   
[ECMWF-INFO -sbatch] -   11.10.2025 - 16:52 | 256        ac         3684       240000M   
[ECMWF-INFO -sbatch] -   10.10.2025 - 17:38 | 256        ac         12810      240000M   
[ECMWF-INFO -sbatch] - ['/usr/bin/sbatch', '--cpus-per-task=4', '--job-name=2saveCAMS', '--ntasks-per-node=32', '--nodes=1', '--output=%x.%j.log', '--qos=np', '--time=24:00:00', '--hint=nomultithread', '--licenses=h2resw01', '--export=EC_user_time_limit=24:00:00', '/etc/ecmwf/nfs/dh1_home_b/nld6854/earthcare_scripts/scripts/april_2025/2_extinction_prof/sbatch_2.job']
[ECMWF-INFO -sbatch] - sbatch executed on ac
[ECMWF-INFO -sbatch] - Job queued on ac using method local
[ECMWF-INFO -sbatch] - Submitted batch job 35210300
[ECMWF-INFO -ecprofile] /usr/bin/bash NON_INTERACTIVE on ac3-1093 at 20251028_071540.750, PID: 252386, JOBID: 35210300
[ECMWF-INFO -ecprofile] $SCRATCH=/ec/res4/scratch/nld6854
[ECMWF-INFO -ecprofile] $PERM=/perm/nld6854
[ECMWF-INFO -ecprofile] $HPCPERM=/ec/res4/hpcperm/nld6854
[ECMWF-INFO -ecprofile] $TMPDIR=/dev/shm/_tmpdir_.nld6854.35210300
[ECMWF-INFO -ecprofile] $SCRATCHDIR=/ec/res4/scratchdir/nld6854/4/35210300
<IPython.core.display.HTML object>
<xarray.DataArray 'forecast_reference_time' (forecast_period: 1,
                                             forecast_reference_time: 60)> Size: 480B
array([['2025-06-01T03:00:00.000000000', '2025-06-01T15:00:00.000000000',
        '2025-06-02T03:00:00.000000000', '2025-06-02T15:00:00.000000000',
        '2025-06-03T03:00:00.000000000', '2025-06-03T15:00:00.000000000',
        '2025-06-04T03:00:00.000000000', '2025-06-04T15:00:00.000000000',
        '2025-06-05T03:00:00.000000000', '2025-06-05T15:00:00.000000000',
        '2025-06-06T03:00:00.000000000', '2025-06-06T15:00:00.000000000',
        '2025-06-07T03:00:00.000000000', '2025-06-07T15:00:00.000000000',
        '2025-06-08T03:00:00.000000000', '2025-06-08T15:00:00.000000000',
        '2025-06-09T03:00:00.000000000', '2025-06-09T15:00:00.000000000',
        '2025-06-10T03:00:00.000000000', '2025-06-10T15:00:00.000000000',
        '2025-06-11T03:00:00.000000000', '2025-06-11T15:00:00.000000000',
        '2025-06-12T03:00:00.000000000', '2025-06-12T15:00:00.000000000',
        '2025-06-13T03:00:00.000000000', '2025-06-13T15:00:00.000000000',
        '2025-06-14T03:00:00.000000000', '2025-06-14T15:00:00.000000000',
        '2025-06-15T03:00:00.000000000', '2025-06-15T15:00:00.000000000',
        '2025-06-16T03:00:00.000000000', '2025-06-16T15:00:00.000000000',
        '2025-06-17T03:00:00.000000000', '2025-06-17T15:00:00.000000000',
        '2025-06-18T03:00:00.000000000', '2025-06-18T15:00:00.000000000',
        '2025-06-19T03:00:00.000000000', '2025-06-19T15:00:00.000000000',
        '2025-06-20T03:00:00.000000000', '2025-06-20T15:00:00.000000000',
        '2025-06-21T03:00:00.000000000', '2025-06-21T15:00:00.000000000',
        '2025-06-22T03:00:00.000000000', '2025-06-22T15:00:00.000000000',
        '2025-06-23T03:00:00.000000000', '2025-06-23T15:00:00.000000000',
        '2025-06-24T03:00:00.000000000', '2025-06-24T15:00:00.000000000',
        '2025-06-25T03:00:00.000000000', '2025-06-25T15:00:00.000000000',
        '2025-06-26T03:00:00.000000000', '2025-06-26T15:00:00.000000000',
        '2025-06-27T03:00:00.000000000', '2025-06-27T15:00:00.000000000',
        '2025-06-28T03:00:00.000000000', '2025-06-28T15:00:00.000000000',
        '2025-06-29T03:00:00.000000000', '2025-06-29T15:00:00.000000000',
        '2025-06-30T03:00:00.000000000', '2025-06-30T15:00:00.000000000']],
      dtype='datetime64[ns]')
Coordinates:
  * forecast_period          (forecast_period) timedelta64[ns] 8B 03:00:00
    forecast_reference_time  (forecast_period, forecast_reference_time) datetime64[ns] 480B ...
    valid_time               (forecast_reference_time, forecast_period) datetime64[ns] 480B ...
forecast_reference_time <xarray.DataArray 'forecast_reference_time' (forecast_reference_time: 60)> Size: 480B
array(['2025-06-01T03:00:00.000000000', '2025-06-01T15:00:00.000000000',
       '2025-06-02T03:00:00.000000000', '2025-06-02T15:00:00.000000000',
       '2025-06-03T03:00:00.000000000', '2025-06-03T15:00:00.000000000',
       '2025-06-04T03:00:00.000000000', '2025-06-04T15:00:00.000000000',
       '2025-06-05T03:00:00.000000000', '2025-06-05T15:00:00.000000000',
       '2025-06-06T03:00:00.000000000', '2025-06-06T15:00:00.000000000',
       '2025-06-07T03:00:00.000000000', '2025-06-07T15:00:00.000000000',
       '2025-06-08T03:00:00.000000000', '2025-06-08T15:00:00.000000000',
       '2025-06-09T03:00:00.000000000', '2025-06-09T15:00:00.000000000',
       '2025-06-10T03:00:00.000000000', '2025-06-10T15:00:00.000000000',
       '2025-06-11T03:00:00.000000000', '2025-06-11T15:00:00.000000000',
       '2025-06-12T03:00:00.000000000', '2025-06-12T15:00:00.000000000',
       '2025-06-13T03:00:00.000000000', '2025-06-13T15:00:00.000000000',
       '2025-06-14T03:00:00.000000000', '2025-06-14T15:00:00.000000000',
       '2025-06-15T03:00:00.000000000', '2025-06-15T15:00:00.000000000',
       '2025-06-16T03:00:00.000000000', '2025-06-16T15:00:00.000000000',
       '2025-06-17T03:00:00.000000000', '2025-06-17T15:00:00.000000000',
       '2025-06-18T03:00:00.000000000', '2025-06-18T15:00:00.000000000',
       '2025-06-19T03:00:00.000000000', '2025-06-19T15:00:00.000000000',
       '2025-06-20T03:00:00.000000000', '2025-06-20T15:00:00.000000000',
       '2025-06-21T03:00:00.000000000', '2025-06-21T15:00:00.000000000',
       '2025-06-22T03:00:00.000000000', '2025-06-22T15:00:00.000000000',
       '2025-06-23T03:00:00.000000000', '2025-06-23T15:00:00.000000000',
       '2025-06-24T03:00:00.000000000', '2025-06-24T15:00:00.000000000',
       '2025-06-25T03:00:00.000000000', '2025-06-25T15:00:00.000000000',
       '2025-06-26T03:00:00.000000000', '2025-06-26T15:00:00.000000000',
       '2025-06-27T03:00:00.000000000', '2025-06-27T15:00:00.000000000',
       '2025-06-28T03:00:00.000000000', '2025-06-28T15:00:00.000000000',
       '2025-06-29T03:00:00.000000000', '2025-06-29T15:00:00.000000000',
       '2025-06-30T03:00:00.000000000', '2025-06-30T15:00:00.000000000'],
      dtype='datetime64[ns]')
Coordinates:
  * forecast_reference_time  (forecast_reference_time) datetime64[ns] 480B 20...
cams_h[:,0,0] [3.42265974e+01 5.11097124e+01 6.95812407e+01 8.97829543e+01
 1.11861574e+02 1.35994476e+02 1.62341637e+02 1.91124296e+02
 2.22531677e+02 2.56785643e+02 2.94105974e+02 3.34719819e+02
 3.78856328e+02 4.26798672e+02 4.78787585e+02 5.35121192e+02
 5.96963670e+02 6.65457318e+02 7.39633419e+02 8.20041066e+02
 9.07150934e+02 1.00124260e+03 1.10254591e+03 1.21146386e+03
 1.32825133e+03 1.45302020e+03 1.58624411e+03 1.72813020e+03
 1.87874725e+03 2.03822075e+03 2.20604967e+03 2.38119848e+03
 2.56367740e+03 2.75391539e+03 2.95182899e+03 3.15773365e+03
 3.37074113e+03 3.59067928e+03 3.81486792e+03 4.04364868e+03
 4.27560206e+03 4.50997654e+03 4.74749518e+03 4.98850742e+03
 5.22826362e+03 5.46698912e+03 5.70676426e+03 5.94976062e+03
 6.19866498e+03 6.45544178e+03 6.71490348e+03 6.96966999e+03
 7.22916995e+03 7.49690600e+03 7.77456619e+03 8.05894014e+03
 8.34270925e+03 8.62558251e+03 8.90497841e+03 9.18268394e+03
 9.46286036e+03 9.74641204e+03 1.00325833e+04 1.03226313e+04
 1.06176726e+04 1.09130769e+04 1.11987972e+04 1.14774982e+04
 1.17615634e+04 1.20583160e+04 1.23714417e+04 1.27011118e+04
 1.30421628e+04 1.33905260e+04 1.37437892e+04 1.41058961e+04
 1.44851555e+04 1.48770784e+04 1.52908545e+04 1.57412674e+04
 1.62198393e+04 1.67019860e+04 1.71845234e+04 1.76647854e+04
 1.81640868e+04 1.87042995e+04 1.92878129e+04 1.98932437e+04
 2.05003650e+04 2.10957034e+04 2.16509641e+04 2.21891831e+04
 2.27389574e+04 2.32811323e+04 2.38218822e+04 2.44359290e+04
 2.51007162e+04 2.57802325e+04 2.64833257e+04 2.71917659e+04
 2.78337148e+04 2.84347968e+04 2.90782569e+04 2.97664646e+04
 3.05283204e+04 3.13852074e+04 3.22160403e+04 3.29937691e+04
 3.38006365e+04 3.46542504e+04 3.55178320e+04 3.63993890e+04
 3.73502486e+04 3.83526247e+04 3.93655469e+04 4.04697498e+04
 4.17287704e+04 4.30412821e+04 4.42812481e+04 4.54617238e+04
 4.65893769e+04 4.77531437e+04 4.87474513e+04 4.93374476e+04
 4.98036667e+04 5.09253617e+04 5.20114053e+04 5.22349686e+04
 5.23358986e+04 5.30590382e+04 5.38495825e+04 5.42345126e+04
 5.44432834e+04 5.50541637e+04 5.61252790e+04 5.73090676e+04
 5.77416193e+04]
(1, 60, 137, 451, 900)
Selecting frame from 99 to 5044
Selecting frame from 99 to 4746
Selecting frame from 99 to 4746
Selecting frame from 99 to 5043
Selecting frame from 99 to 5043
Selecting frame from 95 to 4963
Selecting frame from 95 to 4963
Selecting frame from 99 to 5061
Selecting frame from 99 to 5061
Selecting frame from 98 to 4766
Selecting frame from 98 to 4766
Selecting frame from 96 to 5059
Selecting frame from 96 to 5059
Selecting frame from 96 to 4965
Selecting frame from 96 to 4965
Selecting frame from 99 to 5044
Selecting frame from 99 to 5044
Selecting frame from 97 to 4744
Selecting frame from 97 to 4744
Selecting frame from 99 to 5044
Selecting frame from 99 to 5044
Selecting frame from 99 to 4966
Selecting frame from 99 to 4966
Selecting frame from 99 to 5061
Selecting frame from 99 to 5061
Selecting frame from 99 to 4767
Selecting frame from 99 to 4767
Selecting frame from 99 to 5062
Selecting frame from 99 to 5062
Selecting frame from 99 to 4968
Selecting frame from 99 to 4968
Skipping /scratch/nld6854/earthcare/earthcare_data/june_2025/EBD/ECA_EXAF_ATL_EBD_2A_20250601T055935Z_20250601T082306Z_05730G.h5, already processed.
Skipping /scratch/nld6854/earthcare/earthcare_data/june_2025/EBD/ECA_EXAF_ATL_EBD_2A_20250601T061041Z_20250601T082619Z_05730H.h5, already processed.
Skipping /scratch/nld6854/earthcare/earthcare_data/june_2025/EBD/ECA_EXAF_ATL_EBD_2A_20250601T062230Z_20250601T082555Z_05731A.h5, already processed.
Skipping /scratch/nld6854/earthcare/earthcare_data/june_2025/EBD/ECA_EXAF_ATL_EBD_2A_20250601T063406Z_20250601T085357Z_05731B.h5, already processed.
Skipping /scratch/nld6854/earthcare/earthcare_data/june_2025/EBD/ECA_EXAF_ATL_EBD_2A_20250601T064553Z_20250601T085350Z_05731C.h5, already processed.
Skipping /scratch/nld6854/earthcare/earthcare_data/june_2025/EBD/ECA_EXAF_ATL_EBD_2A_20250601T065656Z_20250601T085249Z_05731D.h5, already processed.
Skipping /scratch/nld6854/earthcare/earthcare_data/june_2025/EBD/ECA_EXAF_ATL_EBD_2A_20250601T070843Z_20250601T085253Z_05731E.h5, already processed.
Skipping /scratch/nld6854/earthcare/earthcare_data/june_2025/EBD/ECA_EXAF_ATL_EBD_2A_20250601T072018Z_20250601T084942Z_05731F.h5, already processed.
Skipping /scratch/nld6854/earthcare/earthcare_data/june_2025/EBD/ECA_EXAF_ATL_EBD_2A_20250601T073207Z_20250601T084811Z_05731G.h5, already processed.
Selecting frame from 98 to 4966
Selecting frame from 98 to 4966
Selecting frame from 99 to 5044
Selecting frame from 99 to 5044
Selecting frame from 98 to 4745
Selecting frame from 98 to 4745
Selecting frame from 96 to 5042
Selecting frame from 96 to 5042
Selecting frame from 100 to 4967
Selecting frame from 100 to 4967
Selecting frame from 96 to 5058
Selecting frame from 96 to 5058
Selecting frame from 99 to 4767
Selecting frame from 99 to 4767
Selecting frame from 99 to 5061
Selecting frame from 99 to 5061
Selecting frame from 99 to 4967
Selecting frame from 99 to 4967
Selecting frame from 96 to 5042
Selecting frame from 96 to 5042
Selecting frame from 99 to 4746
Selecting frame from 99 to 4746
Selecting frame from 99 to 5044
Selecting frame from 99 to 5044
Selecting frame from 99 to 4967
Selecting frame from 99 to 4967
Selecting frame from 99 to 5060
Selecting frame from 99 to 5060
Selecting frame from 97 to 4765
Selecting frame from 97 to 4765
Selecting frame from 95 to 5058
Selecting frame from 95 to 5058
Skipping /scratch/nld6854/earthcare/earthcare_data/june_2025/EBD/ECA_EXAF_ATL_EBD_2A_20250601T171017Z_20250601T210812Z_05738A.h5, already processed.
Skipping /scratch/nld6854/earthcare/earthcare_data/june_2025/EBD/ECA_EXAF_ATL_EBD_2A_20250601T172153Z_20250601T210625Z_05738B.h5, already processed.
Skipping /scratch/nld6854/earthcare/earthcare_data/june_2025/EBD/ECA_EXAF_ATL_EBD_2A_20250601T173340Z_20250601T210522Z_05738C.h5, already processed.
Skipping /scratch/nld6854/earthcare/earthcare_data/june_2025/EBD/ECA_EXAF_ATL_EBD_2A_20250601T174443Z_20250601T210626Z_05738D.h5, already processed.
Skipping /scratch/nld6854/earthcare/earthcare_data/june_2025/EBD/ECA_EXAF_ATL_EBD_2A_20250601T175630Z_20250601T210421Z_05738E.h5, already processed.
Skipping /scratch/nld6854/earthcare/earthcare_data/june_2025/EBD/ECA_EXAF_ATL_EBD_2A_20250601T180805Z_20250601T210412Z_05738F.h5, already processed.
Skipping /scratch/nld6854/earthcare/earthcare_data/june_2025/EBD/ECA_EXAF_ATL_EBD_2A_20250601T181954Z_20250601T210440Z_05738G.h5, already processed.
Skipping /scratch/nld6854/earthcare/earthcare_data/june_2025/EBD/ECA_EXAF_ATL_EBD_2A_20250601T183101Z_20250601T210623Z_05738H.h5, already processed.
Skipping /scratch/nld6854/earthcare/earthcare_data/june_2025/EBD/ECA_EXAF_ATL_EBD_2A_20250601T184250Z_20250601T210604Z_05739A.h5, already processed.
Skipping /scratch/nld6854/earthcare/earthcare_data/june_2025/EBD/ECA_EXAF_ATL_EBD_2A_20250601T185425Z_20250601T210605Z_05739B.h5, already processed.
Skipping /scratch/nld6854/earthcare/earthcare_data/june_2025/EBD/ECA_EXAF_ATL_EBD_2A_20250601T190612Z_20250601T210412Z_05739C.h5, already processed.
Skipping /scratch/nld6854/earthcare/earthcare_data/june_2025/EBD/ECA_EXAF_ATL_EBD_2A_20250601T191716Z_20250601T210523Z_05739D.h5, already processed.
Skipping /scratch/nld6854/earthcare/earthcare_data/june_2025/EBD/ECA_EXAF_ATL_EBD_2A_20250601T192902Z_20250601T210706Z_05739E.h5, already processed.
Skipping /scratch/nld6854/earthcare/earthcare_data/june_2025/EBD/ECA_EXAF_ATL_EBD_2A_20250601T194038Z_20250601T210702Z_05739F.h5, already processed.
Selecting frame from 97 to 4966
Selecting frame from 97 to 4966
Selecting frame from 96 to 5042
Selecting frame from 96 to 5042
Selecting frame from 99 to 5060
Selecting frame from 99 to 5060
Selecting frame from 97 to 4766
Selecting frame from 97 to 4766
Selecting frame from 97 to 5059
Selecting frame from 97 to 5059
Selecting frame from 99 to 4968
Selecting frame from 99 to 4968
Selecting frame from 99 to 5044
Selecting frame from 99 to 5044
Selecting frame from 96 to 4743
Selecting frame from 96 to 4743
Selecting frame from 99 to 5044
Selecting frame from 99 to 5044
Selecting frame from 99 to 4966
Selecting frame from 99 to 4966
Selecting frame from 99 to 5060
Selecting frame from 99 to 5060
Selecting frame from 99 to 4768
Selecting frame from 99 to 4768
Selecting frame from 99 to 5061
Selecting frame from 99 to 5061
Selecting frame from 98 to 4967
Selecting frame from 98 to 4967
Selecting frame from 99 to 5045
Selecting frame from 99 to 5045
Selecting frame from 99 to 4745
Selecting frame from 99 to 4745
Selecting frame from 97 to 5042
Selecting frame from 97 to 5042
Selecting frame from 99 to 4966
Selecting frame from 99 to 4966
Skipping /scratch/nld6854/earthcare/earthcare_data/june_2025/EBD/ECA_EXAG_ATL_EBD_2A_20250616T051032Z_20250616T063642Z_05963F.h5, already processed.
Skipping /scratch/nld6854/earthcare/earthcare_data/june_2025/EBD/ECA_EXAG_ATL_EBD_2A_20250616T052221Z_20250616T063655Z_05963G.h5, already processed.
Skipping /scratch/nld6854/earthcare/earthcare_data/june_2025/EBD/ECA_EXAG_ATL_EBD_2A_20250616T053328Z_20250616T063330Z_05963H.h5, already processed.
Skipping /scratch/nld6854/earthcare/earthcare_data/june_2025/EBD/ECA_EXAG_ATL_EBD_2A_20250616T054517Z_20250616T063846Z_05964A.h5, already processed.
Skipping /scratch/nld6854/earthcare/earthcare_data/june_2025/EBD/ECA_EXAG_ATL_EBD_2A_20250616T055652Z_20250616T063247Z_05964B.h5, already processed.
Skipping /scratch/nld6854/earthcare/earthcare_data/june_2025/EBD/ECA_EXAG_ATL_EBD_2A_20250616T060839Z_20250616T100102Z_05964C.h5, already processed.
Skipping /scratch/nld6854/earthcare/earthcare_data/june_2025/EBD/ECA_EXAG_ATL_EBD_2A_20250616T061943Z_20250616T100015Z_05964D.h5, already processed.
Skipping /scratch/nld6854/earthcare/earthcare_data/june_2025/EBD/ECA_EXAG_ATL_EBD_2A_20250616T063130Z_20250616T101054Z_05964E.h5, already processed.
Skipping /scratch/nld6854/earthcare/earthcare_data/june_2025/EBD/ECA_EXAG_ATL_EBD_2A_20250616T064305Z_20250616T100004Z_05964F.h5, already processed.
Skipping /scratch/nld6854/earthcare/earthcare_data/june_2025/EBD/ECA_EXAG_ATL_EBD_2A_20250616T065454Z_20250616T101134Z_05964G.h5, already processed.
Skipping /scratch/nld6854/earthcare/earthcare_data/june_2025/EBD/ECA_EXAG_ATL_EBD_2A_20250616T070601Z_20250616T100006Z_05964H.h5, already processed.
Skipping /scratch/nld6854/earthcare/earthcare_data/june_2025/EBD/ECA_EXAG_ATL_EBD_2A_20250616T071750Z_20250616T100106Z_05965A.h5, already processed.
Skipping /scratch/nld6854/earthcare/earthcare_data/june_2025/EBD/ECA_EXAG_ATL_EBD_2A_20250616T072925Z_20250616T101105Z_05965B.h5, already processed.
Skipping /scratch/nld6854/earthcare/earthcare_data/june_2025/EBD/ECA_EXAG_ATL_EBD_2A_20250616T074112Z_20250616T100110Z_05965C.h5, already processed.
Skipping /scratch/nld6854/earthcare/earthcare_data/june_2025/EBD/ECA_EXAG_ATL_EBD_2A_20250616T075215Z_20250616T101103Z_05965D.h5, already processed.
Selecting frame from 97 to 5042
Selecting frame from 97 to 5042
Selecting frame from 99 to 4967
Selecting frame from 99 to 4967
Selecting frame from 97 to 5059
Selecting frame from 97 to 5059
Selecting frame from 100 to 4768
Selecting frame from 100 to 4768
Selecting frame from 99 to 5061
Selecting frame from 99 to 5061
Selecting frame from 99 to 4967
Selecting frame from 99 to 4967
Selecting frame from 97 to 5043
Selecting frame from 97 to 5043
Selecting frame from 99 to 4745
Selecting frame from 99 to 4745
Selecting frame from 99 to 5044
Selecting frame from 99 to 5044
Selecting frame from 99 to 4967
Selecting frame from 99 to 4967
Selecting frame from 99 to 5060
Selecting frame from 99 to 5060
Selecting frame from 97 to 4766
Selecting frame from 97 to 4766
Selecting frame from 96 to 5058
Selecting frame from 96 to 5058
Selecting frame from 99 to 4967
Selecting frame from 99 to 4967
Selecting frame from 99 to 5045
Selecting frame from 99 to 5045
Selecting frame from 99 to 4745
Selecting frame from 99 to 4745
Skipping /scratch/nld6854/earthcare/earthcare_data/june_2025/EBD/ECA_EXAG_ATL_EBD_2A_20250616T170729Z_20250616T202741Z_05971D.h5, already processed.
Skipping /scratch/nld6854/earthcare/earthcare_data/june_2025/EBD/ECA_EXAG_ATL_EBD_2A_20250616T171916Z_20250616T202757Z_05971E.h5, already processed.
Skipping /scratch/nld6854/earthcare/earthcare_data/june_2025/EBD/ECA_EXAG_ATL_EBD_2A_20250616T173051Z_20250616T202753Z_05971F.h5, already processed.
Skipping /scratch/nld6854/earthcare/earthcare_data/june_2025/EBD/ECA_EXAG_ATL_EBD_2A_20250616T174240Z_20250616T202515Z_05971G.h5, already processed.
Skipping /scratch/nld6854/earthcare/earthcare_data/june_2025/EBD/ECA_EXAG_ATL_EBD_2A_20250616T175347Z_20250616T202556Z_05971H.h5, already processed.
Skipping /scratch/nld6854/earthcare/earthcare_data/june_2025/EBD/ECA_EXAG_ATL_EBD_2A_20250616T180536Z_20250616T202606Z_05972A.h5, already processed.
Skipping /scratch/nld6854/earthcare/earthcare_data/june_2025/EBD/ECA_EXAG_ATL_EBD_2A_20250616T181711Z_20250616T202659Z_05972B.h5, already processed.
Skipping /scratch/nld6854/earthcare/earthcare_data/june_2025/EBD/ECA_EXAG_ATL_EBD_2A_20250616T182858Z_20250616T202622Z_05972C.h5, already processed.
Skipping /scratch/nld6854/earthcare/earthcare_data/june_2025/EBD/ECA_EXAG_ATL_EBD_2A_20250616T184002Z_20250616T202705Z_05972D.h5, already processed.
Skipping /scratch/nld6854/earthcare/earthcare_data/june_2025/EBD/ECA_EXAG_ATL_EBD_2A_20250616T185148Z_20250616T202627Z_05972E.h5, already processed.
Skipping /scratch/nld6854/earthcare/earthcare_data/june_2025/EBD/ECA_EXAG_ATL_EBD_2A_20250616T190323Z_20250616T202457Z_05972F.h5, already processed.
Skipping /scratch/nld6854/earthcare/earthcare_data/june_2025/EBD/ECA_EXAG_ATL_EBD_2A_20250616T191512Z_20250616T202647Z_05972G.h5, already processed.
Skipping /scratch/nld6854/earthcare/earthcare_data/june_2025/EBD/ECA_EXAG_ATL_EBD_2A_20250616T192619Z_20250616T202635Z_05972H.h5, already processed.
Skipping /scratch/nld6854/earthcare/earthcare_data/june_2025/EBD/ECA_EXAG_ATL_EBD_2A_20250616T193808Z_20250616T202815Z_05973A.h5, already processed.
Skipping /scratch/nld6854/earthcare/earthcare_data/june_2025/EBD/ECA_EXAG_ATL_EBD_2A_20250616T194944Z_20250616T202816Z_05973B.h5, already processed.
Selecting frame from 100 to 5244
Selecting frame from 100 to 5244
Selecting frame from 99 to 5166
Selecting frame from 99 to 5166
Selecting frame from 99 to 5244
Selecting frame from 99 to 5244
Selecting frame from 100 to 4926
Selecting frame from 100 to 4926
Selecting frame from 100 to 5244
Selecting frame from 100 to 5244
Selecting frame from 100 to 5167
Selecting frame from 100 to 5167
Selecting frame from 96 to 5241
Selecting frame from 96 to 5241
Selecting frame from 100 to 4926
Selecting frame from 100 to 4926
Selecting frame from 100 to 5244
Selecting frame from 100 to 5244
Selecting frame from 100 to 5167
Selecting frame from 100 to 5167
Selecting frame from 99 to 5243
Selecting frame from 99 to 5243
Selecting frame from 97 to 4924
Selecting frame from 97 to 4924
Selecting frame from 97 to 5241
Selecting frame from 97 to 5241
Selecting frame from 100 to 5167
Selecting frame from 100 to 5167
Selecting frame from 99 to 5244
Selecting frame from 99 to 5244
Skipping /scratch/nld6854/earthcare/earthcare_data/june_2025/EBD/ECA_EXAG_ATL_EBD_2A_20250623T170353Z_20250625T083755Z_06080C.h5, already processed.
Skipping /scratch/nld6854/earthcare/earthcare_data/june_2025/EBD/ECA_EXAG_ATL_EBD_2A_20250623T171457Z_20250625T083740Z_06080D.h5, already processed.
Skipping /scratch/nld6854/earthcare/earthcare_data/june_2025/EBD/ECA_EXAG_ATL_EBD_2A_20250623T172643Z_20250625T083742Z_06080E.h5, already processed.
Skipping /scratch/nld6854/earthcare/earthcare_data/june_2025/EBD/ECA_EXAG_ATL_EBD_2A_20250623T173818Z_20250625T083912Z_06080F.h5, already processed.
Skipping /scratch/nld6854/earthcare/earthcare_data/june_2025/EBD/ECA_EXAG_ATL_EBD_2A_20250623T175007Z_20250625T084831Z_06080G.h5, already processed.
Skipping /scratch/nld6854/earthcare/earthcare_data/june_2025/EBD/ECA_EXAG_ATL_EBD_2A_20250623T180114Z_20250625T084037Z_06080H.h5, already processed.
Skipping /scratch/nld6854/earthcare/earthcare_data/june_2025/EBD/ECA_EXAG_ATL_EBD_2A_20250623T181303Z_20250625T084147Z_06081A.h5, already processed.
Skipping /scratch/nld6854/earthcare/earthcare_data/june_2025/EBD/ECA_EXAG_ATL_EBD_2A_20250623T182439Z_20250625T084151Z_06081B.h5, already processed.
Skipping /scratch/nld6854/earthcare/earthcare_data/june_2025/EBD/ECA_EXAG_ATL_EBD_2A_20250623T183625Z_20250625T084807Z_06081C.h5, already processed.
Skipping /scratch/nld6854/earthcare/earthcare_data/june_2025/EBD/ECA_EXAG_ATL_EBD_2A_20250623T184729Z_20250625T084502Z_06081D.h5, already processed.
Skipping /scratch/nld6854/earthcare/earthcare_data/june_2025/EBD/ECA_EXAG_ATL_EBD_2A_20250623T185916Z_20250625T083924Z_06081E.h5, already processed.
Skipping /scratch/nld6854/earthcare/earthcare_data/june_2025/EBD/ECA_EXAG_ATL_EBD_2A_20250623T191051Z_20250625T084140Z_06081F.h5, already processed.
Skipping /scratch/nld6854/earthcare/earthcare_data/june_2025/EBD/ECA_EXAG_ATL_EBD_2A_20250623T192240Z_20250625T083950Z_06081G.h5, already processed.
Skipping /scratch/nld6854/earthcare/earthcare_data/june_2025/EBD/ECA_EXAG_ATL_EBD_2A_20250623T193347Z_20250625T084336Z_06081H.h5, already processed.
Skipping /scratch/nld6854/earthcare/earthcare_data/june_2025/EBD/ECA_EXAG_ATL_EBD_2A_20250623T194536Z_20250625T084621Z_06082A.h5, already processed.
Selecting frame from 98 to 5243
Selecting frame from 98 to 5243
Selecting frame from 100 to 4925
Selecting frame from 100 to 4925
Selecting frame from 99 to 5244
Selecting frame from 99 to 5244
Selecting frame from 97 to 5164
Selecting frame from 97 to 5164
Selecting frame from 100 to 5244
Selecting frame from 100 to 5244
Selecting frame from 99 to 4925
Selecting frame from 99 to 4925
Selecting frame from 98 to 5243
Selecting frame from 98 to 5243
Selecting frame from 98 to 5165
Selecting frame from 98 to 5165
Selecting frame from 99 to 5244
Selecting frame from 99 to 5244
Selecting frame from 99 to 4925
Selecting frame from 99 to 4925
Selecting frame from 98 to 5242
Selecting frame from 98 to 5242
Selecting frame from 100 to 5167
Selecting frame from 100 to 5167
Selecting frame from 96 to 5240
Selecting frame from 96 to 5240
Selecting frame from 100 to 4926
Selecting frame from 100 to 4926
Selecting frame from 99 to 5244
Selecting frame from 99 to 5244
Skipping /scratch/nld6854/earthcare/earthcare_data/june_2025/EBD/ECA_EXAG_ATL_EBD_2A_20250624T050051Z_20250625T085501Z_06088A.h5, already processed.
Skipping /scratch/nld6854/earthcare/earthcare_data/june_2025/EBD/ECA_EXAG_ATL_EBD_2A_20250624T051227Z_20250625T085445Z_06088B.h5, already processed.
Skipping /scratch/nld6854/earthcare/earthcare_data/june_2025/EBD/ECA_EXAG_ATL_EBD_2A_20250624T052413Z_20250625T085409Z_06088C.h5, already processed.
Skipping /scratch/nld6854/earthcare/earthcare_data/june_2025/EBD/ECA_EXAG_ATL_EBD_2A_20250624T053517Z_20250625T085451Z_06088D.h5, already processed.
Skipping /scratch/nld6854/earthcare/earthcare_data/june_2025/EBD/ECA_EXAG_ATL_EBD_2A_20250624T054704Z_20250625T085413Z_06088E.h5, already processed.
Skipping /scratch/nld6854/earthcare/earthcare_data/june_2025/EBD/ECA_EXAG_ATL_EBD_2A_20250624T055839Z_20250625T085257Z_06088F.h5, already processed.
Skipping /scratch/nld6854/earthcare/earthcare_data/june_2025/EBD/ECA_EXAG_ATL_EBD_2A_20250624T061028Z_20250625T085520Z_06088G.h5, already processed.
Skipping /scratch/nld6854/earthcare/earthcare_data/june_2025/EBD/ECA_EXAG_ATL_EBD_2A_20250624T062135Z_20250625T085222Z_06088H.h5, already processed.
Skipping /scratch/nld6854/earthcare/earthcare_data/june_2025/EBD/ECA_EXAG_ATL_EBD_2A_20250624T063324Z_20250625T085118Z_06089A.h5, already processed.
Skipping /scratch/nld6854/earthcare/earthcare_data/june_2025/EBD/ECA_EXAG_ATL_EBD_2A_20250624T064459Z_20250625T085521Z_06089B.h5, already processed.
Skipping /scratch/nld6854/earthcare/earthcare_data/june_2025/EBD/ECA_EXAG_ATL_EBD_2A_20250624T065646Z_20250625T031834Z_06089C.h5, already processed.
Skipping /scratch/nld6854/earthcare/earthcare_data/june_2025/EBD/ECA_EXAG_ATL_EBD_2A_20250624T070750Z_20250625T031630Z_06089D.h5, already processed.
Skipping /scratch/nld6854/earthcare/earthcare_data/june_2025/EBD/ECA_EXAG_ATL_EBD_2A_20250624T071936Z_20250625T031611Z_06089E.h5, already processed.
Skipping /scratch/nld6854/earthcare/earthcare_data/june_2025/EBD/ECA_EXAG_ATL_EBD_2A_20250624T073112Z_20250625T031603Z_06089F.h5, already processed.
Selecting frame from 98 to 5043
Selecting frame from 98 to 5043
Selecting frame from 99 to 4966
Selecting frame from 99 to 4966
Selecting frame from 97 to 5059
Selecting frame from 97 to 5059
Selecting frame from 100 to 4768
Selecting frame from 100 to 4768
Selecting frame from 99 to 5061
Selecting frame from 99 to 5061
Selecting frame from 99 to 4968
Selecting frame from 99 to 4968
Selecting frame from 99 to 5044
Selecting frame from 99 to 5044
Selecting frame from 99 to 4746
Selecting frame from 99 to 4746
Selecting frame from 99 to 5043
Selecting frame from 99 to 5043
Selecting frame from 96 to 4963
Selecting frame from 96 to 4963
Selecting frame from 98 to 5060
Selecting frame from 98 to 5060
Selecting frame from 97 to 4765
Selecting frame from 97 to 4765
Selecting frame from 96 to 5058
Selecting frame from 96 to 5058
Selecting frame from 95 to 4964
Selecting frame from 95 to 4964
Selecting frame from 99 to 5045
Selecting frame from 99 to 5045
Skipping /scratch/nld6854/earthcare/earthcare_data/june_2025/EBD/ECA_EXAF_ATL_EBD_2A_20250603T050203Z_20250603T070621Z_05761C.h5, already processed.
Skipping /scratch/nld6854/earthcare/earthcare_data/june_2025/EBD/ECA_EXAF_ATL_EBD_2A_20250603T051306Z_20250603T070727Z_05761D.h5, already processed.
Skipping /scratch/nld6854/earthcare/earthcare_data/june_2025/EBD/ECA_EXAF_ATL_EBD_2A_20250603T052453Z_20250603T070822Z_05761E.h5, already processed.
Skipping /scratch/nld6854/earthcare/earthcare_data/june_2025/EBD/ECA_EXAF_ATL_EBD_2A_20250603T053628Z_20250603T070722Z_05761F.h5, already processed.
Skipping /scratch/nld6854/earthcare/earthcare_data/june_2025/EBD/ECA_EXAF_ATL_EBD_2A_20250603T054817Z_20250603T070625Z_05761G.h5, already processed.
Skipping /scratch/nld6854/earthcare/earthcare_data/june_2025/EBD/ECA_EXAF_ATL_EBD_2A_20250603T055924Z_20250603T070721Z_05761H.h5, already processed.
Skipping /scratch/nld6854/earthcare/earthcare_data/june_2025/EBD/ECA_EXAF_ATL_EBD_2A_20250603T061113Z_20250603T070910Z_05762A.h5, already processed.
Skipping /scratch/nld6854/earthcare/earthcare_data/june_2025/EBD/ECA_EXAF_ATL_EBD_2A_20250603T062248Z_20250603T070731Z_05762B.h5, already processed.
Skipping /scratch/nld6854/earthcare/earthcare_data/june_2025/EBD/ECA_EXAF_ATL_EBD_2A_20250603T063435Z_20250603T100922Z_05762C.h5, already processed.
Skipping /scratch/nld6854/earthcare/earthcare_data/june_2025/EBD/ECA_EXAF_ATL_EBD_2A_20250603T064539Z_20250603T100837Z_05762D.h5, already processed.
Skipping /scratch/nld6854/earthcare/earthcare_data/june_2025/EBD/ECA_EXAF_ATL_EBD_2A_20250603T065725Z_20250603T101023Z_05762E.h5, already processed.
Skipping /scratch/nld6854/earthcare/earthcare_data/june_2025/EBD/ECA_EXAF_ATL_EBD_2A_20250603T070900Z_20250603T100728Z_05762F.h5, already processed.
Skipping /scratch/nld6854/earthcare/earthcare_data/june_2025/EBD/ECA_EXAF_ATL_EBD_2A_20250603T072049Z_20250603T100748Z_05762G.h5, already processed.
Selecting frame from 99 to 5044
Selecting frame from 99 to 5044
Selecting frame from 97 to 4744
Selecting frame from 97 to 4744
Selecting frame from 95 to 5040
Selecting frame from 95 to 5040
Selecting frame from 99 to 4966
Selecting frame from 99 to 4966
Selecting frame from 99 to 5092
Selecting frame from 99 to 5092
Selecting frame from 99 to 4767
Selecting frame from 99 to 4767
Selecting frame from 99 to 5061
Selecting frame from 99 to 5061
Selecting frame from 98 to 4966
Selecting frame from 98 to 4966
Selecting frame from 99 to 5044
Selecting frame from 99 to 5044
Selecting frame from 97 to 4744
Selecting frame from 97 to 4744
Selecting frame from 96 to 5041
Selecting frame from 96 to 5041
Selecting frame from 99 to 4965
Selecting frame from 99 to 4965
Selecting frame from 99 to 5060
Selecting frame from 99 to 5060
Selecting frame from 99 to 4767
Selecting frame from 99 to 4767
Selecting frame from 98 to 5060
Selecting frame from 98 to 5060
Selecting frame from 98 to 4967
Selecting frame from 98 to 4967
Skipping /scratch/nld6854/earthcare/earthcare_data/june_2025/EBD/ECA_EXAF_ATL_EBD_2A_20250603T171033Z_20250603T174644Z_05769B.h5, already processed.
Skipping /scratch/nld6854/earthcare/earthcare_data/june_2025/EBD/ECA_EXAF_ATL_EBD_2A_20250603T172220Z_20250603T204955Z_05769C.h5, already processed.
Skipping /scratch/nld6854/earthcare/earthcare_data/june_2025/EBD/ECA_EXAF_ATL_EBD_2A_20250603T173324Z_20250603T204851Z_05769D.h5, already processed.
Skipping /scratch/nld6854/earthcare/earthcare_data/june_2025/EBD/ECA_EXAF_ATL_EBD_2A_20250603T184306Z_20250603T204734Z_05770B.h5, already processed.
Skipping /scratch/nld6854/earthcare/earthcare_data/june_2025/EBD/ECA_EXAF_ATL_EBD_2A_20250603T185452Z_20250603T204833Z_05770C.h5, already processed.
Skipping /scratch/nld6854/earthcare/earthcare_data/june_2025/EBD/ECA_EXAF_ATL_EBD_2A_20250603T190556Z_20250603T205059Z_05770D.h5, already processed.
Skipping /scratch/nld6854/earthcare/earthcare_data/june_2025/EBD/ECA_EXAF_ATL_EBD_2A_20250603T191743Z_20250603T204853Z_05770E.h5, already processed.
Skipping /scratch/nld6854/earthcare/earthcare_data/june_2025/EBD/ECA_EXAF_ATL_EBD_2A_20250603T192918Z_20250603T205100Z_05770F.h5, already processed.
Skipping /scratch/nld6854/earthcare/earthcare_data/june_2025/EBD/ECA_EXAF_ATL_EBD_2A_20250603T194107Z_20250603T204647Z_05770G.h5, already processed.
Skipping /scratch/nld6854/earthcare/earthcare_data/june_2025/EBD/ECA_EXAF_ATL_EBD_2A_20250603T195214Z_20250603T204750Z_05770H.h5, already processed.
Selecting frame from 99 to 5060
Selecting frame from 99 to 5060
Selecting frame from 98 to 4767
Selecting frame from 98 to 4767
Selecting frame from 98 to 5061
Selecting frame from 98 to 5061
Selecting frame from 98 to 4967
Selecting frame from 98 to 4967
Selecting frame from 95 to 5040
Selecting frame from 95 to 5040
Selecting frame from 99 to 4746
Selecting frame from 99 to 4746
Selecting frame from 98 to 5043
Selecting frame from 98 to 5043
Skipping /scratch/nld6854/earthcare/earthcare_data/june_2025/EBD/ECA_EXAG_ATL_EBD_2A_20250614T051013Z_20250614T064647Z_05932E.h5, already processed.
Skipping /scratch/nld6854/earthcare/earthcare_data/june_2025/EBD/ECA_EXAG_ATL_EBD_2A_20250614T052148Z_20250614T064622Z_05932F.h5, already processed.
Skipping /scratch/nld6854/earthcare/earthcare_data/june_2025/EBD/ECA_EXAG_ATL_EBD_2A_20250614T053337Z_20250614T064425Z_05932G.h5, already processed.
Skipping /scratch/nld6854/earthcare/earthcare_data/june_2025/EBD/ECA_EXAG_ATL_EBD_2A_20250614T054444Z_20250614T064530Z_05932H.h5, already processed.
Skipping /scratch/nld6854/earthcare/earthcare_data/june_2025/EBD/ECA_EXAG_ATL_EBD_2A_20250614T055633Z_20250614T064538Z_05933A.h5, already processed.
Skipping /scratch/nld6854/earthcare/earthcare_data/june_2025/EBD/ECA_EXAG_ATL_EBD_2A_20250614T060808Z_20250614T064650Z_05933B.h5, already processed.
Selecting frame from 99 to 4746
Selecting frame from 99 to 4746
Selecting frame from 98 to 5043
Selecting frame from 98 to 5043
Selecting frame from 99 to 4967
Selecting frame from 99 to 4967
Selecting frame from 97 to 5059
Selecting frame from 97 to 5059
Selecting frame from 96 to 4764
Selecting frame from 96 to 4764
Selecting frame from 99 to 5061
Selecting frame from 99 to 5061
Selecting frame from 99 to 4967
Selecting frame from 99 to 4967
Selecting frame from 97 to 5043
Selecting frame from 97 to 5043
Selecting frame from 99 to 4746
Selecting frame from 99 to 4746
Selecting frame from 99 to 5044
Selecting frame from 99 to 5044
Selecting frame from 96 to 4964
Selecting frame from 96 to 4964
Selecting frame from 99 to 5061
Selecting frame from 99 to 5061
Selecting frame from 99 to 4767
Selecting frame from 99 to 4767
Selecting frame from 98 to 5060
Selecting frame from 98 to 5060
Selecting frame from 97 to 4966
Selecting frame from 97 to 4966
Selecting frame from 99 to 5044
Selecting frame from 99 to 5044
Skipping /scratch/nld6854/earthcare/earthcare_data/june_2025/EBD/ECA_EXAG_ATL_EBD_2A_20250614T170742Z_20250614T203830Z_05940C.h5, already processed.
Skipping /scratch/nld6854/earthcare/earthcare_data/june_2025/EBD/ECA_EXAG_ATL_EBD_2A_20250614T171846Z_20250614T203942Z_05940D.h5, already processed.
Skipping /scratch/nld6854/earthcare/earthcare_data/june_2025/EBD/ECA_EXAG_ATL_EBD_2A_20250614T173032Z_20250614T203642Z_05940E.h5, already processed.
Skipping /scratch/nld6854/earthcare/earthcare_data/june_2025/EBD/ECA_EXAG_ATL_EBD_2A_20250614T174207Z_20250614T203917Z_05940F.h5, already processed.
Skipping /scratch/nld6854/earthcare/earthcare_data/june_2025/EBD/ECA_EXAG_ATL_EBD_2A_20250614T175356Z_20250614T203552Z_05940G.h5, already processed.
Skipping /scratch/nld6854/earthcare/earthcare_data/june_2025/EBD/ECA_EXAG_ATL_EBD_2A_20250614T180503Z_20250614T203748Z_05940H.h5, already processed.
Skipping /scratch/nld6854/earthcare/earthcare_data/june_2025/EBD/ECA_EXAG_ATL_EBD_2A_20250614T181652Z_20250614T203911Z_05941A.h5, already processed.
Skipping /scratch/nld6854/earthcare/earthcare_data/june_2025/EBD/ECA_EXAG_ATL_EBD_2A_20250614T182828Z_20250614T203654Z_05941B.h5, already processed.
Selecting frame from 98 to 4745
Selecting frame from 98 to 4745
Selecting frame from 97 to 5043
Selecting frame from 97 to 5043
Selecting frame from 99 to 4967
Selecting frame from 99 to 4967
Selecting frame from 97 to 5059
Selecting frame from 97 to 5059
Selecting frame from 99 to 4768
Selecting frame from 99 to 4768
Selecting frame from 99 to 5062
Selecting frame from 99 to 5062
Selecting frame from 99 to 4968
Selecting frame from 99 to 4968
Selecting frame from 99 to 5045
Selecting frame from 99 to 5045
Selecting frame from 98 to 4745
Selecting frame from 98 to 4745
Selecting frame from 96 to 5041
Selecting frame from 96 to 5041
Selecting frame from 99 to 4967
Selecting frame from 99 to 4967
Selecting frame from 96 to 5058
Selecting frame from 96 to 5058
Selecting frame from 99 to 4768
Selecting frame from 99 to 4768
Selecting frame from 99 to 5062
Selecting frame from 99 to 5062
Selecting frame from 99 to 4968
Selecting frame from 99 to 4968
Selecting frame from 99 to 5045
Selecting frame from 99 to 5045
Skipping /scratch/nld6854/earthcare/earthcare_data/june_2025/EBD/ECA_EXAG_ATL_EBD_2A_20250619T050540Z_20250619T070429Z_06010C.h5, already processed.
Skipping /scratch/nld6854/earthcare/earthcare_data/june_2025/EBD/ECA_EXAG_ATL_EBD_2A_20250619T051644Z_20250619T070628Z_06010D.h5, already processed.
Skipping /scratch/nld6854/earthcare/earthcare_data/june_2025/EBD/ECA_EXAG_ATL_EBD_2A_20250619T052830Z_20250619T070423Z_06010E.h5, already processed.
Skipping /scratch/nld6854/earthcare/earthcare_data/june_2025/EBD/ECA_EXAG_ATL_EBD_2A_20250619T054005Z_20250619T070526Z_06010F.h5, already processed.
Skipping /scratch/nld6854/earthcare/earthcare_data/june_2025/EBD/ECA_EXAG_ATL_EBD_2A_20250619T055154Z_20250619T070509Z_06010G.h5, already processed.
Skipping /scratch/nld6854/earthcare/earthcare_data/june_2025/EBD/ECA_EXAG_ATL_EBD_2A_20250619T060301Z_20250619T070654Z_06010H.h5, already processed.
Skipping /scratch/nld6854/earthcare/earthcare_data/june_2025/EBD/ECA_EXAG_ATL_EBD_2A_20250619T061450Z_20250619T070530Z_06011A.h5, already processed.
Skipping /scratch/nld6854/earthcare/earthcare_data/june_2025/EBD/ECA_EXAG_ATL_EBD_2A_20250619T062626Z_20250619T070622Z_06011B.h5, already processed.
Skipping /scratch/nld6854/earthcare/earthcare_data/june_2025/EBD/ECA_EXAG_ATL_EBD_2A_20250619T063813Z_20250619T100851Z_06011C.h5, already processed.
Skipping /scratch/nld6854/earthcare/earthcare_data/june_2025/EBD/ECA_EXAG_ATL_EBD_2A_20250619T064916Z_20250619T100952Z_06011D.h5, already processed.
Skipping /scratch/nld6854/earthcare/earthcare_data/june_2025/EBD/ECA_EXAG_ATL_EBD_2A_20250619T070103Z_20250619T100848Z_06011E.h5, already processed.
Skipping /scratch/nld6854/earthcare/earthcare_data/june_2025/EBD/ECA_EXAG_ATL_EBD_2A_20250619T071238Z_20250619T100637Z_06011F.h5, already processed.
Skipping /scratch/nld6854/earthcare/earthcare_data/june_2025/EBD/ECA_EXAG_ATL_EBD_2A_20250619T072427Z_20250619T100409Z_06011G.h5, already processed.
Skipping /scratch/nld6854/earthcare/earthcare_data/june_2025/EBD/ECA_EXAG_ATL_EBD_2A_20250619T073534Z_20250619T100439Z_06011H.h5, already processed.
Skipping /scratch/nld6854/earthcare/earthcare_data/june_2025/EBD/ECA_EXAG_ATL_EBD_2A_20250619T074723Z_20250619T100853Z_06012A.h5, already processed.
Selecting frame from 99 to 5045
Selecting frame from 99 to 5045
Selecting frame from 99 to 4746
Selecting frame from 99 to 4746
Selecting frame from 98 to 5044
Selecting frame from 98 to 5044
Selecting frame from 95 to 4963
Selecting frame from 95 to 4963
Selecting frame from 98 to 5061
Selecting frame from 98 to 5061
Selecting frame from 99 to 4767
Selecting frame from 99 to 4767
Selecting frame from 98 to 5060
Selecting frame from 98 to 5060
Selecting frame from 97 to 4966
Selecting frame from 97 to 4966
Selecting frame from 99 to 5045
Selecting frame from 99 to 5045
Selecting frame from 98 to 4745
Selecting frame from 98 to 4745
Selecting frame from 97 to 5043
Selecting frame from 97 to 5043
Selecting frame from 99 to 4967
Selecting frame from 99 to 4967
Selecting frame from 98 to 5060
Selecting frame from 98 to 5060
Selecting frame from 97 to 4766
Selecting frame from 97 to 4766
Selecting frame from 96 to 5058
Selecting frame from 96 to 5058
Skipping /scratch/nld6854/earthcare/earthcare_data/june_2025/EBD/ECA_EXAG_ATL_EBD_2A_20250619T170240Z_20250619T175344Z_06018A.h5, already processed.
Skipping /scratch/nld6854/earthcare/earthcare_data/june_2025/EBD/ECA_EXAG_ATL_EBD_2A_20250619T171416Z_20250619T175342Z_06018B.h5, already processed.
Skipping /scratch/nld6854/earthcare/earthcare_data/june_2025/EBD/ECA_EXAG_ATL_EBD_2A_20250619T172603Z_20250619T205909Z_06018C.h5, already processed.
Skipping /scratch/nld6854/earthcare/earthcare_data/june_2025/EBD/ECA_EXAG_ATL_EBD_2A_20250619T173707Z_20250619T210023Z_06018D.h5, already processed.
Skipping /scratch/nld6854/earthcare/earthcare_data/june_2025/EBD/ECA_EXAG_ATL_EBD_2A_20250619T174853Z_20250619T205639Z_06018E.h5, already processed.
Skipping /scratch/nld6854/earthcare/earthcare_data/june_2025/EBD/ECA_EXAG_ATL_EBD_2A_20250619T180029Z_20250619T205740Z_06018F.h5, already processed.
Skipping /scratch/nld6854/earthcare/earthcare_data/june_2025/EBD/ECA_EXAG_ATL_EBD_2A_20250619T181217Z_20250619T210009Z_06018G.h5, already processed.
Skipping /scratch/nld6854/earthcare/earthcare_data/june_2025/EBD/ECA_EXAG_ATL_EBD_2A_20250619T182324Z_20250619T205752Z_06018H.h5, already processed.
Skipping /scratch/nld6854/earthcare/earthcare_data/june_2025/EBD/ECA_EXAG_ATL_EBD_2A_20250619T183513Z_20250619T205658Z_06019A.h5, already processed.
Skipping /scratch/nld6854/earthcare/earthcare_data/june_2025/EBD/ECA_EXAG_ATL_EBD_2A_20250619T184649Z_20250619T205550Z_06019B.h5, already processed.
Skipping /scratch/nld6854/earthcare/earthcare_data/june_2025/EBD/ECA_EXAG_ATL_EBD_2A_20250619T185836Z_20250619T205906Z_06019C.h5, already processed.
Selecting frame from 98 to 5044
Selecting frame from 98 to 5044
Selecting frame from 99 to 4745
Selecting frame from 99 to 4745
Selecting frame from 99 to 5045
Selecting frame from 99 to 5045
Selecting frame from 97 to 4965
Selecting frame from 97 to 4965
Selecting frame from 99 to 5061
Selecting frame from 99 to 5061
Selecting frame from 99 to 4768
Selecting frame from 99 to 4768
Selecting frame from 99 to 5061
Selecting frame from 99 to 5061
Selecting frame from 98 to 4966
Selecting frame from 98 to 4966
Selecting frame from 99 to 5045
Selecting frame from 99 to 5045
Selecting frame from 99 to 4746
Selecting frame from 99 to 4746
Selecting frame from 98 to 5043
Selecting frame from 98 to 5043
Selecting frame from 99 to 4967
Selecting frame from 99 to 4967
Selecting frame from 97 to 5059
Selecting frame from 97 to 5059
Selecting frame from 96 to 4765
Selecting frame from 96 to 4765
Selecting frame from 96 to 5058
Selecting frame from 96 to 5058
Selecting frame from 99 to 4968
Selecting frame from 99 to 4968
Selecting frame from 99 to 5244
Selecting frame from 99 to 5244
Selecting frame from 99 to 4968
Selecting frame from 99 to 4968
Selecting frame from 99 to 5044
Selecting frame from 99 to 5044
Selecting frame from 99 to 4746
Selecting frame from 99 to 4746
Selecting frame from 99 to 5044
Selecting frame from 99 to 5044
Selecting frame from 97 to 4965
Selecting frame from 97 to 4965
Selecting frame from 99 to 5061
Selecting frame from 99 to 5061
Selecting frame from 99 to 4768
Selecting frame from 99 to 4768
Selecting frame from 99 to 5061
Selecting frame from 99 to 5061
Selecting frame from 98 to 4966
Selecting frame from 98 to 4966
Selecting frame from 99 to 5045
Selecting frame from 99 to 5045
Selecting frame from 99 to 4746
Selecting frame from 99 to 4746
Selecting frame from 97 to 5041
Selecting frame from 97 to 5041
Selecting frame from 98 to 4966
Selecting frame from 98 to 4966
Selecting frame from 99 to 5060
Selecting frame from 99 to 5060
Selecting frame from 99 to 4768
Selecting frame from 99 to 4768
Selecting frame from 99 to 5061
Selecting frame from 99 to 5061
Selecting frame from 99 to 4968
Selecting frame from 99 to 4968
Selecting frame from 97 to 5042
Selecting frame from 97 to 5042
Selecting frame from 99 to 4746
Selecting frame from 99 to 4746
Selecting frame from 99 to 5044
Selecting frame from 99 to 5044
Selecting frame from 99 to 4966
Selecting frame from 99 to 4966
Selecting frame from 97 to 5058
Selecting frame from 97 to 5058
Skipping /scratch/nld6854/earthcare/earthcare_data/june_2025/EBD/ECA_EXAF_ATL_EBD_2A_20250602T050740Z_20250602T063424Z_05745G.h5, already processed.
Skipping /scratch/nld6854/earthcare/earthcare_data/june_2025/EBD/ECA_EXAF_ATL_EBD_2A_20250602T051847Z_20250602T063253Z_05745H.h5, already processed.
Skipping /scratch/nld6854/earthcare/earthcare_data/june_2025/EBD/ECA_EXAF_ATL_EBD_2A_20250602T053036Z_20250602T063635Z_05746A.h5, already processed.
Skipping /scratch/nld6854/earthcare/earthcare_data/june_2025/EBD/ECA_EXAF_ATL_EBD_2A_20250602T054212Z_20250602T092352Z_05746B.h5, already processed.
Skipping /scratch/nld6854/earthcare/earthcare_data/june_2025/EBD/ECA_EXAF_ATL_EBD_2A_20250602T055359Z_20250602T092351Z_05746C.h5, already processed.
Skipping /scratch/nld6854/earthcare/earthcare_data/june_2025/EBD/ECA_EXAF_ATL_EBD_2A_20250602T060502Z_20250602T092449Z_05746D.h5, already processed.
Skipping /scratch/nld6854/earthcare/earthcare_data/june_2025/EBD/ECA_EXAF_ATL_EBD_2A_20250602T061649Z_20250602T092248Z_05746E.h5, already processed.
Skipping /scratch/nld6854/earthcare/earthcare_data/june_2025/EBD/ECA_EXAF_ATL_EBD_2A_20250602T062824Z_20250602T092447Z_05746F.h5, already processed.
Skipping /scratch/nld6854/earthcare/earthcare_data/june_2025/EBD/ECA_EXAF_ATL_EBD_2A_20250602T064013Z_20250602T092405Z_05746G.h5, already processed.
Skipping /scratch/nld6854/earthcare/earthcare_data/june_2025/EBD/ECA_EXAF_ATL_EBD_2A_20250602T065120Z_20250602T092503Z_05746H.h5, already processed.
Skipping /scratch/nld6854/earthcare/earthcare_data/june_2025/EBD/ECA_EXAF_ATL_EBD_2A_20250602T070309Z_20250602T092353Z_05747A.h5, already processed.
Skipping /scratch/nld6854/earthcare/earthcare_data/june_2025/EBD/ECA_EXAF_ATL_EBD_2A_20250602T071444Z_20250602T092150Z_05747B.h5, already processed.
Skipping /scratch/nld6854/earthcare/earthcare_data/june_2025/EBD/ECA_EXAF_ATL_EBD_2A_20250602T072631Z_20250602T092250Z_05747C.h5, already processed.
Skipping /scratch/nld6854/earthcare/earthcare_data/june_2025/EBD/ECA_EXAF_ATL_EBD_2A_20250602T073735Z_20250602T092459Z_05747D.h5, already processed.
Skipping /scratch/nld6854/earthcare/earthcare_data/june_2025/EBD/ECA_EXAF_ATL_EBD_2A_20250602T074921Z_20250602T092357Z_05747E.h5, already processed.
Selecting frame from 98 to 5060
Selecting frame from 98 to 5060
Selecting frame from 97 to 4765
Selecting frame from 97 to 4765
Selecting frame from 99 to 5061
Selecting frame from 99 to 5061
Selecting frame from 99 to 4967
Selecting frame from 99 to 4967
Selecting frame from 98 to 5043
Selecting frame from 98 to 5043
Selecting frame from 99 to 4746
Selecting frame from 99 to 4746
Selecting frame from 99 to 5044
Selecting frame from 99 to 5044
Selecting frame from 96 to 4964
Selecting frame from 96 to 4964
Selecting frame from 99 to 5060
Selecting frame from 99 to 5060
Selecting frame from 98 to 4766
Selecting frame from 98 to 4766
Selecting frame from 97 to 5058
Selecting frame from 97 to 5058
Selecting frame from 98 to 4967
Selecting frame from 98 to 4967
Selecting frame from 99 to 5042
Selecting frame from 99 to 5042
Selecting frame from 95 to 4738
Selecting frame from 95 to 4738
Selecting frame from 99 to 5020
Selecting frame from 99 to 5020
Skipping /scratch/nld6854/earthcare/earthcare_data/june_2025/EBD/ECA_EXAF_ATL_EBD_2A_20250602T170435Z_20250602T201442Z_05753E.h5, already processed.
Skipping /scratch/nld6854/earthcare/earthcare_data/june_2025/EBD/ECA_EXAF_ATL_EBD_2A_20250602T171610Z_20250602T201542Z_05753F.h5, already processed.
Skipping /scratch/nld6854/earthcare/earthcare_data/june_2025/EBD/ECA_EXAF_ATL_EBD_2A_20250602T172759Z_20250602T201401Z_05753G.h5, already processed.
Skipping /scratch/nld6854/earthcare/earthcare_data/june_2025/EBD/ECA_EXAF_ATL_EBD_2A_20250602T173906Z_20250602T201547Z_05753H.h5, already processed.
Skipping /scratch/nld6854/earthcare/earthcare_data/june_2025/EBD/ECA_EXAF_ATL_EBD_2A_20250602T175055Z_20250602T201245Z_05754A.h5, already processed.
Skipping /scratch/nld6854/earthcare/earthcare_data/june_2025/EBD/ECA_EXAF_ATL_EBD_2A_20250602T180230Z_20250602T201435Z_05754B.h5, already processed.
Skipping /scratch/nld6854/earthcare/earthcare_data/june_2025/EBD/ECA_EXAF_ATL_EBD_2A_20250602T181417Z_20250602T201137Z_05754C.h5, already processed.
Skipping /scratch/nld6854/earthcare/earthcare_data/june_2025/EBD/ECA_EXAF_ATL_EBD_2A_20250602T182521Z_20250602T201348Z_05754D.h5, already processed.
Skipping /scratch/nld6854/earthcare/earthcare_data/june_2025/EBD/ECA_EXAF_ATL_EBD_2A_20250602T183707Z_20250602T201246Z_05754E.h5, already processed.
Skipping /scratch/nld6854/earthcare/earthcare_data/june_2025/EBD/ECA_EXAF_ATL_EBD_2A_20250602T184842Z_20250602T201234Z_05754F.h5, already processed.
Skipping /scratch/nld6854/earthcare/earthcare_data/june_2025/EBD/ECA_EXAF_ATL_EBD_2A_20250602T190031Z_20250602T201239Z_05754G.h5, already processed.
Skipping /scratch/nld6854/earthcare/earthcare_data/june_2025/EBD/ECA_EXAF_ATL_EBD_2A_20250602T191138Z_20250602T201234Z_05754H.h5, already processed.
Skipping /scratch/nld6854/earthcare/earthcare_data/june_2025/EBD/ECA_EXAF_ATL_EBD_2A_20250602T192327Z_20250602T201242Z_05755A.h5, already processed.
Skipping /scratch/nld6854/earthcare/earthcare_data/june_2025/EBD/ECA_EXAF_ATL_EBD_2A_20250602T193503Z_20250602T201402Z_05755B.h5, already processed.
Skipping /scratch/nld6854/earthcare/earthcare_data/june_2025/EBD/ECA_EXAF_ATL_EBD_2A_20250602T194649Z_20250602T231254Z_05755C.h5, already processed.
Sel[ECMWF-INFO -ecepilog] ----------------------------------------------------------------------------------------------------
[ECMWF-INFO -ecepilog] This is the ECMWF job Epilogue
[ECMWF-INFO -ecepilog] +++ Please report issues using the Support portal +++
[ECMWF-INFO -ecepilog] +++ https://support.ecmwf.int                     +++
[ECMWF-INFO -ecepilog] ----------------------------------------------------------------------------------------------------
[ECMWF-INFO -ecepilog] Run at 2025-10-28T08:22:44 on ac
[ECMWF-INFO -ecepilog] JobName                   : 2saveCAMS
[ECMWF-INFO -ecepilog] JobID                     : 35210300
[ECMWF-INFO -ecepilog] Submit                    : 2025-10-28T07:15:26
[ECMWF-INFO -ecepilog] Start                     : 2025-10-28T07:15:31
[ECMWF-INFO -ecepilog] End                       : 2025-10-28T08:22:44
[ECMWF-INFO -ecepilog] QueuedTime                : 5.0
[ECMWF-INFO -ecepilog] ElapsedRaw                : 4033
[ECMWF-INFO -ecepilog] ExitCode                  : 0:0
[ECMWF-INFO -ecepilog] DerivedExitCode           : 0:0
[ECMWF-INFO -ecepilog] State                     : COMPLETED
[ECMWF-INFO -ecepilog] Account                   : nlchekli
[ECMWF-INFO -ecepilog] QOS                       : np
[ECMWF-INFO -ecepilog] User                      : nld6854
[ECMWF-INFO -ecepilog] StdOut                    : /etc/ecmwf/nfs/dh1_home_b/nld6854/earthcare_scripts/scripts/april_2025/2_extinction_prof/2saveCAMS.35210300.log
[ECMWF-INFO -ecepilog] StdErr                    : /etc/ecmwf/nfs/dh1_home_b/nld6854/earthcare_scripts/scripts/april_2025/2_extinction_prof/2saveCAMS.35210300.log
[ECMWF-INFO -ecepilog] NNodes                    : 1
[ECMWF-INFO -ecepilog] NCPUS                     : 256
[ECMWF-INFO -ecepilog] SBU                       : 2446.854
[ECMWF-INFO -ecepilog] jobtag                    : nld6854-2saveCAMS-1x256-/etc/ecmwf/nfs/dh1_home_b/nld6854/earthcare_scripts/scripts/april_2025/2_extinction_prof/2saveCAMS._JOBID_.log
[ECMWF-INFO -ecepilog] ----------------------------------------------------------------------------------------------------

