[ECMWF-INFO -sbatch] - -------------------------------------------------------------------------------------
[ECMWF-INFO -sbatch] -  This is the ECMWF jobfilter
[ECMWF-INFO -sbatch] -  +++ Please report issues using the Support portal +++
[ECMWF-INFO -sbatch] -  +++ https://support.ecmwf.int                     +++
[ECMWF-INFO -sbatch] -  /usr/local/bin/ecsbatch: size: 53180, mtime: Wed Sep 24 13:03:55 2025
[ECMWF-INFO -sbatch] - -------------------------------------------------------------------------------------
[ECMWF-INFO -sbatch] - Time at submit: Thu Oct  9 10:09:55 2025 (1760004595.4889696) on ac6-100.bullx:/etc/ecmwf/nfs/dh1_home_b/nld6854/earthcare_scripts/scripts/april_2025/3_co-located_orbits
[ECMWF-INFO -sbatch] - --- SLURM VARIABLES ---
[ECMWF-INFO -sbatch] - EC_CLUSTER=ac
[ECMWF-INFO -sbatch] - SLURM_EXPORT_ENV=ALL
[ECMWF-INFO -sbatch] - SBATCH_EXPORT=NONE
[ECMWF-INFO -sbatch] - -----------------------
[ECMWF-INFO -sbatch] - jobscript: /etc/ecmwf/nfs/dh1_home_b/nld6854/earthcare_scripts/scripts/april_2025/3_co-located_orbits/test.job
[ECMWF-INFO -sbatch] - --- SCRIPT OPTIONS ---
[ECMWF-INFO -sbatch] - #SBATCH --output=%x.%j.log
[ECMWF-INFO -sbatch] - #SBATCH --job-name=3_co-located
[ECMWF-INFO -sbatch] - #SBATCH --qos=np
[ECMWF-INFO -sbatch] - #SBATCH --nodes=1
[ECMWF-INFO -sbatch] - #SBATCH --ntasks-per-node=32
[ECMWF-INFO -sbatch] - #SBATCH --cpus-per-task=4
[ECMWF-INFO -sbatch] - #SBATCH --hint=nomultithread
[ECMWF-INFO -sbatch] - -----------------------
[ECMWF-INFO -sbatch] - --- POST-PROCESSED OPTIONS ---
[ECMWF-INFO -sbatch] - ARG --positional=['test.job']
[ECMWF-INFO -sbatch] - ARG --cpus_per_task=4
[ECMWF-INFO -sbatch] - ARG --job_name=3_co-located
[ECMWF-INFO -sbatch] - ARG --ntasks_per_node=32
[ECMWF-INFO -sbatch] - ARG --nodes=1
[ECMWF-INFO -sbatch] - ARG --output=%x.%j.log
[ECMWF-INFO -sbatch] - ARG --qos=np
[ECMWF-INFO -sbatch] - ARG --hint=nomultithread
[ECMWF-INFO -sbatch] - ------------------------------
[ECMWF-INFO -sbatch] - jobtag: nld6854-3_co-located-1x256-/etc/ecmwf/nfs/dh1_home_b/nld6854/earthcare_scripts/scripts/april_2025/3_co-located_orbits/3_co-located._JOBID_.log
[ECMWF-INFO -sbatch] - ------------------------------
[ECMWF-INFO -sbatch] - Average Walltime 863 with a Standard Deviation 614
[ECMWF-INFO -sbatch] - Runtime history
[ECMWF-INFO -sbatch] -   Date               | Cores   Cluster   Walltime       Mem
[ECMWF-INFO -sbatch] -   08.10.2025 - 13:51 | 256        ac         1332       240000M   
[ECMWF-INFO -sbatch] -   06.10.2025 - 14:09 | 256        ac         1384       240000M   
[ECMWF-INFO -sbatch] -   06.10.2025 - 13:20 | 256        ac         225        240000M   
[ECMWF-INFO -sbatch] -   03.10.2025 - 15:53 | 256        ac         1367       240000M   
[ECMWF-INFO -sbatch] -   03.10.2025 - 15:27 | 256        ac         11         240000M   
[ECMWF-INFO -sbatch] - ['/usr/bin/sbatch', '--cpus-per-task=4', '--job-name=3_co-located', '--ntasks-per-node=32', '--nodes=1', '--output=%x.%j.log', '--qos=np', '--hint=nomultithread', '--licenses=h2resw01', '--time=00:24:37', '/etc/ecmwf/nfs/dh1_home_b/nld6854/earthcare_scripts/scripts/april_2025/3_co-located_orbits/test.job']
[ECMWF-INFO -sbatch] - sbatch executed on ac
[ECMWF-INFO -sbatch] - Job queued on ac using method local
[ECMWF-INFO -sbatch] - Submitted batch job 37455613
[ECMWF-INFO -ecprofile] /usr/bin/bash NON_INTERACTIVE on ac2-3000 at 20251009_101012.378, PID: 1180178, JOBID: 37455613
[ECMWF-INFO -ecprofile] $SCRATCH=/ec/res4/scratch/nld6854
[ECMWF-INFO -ecprofile] $PERM=/perm/nld6854
[ECMWF-INFO -ecprofile] $HPCPERM=/ec/res4/hpcperm/nld6854
[ECMWF-INFO -ecprofile] $TMPDIR=/dev/shm/_tmpdir_.nld6854.37455613
[ECMWF-INFO -ecprofile] $SCRATCHDIR=/ec/res4/scratchdir/nld6854/5/37455613
<IPython.core.display.HTML object>
Selecting frame from 99 to 5044
Selecting frame from 99 to 5044
Selecting frame from 99 to 5044
Selecting frame from 99 to 5044
Selecting frame from 99 to 5044
Selecting frame from 98 to 4966
Selecting frame from 98 to 4966
Selecting frame from 99 to 5061
Selecting frame from 99 to 5061
Selecting frame from 99 to 4768
Selecting frame from 99 to 4768
Selecting frame from 99 to 5061
Selecting frame from 99 to 5061
Selecting frame from 99 to 4968
Selecting frame from 99 to 4968
Selecting frame from 96 to 5042
Selecting frame from 96 to 5042
Selecting frame from 99 to 4746
Selecting frame from 99 to 4746
Selecting frame from 99 to 5044
Selecting frame from 99 to 5044
Selecting frame from 99 to 4967
Selecting frame from 99 to 4967
Selecting frame from 99 to 5061
Selecting frame from 99 to 5061
Selecting frame from 98 to 4767
Selecting frame from 98 to 4767
Selecting frame from 97 to 3115
Selecting frame from 97 to 3115
Selecting frame from 99 to 5045
Selecting frame from 99 to 5045
Selecting frame from 98 to 4745
Selecting frame from 98 to 4745
Selecting frame from 97 to 5042
Selecting frame from 97 to 5042
Selecting frame from 99 to 4967
Selecting frame from 99 to 4967
Selecting frame from 96 to 5058
Selecting frame from 96 to 5058
Selecting frame from 100 to 4768
Selecting frame from 100 to 4768
Selecting frame from 99 to 5062
Selecting frame from 99 to 5062
Selecting frame from 99 to 4968
Selecting frame from 99 to 4968
Selecting frame from 99 to 5045
Selecting frame from 99 to 5045
Selecting frame from 99 to 4745
Selecting frame from 99 to 4745
Selecting frame from 99 to 5044
Selecting frame from 99 to 5044
Selecting frame from 97 to 4965
Selecting frame from 97 to 4965
Selecting frame from 99 to 5061
Selecting frame from 99 to 5061
Selecting frame from 99 to 4768
Selecting frame from 99 to 4768
Selecting frame from 99 to 5061
Selecting frame from 99 to 5061
Selecting frame from 98 to 4968
Selecting frame from 98 to 4968
Selecting frame from 96 to 5042
Selecting frame from 96 to 5042
Selecting frame from 99 to 4745
Selecting frame from 99 to 4745
Selecting frame from 98 to 5044
Selecting frame from 98 to 5044
Selecting frame from 99 to 4966
Selecting frame from 99 to 4966
Selecting frame from 98 to 5060
Selecting frame from 98 to 5060
Selecting frame from 97 to 4766
Selecting frame from 97 to 4766
Selecting frame from 97 to 5059
Selecting frame from 97 to 5059
Selecting frame from 96 to 4965
Selecting frame from 96 to 4965
Selecting frame from 98 to 4924
Selecting frame from 98 to 4924
Selecting frame from 96 to 5042
Selecting frame from 96 to 5042
Selecting frame from 99 to 4967
Selecting frame from 99 to 4967
Selecting frame from 97 to 5059
Selecting frame from 97 to 5059
Selecting frame from 100 to 4768
Selecting frame from 100 to 4768
Selecting frame from 99 to 5062
Selecting frame from 99 to 5062
Selecting frame from 99 to 4968
Selecting frame from 99 to 4968
Selecting frame from 99 to 5044
Selecting frame from 99 to 5044
Selecting frame from 99 to 4747
Selecting frame from 99 to 4747
Selecting frame from 99 to 5021
Selecting frame from 99 to 5021
Selecting frame from 98 to 4966
Selecting frame from 98 to 4966
Selecting frame from 99 to 5061
Selecting frame from 99 to 5061
Selecting frame from 99 to 4768
Selecting frame from 99 to 4768
Selecting frame from 99 to 5062
Selecting frame from 99 to 5062
Selecting frame from 99 to 4967
Selecting frame from 99 to 4967
Selecting frame from 97 to 5043
Selecting frame from 97 to 5043
Selecting frame from 99 to 4746
Selecting frame from 99 to 4746
Selecting frame from 99 to 5044
Selecting frame from 99 to 5044
Selecting frame from 96 to 4965
Selecting frame from 96 to 4965
Selecting frame from 99 to 5061
Selecting frame from 99 to 5061
Selecting frame from 99 to 4768
Selecting frame from 99 to 4768
Selecting frame from 99 to 5061
Selecting frame from 99 to 5061
Selecting frame from 98 to 4966
Selecting frame from 98 to 4966
Selecting frame from 99 to 5045
Selecting frame from 99 to 5045
Selecting frame from 98 to 4745
Selecting frame from 98 to 4745
Selecting frame from 97 to 5042
Selecting frame from 97 to 5042
Selecting frame from 99 to 4968
Selecting frame from 99 to 4968
Selecting frame from 98 to 5060
Selecting frame from 98 to 5060
Selecting frame from 97 to 4766
Selecting frame from 97 to 4766
Selecting frame from 96 to 5058
Selecting frame from 96 to 5058
Selecting frame from 99 to 4967
Selecting frame from 99 to 4967
Selecting frame from 99 to 5045
Selecting frame from 99 to 5045
Selecting frame from 96 to 4742
Selecting frame from 96 to 4742
Selecting frame from 98 to 5044
Selecting frame from 98 to 5044
Selecting frame from 98 to 4966
Selecting frame from 98 to 4966
Selecting frame from 99 to 5061
Selecting frame from 99 to 5061
Selecting frame from 99 to 4768
Selecting frame from 99 to 4768
Selecting frame from 99 to 5061
Selecting frame from 99 to 5061
Selecting frame from 99 to 4968
Selecting frame from 99 to 4968
Selecting frame from 96 to 5041
Selecting frame from 96 to 5041
Selecting frame from 99 to 4746
Selecting frame from 99 to 4746
Selecting frame from 99 to 5045
Selecting frame from 99 to 5045
Selecting frame from 96 to 4964
Selecting frame from 96 to 4964
Selecting frame from 99 to 5061
Selecting frame from 99 to 5061
Selecting frame from 98 to 4766
Selecting frame from 98 to 4766
Selecting frame from 97 to 5060
Selecting frame from 97 to 5060
Selecting frame from 99 to 4967
Selecting frame from 99 to 4967
Selecting frame from 99 to 5045
Selecting frame from 99 to 5045
Selecting frame from 97 to 4744
Selecting frame from 97 to 4744
Selecting frame from 96 to 5041
Selecting frame from 96 to 5041
Selecting frame from 99 to 4967
Selecting frame from 99 to 4967
Selecting frame from 96 to 5058
Selecting frame from 96 to 5058
Selecting frame from 99 to 4767
Selecting frame from 99 to 4767
Selecting frame from 99 to 5062
Selecting frame from 99 to 5062
Selecting frame from 99 to 4968
Selecting frame from 99 to 4968
Selecting frame from 98 to 5044
Selecting frame from 98 to 5044
Selecting frame from 99 to 4745
Selecting frame from 99 to 4745
Selecting frame from 99 to 5045
Selecting frame from 99 to 5045
Selecting frame from 97 to 4965
Selecting frame from 97 to 4965
Selecting frame from 99 to 5061
Selecting frame from 99 to 5061
Selecting frame from 99 to 4767
Selecting frame from 99 to 4767
Selecting frame from 98 to 5061
Selecting frame from 98 to 5061
Selecting frame from 98 to 4966
Selecting frame from 98 to 4966
Selecting frame from 99 to 5046
Selecting frame from 99 to 5046
Selecting frame from 99 to 4746
Selecting frame from 99 to 4746
Selecting frame from 99 to 5044
Selecting frame from 99 to 5044
Selecting frame from 99 to 4967
Selecting frame from 99 to 4967
Selecting frame from 98 to 5060
Selecting frame from 98 to 5060
Selecting frame from 97 to 4766
Selecting frame from 97 to 4766
Selecting frame from 97 to 5059
Selecting frame from 97 to 5059
Selecting frame from 96 to 4965
Selecting frame from 96 to 4965
Selecting frame from 99 to 5045
Selecting frame from 99 to 5045
Selecting frame from 98 to 4745
Selecting frame from 98 to 4745
Selecting frame from 96 to 5042
Selecting frame from 96 to 5042
Selecting frame from 99 to 4967
Selecting frame from 99 to 4967
Selecting frame from 97 to 5058
Selecting frame from 97 to 5058
Selecting frame from 99 to 4768
Selecting frame from 99 to 4768
Selecting frame from 99 to 5061
Selecting frame from 99 to 5061
Selecting frame from 94 to 4963
Selecting frame from 94 to 4963
Selecting frame from 98 to 5044
Selecting frame from 98 to 5044
Selecting frame from 99 to 4746
Selecting frame from 99 to 4746
Selecting frame from 99 to 5045
Selecting frame from 99 to 5045
Selecting frame from 96 to 5041
Selecting frame from 96 to 5041
Selecting frame from 98 to 4966
Selecting frame from 98 to 4966
Selecting frame from 98 to 4966
Selecting frame from 98 to 4966
Selecting frame from 96 to 5059
Selecting frame from 96 to 5059
Selecting frame from 96 to 5059
Selecting frame from 96 to 5059
Selecting frame from 96 to 4764
Selecting frame from 96 to 4764
Selecting frame from 96 to 4764
Selecting frame from 96 to 4764
Selecting frame from 95 to 5058
Selecting frame from 95 to 5058
Selecting frame from 95 to 5058
Selecting frame from 95 to 5058
Selecting frame from 95 to 4964
Selecting frame from 95 to 4964
Selecting frame from 95 to 4964
Selecting frame from 95 to 4964
Selecting frame from 99 to 5045
Selecting frame from 99 to 5045
Selecting frame frSelecting frame from 99 to 5061
Selecting frame from 99 to 5061
Selecting frame from 100 to 4768
Selecting frame from 100 to 4768
Selecting frame from 98 to 5060
Selecting frame from 98 to 5060
Selecting frame from 98 to 4967
Selecting frame from 98 to 4967
Selecting frame from 94 to 5039
Selecting frame from 94 to 5039
Selecting frame from 98 to 4745
Selecting frame from 98 to 4745
Selecting frame from 96 to 5040
Selecting frame from 96 to 5040
Selecting frame from 99 to 4967
Selecting frame from 99 to 4967
Selecting frame from 95 to 5056
Selecting frame from 95 to 5056
Selecting frame from 99 to 4767
Selecting frame from 99 to 4767
Selecting frame from 99 to 5062
Selecting frame from 99 to 5062
Selecting frame from 99 to 4968
Selecting frame from 99 to 4968
Selecting frame from 96 to 5041
Selecting frame from 96 to 5041
Selecting frame from 99 to 4745
Selecting frame from 99 to 4745
Selecting frame from 97 to 5042
Selecting frame from 97 to 5042
Selecting frame from 99 to 4966
Selecting frame from 99 to 4966
Selecting frame from 96 to 5058
Selecting frame from 96 to 5058
Selecting frame from 99 to 4767
Selecting frame from 99 to 4767
Selecting frame from 99 to 5061
Selecting frame from 99 to 5061
Selecting frame from 99 to 4968
Selecting frame from 99 to 4968
Selecting frame from 97 to 5043
Selecting frame from 97 to 5043
Selecting frame from 99 to 4746
Selecting frame from 99 to 4746
Selecting frame from 99 to 5044
Selecting frame from 99 to 5044
Selecting frame from 96 to 4963
Selecting frame from 96 to 4963
Selecting frame from 99 to 5060
Selecting frame from 99 to 5060
Selecting frame from 96 to 4764
Selecting frame from 96 to 4764
Selecting frame from 95 to 5057
Selecting frame from 95 to 5057
Selecting frame from 94 to 4963
Selecting frame from 94 to 4963
Selecting frame from 99 to 5045
Selecting frame from 99 to 5045
Selecting frame from 98 to 5044
Selecting frame from 98 to 5044
Selecting frame from 97 to 4744
Selecting frame from 97 to 4744
Selecting frame from 97 to 4766
Selecting frame from 97 to 4766
Selecting frame from 94 to 4963
Selecting frame from 94 to 4963
Selecting frame from 99 to 5045
Selecting frame from 99 to 5045
Selecting frame from 96 to 4743
Selecting frame from 96 to 4743
Selecting frame from 99 to 5044
Selecting frame from 99 to 5044
Selecting frame from 98 to 4965
Selecting frame from 98 to 4965
Selecting frame from 99 to 5061
Selecting frame from 99 to 5061
Selecting frame from 99 to 4767
Selecting frame from 99 to 4767
Selecting frame from 98 to 5060
Selecting frame from 98 to 5060
Selecting frame from 97 to 4966
Selecting frame from 97 to 4966
Selecting frame from 99 to 5044
Selecting frame from 99 to 5044
Selecting frame from 98 to 4745
Selecting frame from 98 to 4745
Selecting frame from 96 to 5041
Selecting frame from 96 to 5041
Selecting frame from 99 to 4966
Selecting frame from 99 to 4966
Selecting frame from 98 to 5060
Selecting frame from 98 to 5060
Selecting frame from 99 to 4768
Selecting frame from 99 to 4768
Selecting frame from 99 to 5061
Selecting frame from 99 to 5061
Selecting frame from 99 to 4967
Selecting frame from 99 to 4967
Selecting frame from 96 to 5042
Selecting frame from 96 to 5042
Selecting frame from 99 to 4745
Selecting frame from 99 to 4745
Selecting frame from 98 to 5043
Selecting frame from 98 to 5043
Selecting frame from 99 to 4967
Selecting frame from 99 to 4967
Selecting frame from 98 to 5219
Selecting frame from 98 to 5219
Selecting frame from 97 to 4790
Selecting frame from 97 to 4790
Selecting frame from 95 to 5057
Selecting frame from 95 to 5057
Selecting frame from 99 to 4968
Selecting frame from 99 to 4968
Selecting frame from 99 to 5044
Selecting frame from 99 to 5044
Selecting frame from 99 to 4745
Selecting frame from 99 to 4745
Selecting frame from 99 to 5243
Selecting frame from 99 to 5243
Selecting frame from 96 to 4964
Selecting frame from 96 to 4964
Selecting frame from 99 to 5061
Selecting frame from 99 to 5061
Selecting frame from 98 to 4766
Selecting frame from 98 to 4766
Selecting frame from 97 to 5059
Selecting frame from 97 to 505[ECMWF-INFO -ecepilog] ----------------------------------------------------------------------------------------------------
[ECMWF-INFO -ecepilog] This is the ECMWF job Epilogue
[ECMWF-INFO -ecepilog] +++ Please report issues using the Support portal +++
[ECMWF-INFO -ecepilog] +++ https://support.ecmwf.int                     +++
[ECMWF-INFO -ecepilog] ----------------------------------------------------------------------------------------------------
[ECMWF-INFO -ecepilog] Run at 2025-10-09T10:20:32 on ac
[ECMWF-INFO -ecepilog] JobName                   : 3_co-located
[ECMWF-INFO -ecepilog] JobID                     : 37455613
[ECMWF-INFO -ecepilog] Submit                    : 2025-10-09T10:09:55
[ECMWF-INFO -ecepilog] Start                     : 2025-10-09T10:10:04
[ECMWF-INFO -ecepilog] End                       : 2025-10-09T10:20:32
[ECMWF-INFO -ecepilog] QueuedTime                : 9.0
[ECMWF-INFO -ecepilog] ElapsedRaw                : 628
[ECMWF-INFO -ecepilog] ExitCode                  : 0:0
[ECMWF-INFO -ecepilog] DerivedExitCode           : 0:0
[ECMWF-INFO -ecepilog] State                     : COMPLETED
[ECMWF-INFO -ecepilog] Account                   : nlchekli
[ECMWF-INFO -ecepilog] QOS                       : np
[ECMWF-INFO -ecepilog] User                      : nld6854
[ECMWF-INFO -ecepilog] StdOut                    : /etc/ecmwf/nfs/dh1_home_b/nld6854/earthcare_scripts/scripts/april_2025/3_co-located_orbits/3_co-located.37455613.log
[ECMWF-INFO -ecepilog] StdErr                    : /etc/ecmwf/nfs/dh1_home_b/nld6854/earthcare_scripts/scripts/april_2025/3_co-located_orbits/3_co-located.37455613.log
[ECMWF-INFO -ecepilog] NNodes                    : 1
[ECMWF-INFO -ecepilog] NCPUS                     : 256
[ECMWF-INFO -ecepilog] SBU                       : 381.013
[ECMWF-INFO -ecepilog] jobtag                    : nld6854-3_co-located-1x256-/etc/ecmwf/nfs/dh1_home_b/nld6854/earthcare_scripts/scripts/april_2025/3_co-located_orbits/3_co-located._JOBID_.log
[ECMWF-INFO -ecepilog] ----------------------------------------------------------------------------------------------------

