[ECMWF-INFO -sbatch] - -------------------------------------------------------------------------------------
[ECMWF-INFO -sbatch] -  This is the ECMWF jobfilter
[ECMWF-INFO -sbatch] -  +++ Please report issues using the Support portal +++
[ECMWF-INFO -sbatch] -  +++ https://support.ecmwf.int                     +++
[ECMWF-INFO -sbatch] -  /usr/local/bin/ecsbatch: size: 53180, mtime: Wed Sep 24 13:03:55 2025
[ECMWF-INFO -sbatch] - -------------------------------------------------------------------------------------
[ECMWF-INFO -sbatch] - Time at submit: Wed Oct  1 10:02:30 2025 (1759312950.4769208) on ac6-101.bullx:/lus/h2resw01/scratch/nld6854/earthcare/earthcare_scripts/scripts/april_2025/3_co-located_orbits
[ECMWF-INFO -sbatch] - --- SLURM VARIABLES ---
[ECMWF-INFO -sbatch] - EC_CLUSTER=ac
[ECMWF-INFO -sbatch] - SLURM_EXPORT_ENV=ALL
[ECMWF-INFO -sbatch] - SBATCH_EXPORT=NONE
[ECMWF-INFO -sbatch] - -----------------------
[ECMWF-INFO -sbatch] - jobscript: /lus/h2resw01/scratch/nld6854/earthcare/earthcare_scripts/scripts/april_2025/3_co-located_orbits/sbatch_compiler.job
[ECMWF-INFO -sbatch] - --- SCRIPT OPTIONS ---
[ECMWF-INFO -sbatch] - #SBATCH --output=%x.%j.log
[ECMWF-INFO -sbatch] - #SBATCH --job-name=regrid_cams
[ECMWF-INFO -sbatch] - #SBATCH --qos=np
[ECMWF-INFO -sbatch] - #SBATCH --nodes=1
[ECMWF-INFO -sbatch] - #SBATCH --ntasks-per-node=32
[ECMWF-INFO -sbatch] - #SBATCH --cpus-per-task=4
[ECMWF-INFO -sbatch] - #SBATCH --hint=nomultithread
[ECMWF-INFO -sbatch] - -----------------------
[ECMWF-INFO -sbatch] - --- POST-PROCESSED OPTIONS ---
[ECMWF-INFO -sbatch] - ARG --positional=['sbatch_compiler.job']
[ECMWF-INFO -sbatch] - ARG --cpus_per_task=4
[ECMWF-INFO -sbatch] - ARG --job_name=regrid_cams
[ECMWF-INFO -sbatch] - ARG --ntasks_per_node=32
[ECMWF-INFO -sbatch] - ARG --nodes=1
[ECMWF-INFO -sbatch] - ARG --output=%x.%j.log
[ECMWF-INFO -sbatch] - ARG --qos=np
[ECMWF-INFO -sbatch] - ARG --hint=nomultithread
[ECMWF-INFO -sbatch] - ------------------------------
[ECMWF-INFO -sbatch] - jobtag: nld6854-regrid_cams-1x256-/lus/h2resw01/scratch/nld6854/earthcare/earthcare_scripts/scripts/april_2025/3_co-located_orbits/regrid_cams._JOBID_.log
[ECMWF-INFO -sbatch] - ['/usr/bin/sbatch', '--cpus-per-task=4', '--job-name=regrid_cams', '--ntasks-per-node=32', '--nodes=1', '--output=%x.%j.log', '--qos=np', '--hint=nomultithread', '--licenses=h2resw01', '--time=1-00:00:00', '/lus/h2resw01/scratch/nld6854/earthcare/earthcare_scripts/scripts/april_2025/3_co-located_orbits/sbatch_compiler.job']
[ECMWF-INFO -sbatch] - sbatch executed on ac
[ECMWF-INFO -sbatch] - Job queued on ac using method local
[ECMWF-INFO -sbatch] - Submitted batch job 34954523
[ECMWF-INFO -ecprofile] /usr/bin/bash NON_INTERACTIVE on ac1-1029 at 20251001_100309.900, PID: 374405, JOBID: 34954523
[ECMWF-INFO -ecprofile] $SCRATCH=/ec/res4/scratch/nld6854
[ECMWF-INFO -ecprofile] $PERM=/perm/nld6854
[ECMWF-INFO -ecprofile] $HPCPERM=/ec/res4/hpcperm/nld6854
[ECMWF-INFO -ecprofile] $TMPDIR=/dev/shm/_tmpdir_.nld6854.34954523
[ECMWF-INFO -ecprofile] $SCRATCHDIR=/ec/res4/scratchdir/nld6854/3/34954523
/lus/h2resw01/scratch/nld6854/earthcare/earthcare_scripts/scripts/april_2025/3_co-located_orbits/matched_lat_lon_time_v13_0_merge.py:9: FutureWarning: In a future version of xarray decode_timedelta will default to False rather than None. To silence this warning, set decode_timedelta to True, False, or a 'CFTimedeltaCoder' instance.
  ds = xr.open_mfdataset(
/lus/h2resw01/scratch/nld6854/earthcare/earthcare_scripts/scripts/april_2025/3_co-located_orbits/matched_lat_lon_time_v13_0_merge.py:9: FutureWarning: In a future version of xarray decode_timedelta will default to False rather than None. To silence this warning, set decode_timedelta to True, False, or a 'CFTimedeltaCoder' instance.
  ds = xr.open_mfdataset(
/lus/h2resw01/scratch/nld6854/earthcare/earthcare_scripts/scripts/april_2025/3_co-located_orbits/matched_lat_lon_time_v13_0_merge.py:9: FutureWarning: In a future version of xarray decode_timedelta will default to False rather than None. To silence this warning, set decode_timedelta to True, False, or a 'CFTimedeltaCoder' instance.
  ds = xr.open_mfdataset(
/lus/h2resw01/scratch/nld6854/earthcare/earthcare_scripts/scripts/april_2025/3_co-located_orbits/matched_lat_lon_time_v13_0_merge.py:9: FutureWarning: In a future version of xarray decode_timedelta will default to False rather than None. To silence this warning, set decode_timedelta to True, False, or a 'CFTimedeltaCoder' instance.
  ds = xr.open_mfdataset(
[ECMWF-INFO -ecepilog] ----------------------------------------------------------------------------------------------------
[ECMWF-INFO -ecepilog] This is the ECMWF job Epilogue
[ECMWF-INFO -ecepilog] +++ Please report issues using the Support portal +++
[ECMWF-INFO -ecepilog] +++ https://support.ecmwf.int                     +++
[ECMWF-INFO -ecepilog] ----------------------------------------------------------------------------------------------------
[ECMWF-INFO -ecepilog] Run at 2025-10-01T10:32:25 on ac
[ECMWF-INFO -ecepilog] JobName                   : regrid_cams
[ECMWF-INFO -ecepilog] JobID                     : 34954523
[ECMWF-INFO -ecepilog] Submit                    : 2025-10-01T10:02:30
[ECMWF-INFO -ecepilog] Start                     : 2025-10-01T10:02:46
[ECMWF-INFO -ecepilog] End                       : 2025-10-01T10:32:25
[ECMWF-INFO -ecepilog] QueuedTime                : 16.0
[ECMWF-INFO -ecepilog] ElapsedRaw                : 1779
[ECMWF-INFO -ecepilog] ExitCode                  : 0:0
[ECMWF-INFO -ecepilog] DerivedExitCode           : 0:0
[ECMWF-INFO -ecepilog] State                     : COMPLETED
[ECMWF-INFO -ecepilog] Account                   : nlchekli
[ECMWF-INFO -ecepilog] QOS                       : np
[ECMWF-INFO -ecepilog] User                      : nld6854
[ECMWF-INFO -ecepilog] StdOut                    : /lus/h2resw01/scratch/nld6854/earthcare/earthcare_scripts/scripts/april_2025/3_co-located_orbits/regrid_cams.34954523.log
[ECMWF-INFO -ecepilog] StdErr                    : /lus/h2resw01/scratch/nld6854/earthcare/earthcare_scripts/scripts/april_2025/3_co-located_orbits/regrid_cams.34954523.log
[ECMWF-INFO -ecepilog] NNodes                    : 1
[ECMWF-INFO -ecepilog] NCPUS                     : 256
[ECMWF-INFO -ecepilog] SBU                       : 1079.334
[ECMWF-INFO -ecepilog] jobtag                    : nld6854-regrid_cams-1x256-/lus/h2resw01/scratch/nld6854/earthcare/earthcare_scripts/scripts/april_2025/3_co-located_orbits/regrid_cams._JOBID_.log
[ECMWF-INFO -ecepilog] ----------------------------------------------------------------------------------------------------

