[ECMWF-INFO -sbatch] - -------------------------------------------------------------------------------------
[ECMWF-INFO -sbatch] -  This is the ECMWF jobfilter
[ECMWF-INFO -sbatch] -  +++ Please report issues using the Support portal +++
[ECMWF-INFO -sbatch] -  +++ https://support.ecmwf.int                     +++
[ECMWF-INFO -sbatch] -  /usr/local/bin/ecsbatch: size: 53180, mtime: Wed Sep 24 13:03:55 2025
[ECMWF-INFO -sbatch] - -------------------------------------------------------------------------------------
[ECMWF-INFO -sbatch] - Time at submit: Mon Oct 20 09:24:45 2025 (1760952285.422864) on ac6-102.bullx:/etc/ecmwf/nfs/dh1_home_b/nld6854/earthcare_scripts/scripts/april_2025/4_composition_specific/1_TTcal/filter_uncertainty_TTcal
[ECMWF-INFO -sbatch] - --- SLURM VARIABLES ---
[ECMWF-INFO -sbatch] - EC_CLUSTER=ac
[ECMWF-INFO -sbatch] - SLURM_EXPORT_ENV=ALL
[ECMWF-INFO -sbatch] - SBATCH_EXPORT=NONE
[ECMWF-INFO -sbatch] - -----------------------
[ECMWF-INFO -sbatch] - jobscript: /etc/ecmwf/nfs/dh1_home_b/nld6854/earthcare_scripts/scripts/april_2025/4_composition_specific/1_TTcal/filter_uncertainty_TTcal/sbatch_345.job
[ECMWF-INFO -sbatch] - --- SCRIPT OPTIONS ---
[ECMWF-INFO -sbatch] - #SBATCH --output=%x.%j.log
[ECMWF-INFO -sbatch] - #SBATCH --job-name=match_TT
[ECMWF-INFO -sbatch] - #SBATCH --qos=np
[ECMWF-INFO -sbatch] - #SBATCH --nodes=1
[ECMWF-INFO -sbatch] - #SBATCH --ntasks-per-node=32
[ECMWF-INFO -sbatch] - #SBATCH --cpus-per-task=4
[ECMWF-INFO -sbatch] - #SBATCH --hint=nomultithread
[ECMWF-INFO -sbatch] - #SBATCH --time=6:00:00
[ECMWF-INFO -sbatch] - -----------------------
[ECMWF-INFO -sbatch] - --- POST-PROCESSED OPTIONS ---
[ECMWF-INFO -sbatch] - ARG --positional=['sbatch_345.job']
[ECMWF-INFO -sbatch] - ARG --cpus_per_task=4
[ECMWF-INFO -sbatch] - ARG --job_name=match_TT
[ECMWF-INFO -sbatch] - ARG --ntasks_per_node=32
[ECMWF-INFO -sbatch] - ARG --nodes=1
[ECMWF-INFO -sbatch] - ARG --output=%x.%j.log
[ECMWF-INFO -sbatch] - ARG --qos=np
[ECMWF-INFO -sbatch] - ARG --time=6:00:00
[ECMWF-INFO -sbatch] - ARG --hint=nomultithread
[ECMWF-INFO -sbatch] - ------------------------------
[ECMWF-INFO -sbatch] - jobtag: nld6854-match_TT-1x256-/etc/ecmwf/nfs/dh1_home_b/nld6854/earthcare_scripts/scripts/april_2025/4_composition_specific/1_TTcal/filter_uncertainty_TTcal/match_TT._JOBID_.log
[ECMWF-INFO -sbatch] - ------------------------------
[ECMWF-INFO -sbatch] - Average Walltime 2098 with a Standard Deviation 1103
[ECMWF-INFO -sbatch] - Runtime history
[ECMWF-INFO -sbatch] -   Date               | Cores   Cluster   Walltime       Mem
[ECMWF-INFO -sbatch] -   20.10.2025 - 08:16 | 256        ac         3053       240000M   
[ECMWF-INFO -sbatch] -   19.10.2025 - 19:03 | 256        ac         1229       240000M   
[ECMWF-INFO -sbatch] -   19.10.2025 - 17:49 | 256        ac         2771       240000M   
[ECMWF-INFO -sbatch] -   19.10.2025 - 16:46 | 256        ac         2890       240000M   
[ECMWF-INFO -sbatch] -   19.10.2025 - 15:50 | 256        ac         3233       240000M   
[ECMWF-INFO -sbatch] -   19.10.2025 - 14:43 | 256        ac         2810       240000M   
[ECMWF-INFO -sbatch] -   19.10.2025 - 13:13 | 256        ac         2957       240000M   
[ECMWF-INFO -sbatch] -   19.10.2025 - 12:21 | 256        ac         31         240000M   
[ECMWF-INFO -sbatch] -   19.10.2025 - 12:05 | 256        ac         682        240000M   
[ECMWF-INFO -sbatch] -   19.10.2025 - 09:41 | 256        ac         1327       240000M   
[ECMWF-INFO -sbatch] - ['/usr/bin/sbatch', '--cpus-per-task=4', '--job-name=match_TT', '--ntasks-per-node=32', '--nodes=1', '--output=%x.%j.log', '--qos=np', '--time=6:00:00', '--hint=nomultithread', '--licenses=h2resw01', '--export=EC_user_time_limit=6:00:00', '/etc/ecmwf/nfs/dh1_home_b/nld6854/earthcare_scripts/scripts/april_2025/4_composition_specific/1_TTcal/filter_uncertainty_TTcal/sbatch_345.job']
[ECMWF-INFO -sbatch] - sbatch executed on ac
[ECMWF-INFO -sbatch] - Job queued on ac using method local
[ECMWF-INFO -sbatch] - Submitted batch job 31671533
[ECMWF-INFO -ecprofile] /usr/bin/bash NON_INTERACTIVE on ac1-1001 at 20251020_092455.717, PID: 3880468, JOBID: 31671533
[ECMWF-INFO -ecprofile] $SCRATCH=/ec/res4/scratch/nld6854
[ECMWF-INFO -ecprofile] $PERM=/perm/nld6854
[ECMWF-INFO -ecprofile] $HPCPERM=/ec/res4/hpcperm/nld6854
[ECMWF-INFO -ecprofile] $TMPDIR=/dev/shm/_tmpdir_.nld6854.31671533
[ECMWF-INFO -ecprofile] $SCRATCHDIR=/ec/res4/scratchdir/nld6854/5/31671533
<IPython.core.display.HTML object>
<xarray.Dataset> Size: 10GB
Dimensions:                  (forecast_period: 4, forecast_reference_time: 62,
                              latitude: 451, longitude: 900)
Coordinates:
  * forecast_period          (forecast_period) timedelta64[ns] 32B 00:00:00 ....
  * forecast_reference_time  (forecast_reference_time) float64 496B 1.751e+18...
  * latitude                 (latitude) float64 4kB 90.0 89.6 ... -89.6 -90.0
  * longitude                (longitude) float64 7kB 0.0 0.4 0.8 ... 359.2 359.6
Data variables:
    aod550                   (forecast_period, forecast_reference_time, latitude, longitude) float64 805MB ...
    aod355                   (forecast_period, forecast_reference_time, latitude, longitude) float64 805MB ...
    ang550to355              (forecast_period, forecast_reference_time, latitude, longitude) float64 805MB ...
    dryaod355                (forecast_period, forecast_reference_time, latitude, longitude) float64 805MB ...
    wataod355                (forecast_period, forecast_reference_time, latitude, longitude) float64 805MB ...
    dudryaod355              (forecast_period, forecast_reference_time, latitude, longitude) float64 805MB ...
    ssdryaod355              (forecast_period, forecast_reference_time, latitude, longitude) float64 805MB ...
    omdryaod355              (forecast_period, forecast_reference_time, latitude, longitude) float64 805MB ...
    bcdryaod355              (forecast_period, forecast_reference_time, latitude, longitude) float64 805MB ...
    sudryaod355              (forecast_period, forecast_reference_time, latitude, longitude) float64 805MB ...
    nidryaod355              (forecast_period, forecast_reference_time, latitude, longitude) float64 805MB ...
    amdryaod355              (forecast_period, forecast_reference_time, latitude, longitude) float64 805MB ...
<xarray.DataArray 'forecast_period' (forecast_period: 4)> Size: 32B
array([             0, 10800000000000, 21600000000000, 32400000000000],
      dtype='timedelta64[ns]')
Coordinates:
  * forecast_period  (forecast_period) timedelta64[ns] 32B 00:00:00 ... 09:00:00
<xarray.DataArray 'forecast_reference_time' (forecast_reference_time: 62)> Size: 496B
array(['2025-07-01T00:00:00.000000000', '2025-07-01T12:00:00.000000000',
       '2025-07-02T00:00:00.000000000', '2025-07-02T12:00:00.000000000',
       '2025-07-03T00:00:00.000000000', '2025-07-03T12:00:00.000000000',
       '2025-07-04T00:00:00.000000000', '2025-07-04T12:00:00.000000000',
       '2025-07-05T00:00:00.000000000', '2025-07-05T12:00:00.000000000',
       '2025-07-06T00:00:00.000000000', '2025-07-06T12:00:00.000000000',
       '2025-07-07T00:00:00.000000000', '2025-07-07T12:00:00.000000000',
       '2025-07-08T00:00:00.000000000', '2025-07-08T12:00:00.000000000',
       '2025-07-09T00:00:00.000000000', '2025-07-09T12:00:00.000000000',
       '2025-07-10T00:00:00.000000000', '2025-07-10T12:00:00.000000000',
       '2025-07-11T00:00:00.000000000', '2025-07-11T12:00:00.000000000',
       '2025-07-12T00:00:00.000000000', '2025-07-12T12:00:00.000000000',
       '2025-07-13T00:00:00.000000000', '2025-07-13T12:00:00.000000000',
       '2025-07-14T00:00:00.000000000', '2025-07-14T12:00:00.000000000',
       '2025-07-15T00:00:00.000000000', '2025-07-15T12:00:00.000000000',
       '2025-07-16T00:00:00.000000000', '2025-07-16T12:00:00.000000000',
       '2025-07-17T00:00:00.000000000', '2025-07-17T12:00:00.000000000',
       '2025-07-18T00:00:00.000000000', '2025-07-18T12:00:00.000000000',
       '2025-07-19T00:00:00.000000000', '2025-07-19T12:00:00.000000000',
       '2025-07-20T00:00:00.000000000', '2025-07-20T12:00:00.000000000',
       '2025-07-21T00:00:00.000000000', '2025-07-21T12:00:00.000000000',
       '2025-07-22T00:00:00.000000000', '2025-07-22T12:00:00.000000000',
       '2025-07-23T00:00:00.000000000', '2025-07-23T12:00:00.000000000',
       '2025-07-24T00:00:00.000000000', '2025-07-24T12:00:00.000000000',
       '2025-07-25T00:00:00.000000000', '2025-07-25T12:00:00.000000000',
       '2025-07-26T00:00:00.000000000', '2025-07-26T12:00:00.000000000',
       '2025-07-27T00:00:00.000000000', '2025-07-27T12:00:00.000000000',
       '2025-07-28T00:00:00.000000000', '2025-07-28T12:00:00.000000000',
       '2025-07-29T00:00:00.000000000', '2025-07-29T12:00:00.000000000',
       '2025-07-30T00:00:00.000000000', '2025-07-30T12:00:00.000000000',
       '2025-07-31T00:00:00.000000000', '2025-07-31T12:00:00.000000000'],
      dtype='datetime64[ns]')
Coordinates:
  * forecast_reference_time  (forecast_reference_time) datetime64[ns] 496B 20...
<xarray.DataArray (forecast_period: 4, forecast_reference_time: 62)> Size: 2kB
array([['2025-07-01T00:00:00.000000000', '2025-07-01T12:00:00.000000000',
        '2025-07-02T00:00:00.000000000', '2025-07-02T12:00:00.000000000',
        '2025-07-03T00:00:00.000000000', '2025-07-03T12:00:00.000000000',
        '2025-07-04T00:00:00.000000000', '2025-07-04T12:00:00.000000000',
        '2025-07-05T00:00:00.000000000', '2025-07-05T12:00:00.000000000',
        '2025-07-06T00:00:00.000000000', '2025-07-06T12:00:00.000000000',
        '2025-07-07T00:00:00.000000000', '2025-07-07T12:00:00.000000000',
        '2025-07-08T00:00:00.000000000', '2025-07-08T12:00:00.000000000',
        '2025-07-09T00:00:00.000000000', '2025-07-09T12:00:00.000000000',
        '2025-07-10T00:00:00.000000000', '2025-07-10T12:00:00.000000000',
        '2025-07-11T00:00:00.000000000', '2025-07-11T12:00:00.000000000',
        '2025-07-12T00:00:00.000000000', '2025-07-12T12:00:00.000000000',
        '2025-07-13T00:00:00.000000000', '2025-07-13T12:00:00.000000000',
        '2025-07-14T00:00:00.000000000', '2025-07-14T12:00:00.000000000',
        '2025-07-15T00:00:00.000000000', '2025-07-15T12:00:00.000000000',
        '2025-07-16T00:00:00.000000000', '2025-07-16T12:00:00.000000000',
        '2025-07-17T00:00:00.000000000', '2025-07-17T12:00:00.000000000',
        '2025-07-18T00:00:00.000000000', '2025-07-18T12:00:00.000000000',
        '2025-07-19T00:00:00.000000000', '2025-07-19T12:00:00.000000000',
        '2025-07-20T00:00:00.000000000', '2025-07-20T12:00:00.000000000',
...
        '2025-07-13T09:00:00.000000000', '2025-07-13T21:00:00.000000000',
        '2025-07-14T09:00:00.000000000', '2025-07-14T21:00:00.000000000',
        '2025-07-15T09:00:00.000000000', '2025-07-15T21:00:00.000000000',
        '2025-07-16T09:00:00.000000000', '2025-07-16T21:00:00.000000000',
        '2025-07-17T09:00:00.000000000', '2025-07-17T21:00:00.000000000',
        '2025-07-18T09:00:00.000000000', '2025-07-18T21:00:00.000000000',
        '2025-07-19T09:00:00.000000000', '2025-07-19T21:00:00.000000000',
        '2025-07-20T09:00:00.000000000', '2025-07-20T21:00:00.000000000',
        '2025-07-21T09:00:00.000000000', '2025-07-21T21:00:00.000000000',
        '2025-07-22T09:00:00.000000000', '2025-07-22T21:00:00.000000000',
        '2025-07-23T09:00:00.000000000', '2025-07-23T21:00:00.000000000',
        '2025-07-24T09:00:00.000000000', '2025-07-24T21:00:00.000000000',
        '2025-07-25T09:00:00.000000000', '2025-07-25T21:00:00.000000000',
        '2025-07-26T09:00:00.000000000', '2025-07-26T21:00:00.000000000',
        '2025-07-27T09:00:00.000000000', '2025-07-27T21:00:00.000000000',
        '2025-07-28T09:00:00.000000000', '2025-07-28T21:00:00.000000000',
        '2025-07-29T09:00:00.000000000', '2025-07-29T21:00:00.000000000',
        '2025-07-30T09:00:00.000000000', '2025-07-30T21:00:00.000000000',
        '2025-07-31T09:00:00.000000000', '2025-07-31T21:00:00.000000000']],
      dtype='datetime64[ns]')
Coordinates:
  * forecast_period          (forecast_period) timedelta64[ns] 32B 00:00:00 ....
  * forecast_reference_time  (forecast_reference_time) datetime64[ns] 496B 20...
(4, 62)
<xarray.Dataset> Size: 10GB
Dimensions:                  (latitude: 451, longitude: 900, time: 248)
Coordinates:
  * latitude                 (latitude) float64 4kB 90.0 89.6 ... -89.6 -90.0
  * longitude                (longitude) float64 7kB 0.0 0.4 0.8 ... 359.2 359.6
  * time                     (time) datetime64[ns] 2kB 2025-07-01 ... 2025-07...
    forecast_reference_time  (time) datetime64[ns] 2kB 2025-07-01 ... 2025-07...
    forecast_period          (time) timedelta64[ns] 2kB 00:00:00 ... 09:00:00
    forecast_time            (time) datetime64[ns] 2kB 2025-07-01 ... 2025-07...
Data variables:
    aod550                   (latitude, longitude, time) float64 805MB 0.0947...
    aod355                   (latitude, longitude, time) float64 805MB 0.1394...
    ang550to355              (latitude, longitude, time) float64 805MB 0.8815...
    dryaod355                (latitude, longitude, time) float64 805MB 0.1004...
    wataod355                (latitude, longitude, time) float64 805MB 0.0390...
    dudryaod355              (latitude, longitude, time) float64 805MB 0.0038...
    ssdryaod355              (latitude, longitude, time) float64 805MB 0.0019...
    omdryaod355              (latitude, longitude, time) float64 805MB 0.0173...
    bcdryaod355              (latitude, longitude, time) float64 805MB 0.0097...
    sudryaod355              (latitude, longitude, time) float64 805MB 0.0533...
    nidryaod355              (latitude, longitude, time) float64 805MB 0.0041...
    amdryaod355              (latitude, longitude, time) float64 805MB 0.0098...
['2025-07-01T00:00:00.000000000' '2025-07-01T03:00:00.000000000'
 '2025-07-01T06:00:00.000000000' '2025-07-01T09:00:00.000000000'
 '2025-07-01T12:00:00.000000000' '2025-07-01T15:00:00.000000000'
 '2025-07-01T18:00:00.000000000' '2025-07-01T21:00:00.000000000'
 '2025-07-02T00:00:00.000000000' '2025-07-02T03:00:00.000000000'
 '2025-07-02T06:00:00.000000000' '2025-07-02T09:00:00.000000000'
 '2025-07-02T12:00:00.000000000' '2025-07-02T15:00:00.000000000'
 '2025-07-02T18:00:00.000000000' '2025-07-02T21:00:00.000000000'
 '2025-07-03T00:00:00.000000000' '2025-07-03T03:00:00.000000000'
 '2025-07-03T06:00:00.000000000' '2025-07-03T09:00:00.000000000'
 '2025-07-03T12:00:00.000000000' '2025-07-03T15:00:00.000000000'
 '2025-07-03T18:00:00.000000000' '2025-07-03T21:00:00.000000000'
 '2025-07-04T00:00:00.000000000' '2025-07-04T03:00:00.000000000'
 '2025-07-04T06:00:00.000000000' '2025-07-04T09:00:00.000000000'
 '2025-07-04T12:00:00.000000000' '2025-07-04T15:00:00.000000000'
 '2025-07-04T18:00:00.000000000' '2025-07-04T21:00:00.000000000'
 '2025-07-05T00:00:00.000000000' '2025-07-05T03:00:00.000000000'
 '2025-07-05T06:00:00.000000000' '2025-07-05T09:00:00.000000000'
 '2025-07-05T12:00:00.000000000' '2025-07-05T15:00:00.000000000'
 '2025-07-05T18:00:00.000000000' '2025-07-05T21:00:00.000000000'
 '2025-07-06T00:00:00.000000000' '2025-07-06T03:00:00.000000000'
 '2025-07-06T06:00:00.000000000' '2025-07-06T09:00:00.000000000'
 '2025-07-06T12:00:00.000000000' '2025-07-06T15:00:00.000000000'
 '2025-07-06T18:00:00.000000000' '2025-07-06T21:00:00.000000000'
 '2025-07-07T00:00:00.000000000' '2025-07-07T03:00:00.000000000'
 '2025-07-07T06:00:00.000000000' '2025-07-07T09:00:00.000000000'
 '2025-07-07T12:00:00.000000000' '2025-07-07T15:00:00.000000000'
 '2025-07-07T18:00:00.000000000' '2025-07-07T21:00:00.000000000'
 '2025-07-08T00:00:00.000000000' '2025-07-08T03:00:00.000000000'
 '2025-07-08T06:00:00.000000000' '2025-07-08T09:00:00.000000000'
 '2025-07-08T12:00:00.000000000' '2025-07-08T15:00:00.000000000'
 '2025-07-08T18:00:00.000000000' '2025-07-08T21:00:00.000000000'
 '2025-07-09T00:00:00.000000000' '2025-07-09T03:00:00.000000000'
 '2025-07-09T06:00:00.000000000' '2025-07-09T09:00:00.000000000'
 '2025-07-09T12:00:00.000000000' '2025-07-09T15:00:00.000000000'
 '2025-07-09T18:00:00.000000000' '2025-07-09T21:00:00.000000000'
 '2025-07-10T00:00:00.000000000' '2025-07-10T03:00:00.000000000'
 '2025-07-10T06:00:00.000000000' '2025-07-10T09:00:00.000000000'
 '2025-07-10T12:00:00.000000000' '2025-07-10T15:00:00.000000000'
 '2025-07-10T18:00:00.000000000' '2025-07-10T21:00:00.000000000'
 '2025-07-11T00:00:00.000000000' '2025-07-11T03:00:00.000000000'
 '2025-07-11T06:00:00.000000000' '2025-07-11T09:00:00.000000000'
 '2025-07-11T12:00:00.000000000' '2025-07-11T15:00:00.000000000'
 '2025-07-11T18:00:00.000000000' '2025-07-11T21:00:00.000000000'
 '2025-07-12T00:00:00.000000000' '2025-07-12T03:00:00.000000000'
 '2025-07-12T06:00:00.000000000' '2025-07-12T09:00:00.000000000'
 '2025-07-12T12:00:00.000000000' '2025-07-12T15:00:00.000000000'
 '2025-07-12T18:00:00.000000000' '2025-07-12T21:00:00.000000000'
 '2025-07-13T00:00:00.000000000' '2025-07-13T03:00:00.000000000'
 '2025-07-13T06:00:00.000000000' '2025-07-13T09:00:00.000000000'
 '2025-07-13T12:00:00.000000000' '2025-07-13T15:00:00.000000000'
 '2025-07-13T18:00:00.000000000' '2025-07-13T21:00:00.000000000'
 '2025-07-14T00:00:00.000000000' '2025-07-14T03:00:00.000000000'
 '2025-07-14T06:00:00.000000000' '2025-07-14T09:00:00.000000000'
 '2025-07-14T12:00:00.000000000' '2025-07-14T15:00:00.000000000'
 '2025-07-14T18:00:00.000000000' '2025-07-14T21:00:00.000000000'
 '2025-07-15T00:00:00.000000000' '2025-07-15T03:00:00.000000000'
 '2025-07-15T06:00:00.000000000' '2025-07-15T09:00:00.000000000'
 '2025-07-15T12:00:00.000000000' '2025-07-15T15:00:00.000000000'
 '2025-07-15T18:00:00.000000000' '2025-07-15T21:00:00.000000000'
 '2025-07-16T00:00:00.000000000' '2025-07-16T03:00:00.000000000'
 '2025-07-16T06:00:00.000000000' '2025-07-16T09:00:00.000000000'
 '2025-07-16T12:00:00.000000000' '2025-07-16T15:00:00.000000000'
 '2025-07-16T18:00:00.000000000' '2025-07-16T21:00:00.000000000'
 '2025-07-17T00:00:00.000000000' '2025-07-17T03:00:00.000000000'
 '2025-07-17T06:00:00.000000000' '2025-07-17T09:00:00.000000000'
 '2025-07-17T12:00:00.000000000' '2025-07-17T15:00:00.000000000'
 '2025-07-17T18:00:00.000000000' '2025-07-17T21:00:00.000000000'
 '2025-07-18T00:00:00.000000000' '2025-07-18T03:00:00.000000000'
 '2025-07-18T06:00:00.000000000' '2025-07-18T09:00:00.000000000'
 '2025-07-18T12:00:00.000000000' '2025-07-18T15:00:00.000000000'
 '2025-07-18T18:00:00.000000000' '2025-07-18T21:00:00.000000000'
 '2025-07-19T00:00:00.000000000' '2025-07-19T03:00:00.000000000'
 '2025-07-19T06:00:00.000000000' '2025-07-19T09:00:00.000000000'
 '2025-07-19T12:00:00.000000000' '2025-07-19T15:00:00.000000000'
 '2025-07-19T18:00:00.000000000' '2025-07-19T21:00:00.000000000'
 '2025-07-20T00:00:00.000000000' '2025-07-20T03:00:00.000000000'
 '2025-07-20T06:00:00.000000000' '2025-07-20T09:00:00.000000000'
 '2025-07-20T12:00:00.000000000' '2025-07-20T15:00:00.000000000'
 '2025-07-20T18:00:00.000000000' '2025-07-20T21:00:00.000000000'
 '2025-07-21T00:00:00.000000000' '2025-07-21T03:00:00.000000000'
 '2025-07-21T06:00:00.000000000' '2025-07-21T09:00:00.000000000'
 '2025-07-21T12:00:00.000000000' '2025-07-21T15:00:00.000000000'
 '2025-07-21T18:00:00.000000000' '2025-07-21T21:00:00.000000000'
 '2025-07-22T00:00:00.000000000' '2025-07-22T03:00:00.000000000'
 '2025-07-22T06:00:00.000000000' '2025-07-22T09:00:00.000000000'
 '2025-07-22T12:00:00.000000000' '2025-07-22T15:00:00.000000000'
 '2025-07-22T18:00:00.000000000' '2025-07-22T21:00:00.000000000'
 '2025-07-23T00:00:00.000000000' '2025-07-23T03:00:00.000000000'
 '2025-07-23T06:00:00.000000000' '2025-07-23T09:00:00.000000000'
 '2025-07-23T12:00:00.000000000' '2025-07-23T15:00:00.000000000'
 '2025-07-23T18:00:00.000000000' '2025-07-23T21:00:00.000000000'
 '2025-07-24T00:00:00.000000000' '2025-07-24T03:00:00.000000000'
 '2025-07-24T06:00:00.000000000' '2025-07-24T09:00:00.000000000'
 '2025-07-24T12:00:00.000000000' '2025-07-24T15:00:00.000000000'
 '2025-07-24T18:00:00.000000000' '2025-07-24T21:00:00.000000000'
 '2025-07-25T00:00:00.000000000' '2025-07-25T03:00:00.000000000'
 '2025-07-25T06:00:00.000000000' '2025-07-25T09:00:00.000000000'
 '2025-07-25T12:00:00.000000000' '2025-07-25T15:00:00.000000000'
 '2025-07-25T18:00:00.000000000' '2025-07-25T21:00:00.000000000'
 '2025-07-26T00:00:00.000000000' '2025-07-26T03:00:00.000000000'
 '2025-07-26T06:00:00.000000000' '2025-07-26T09:00:00.000000000'
 '2025-07-26T12:00:00.000000000' '2025-07-26T15:00:00.000000000'
 '2025-07-26T18:00:00.000000000' '2025-07-26T21:00:00.000000000'
 '2025-07-27T00:00:00.000000000' '2025-07-27T03:00:00.000000000'
 '2025-07-27T06:00:00.000000000' '2025-07-27T09:00:00.000000000'
 '2025-07-27T12:00:00.000000000' '2025-07-27T15:00:00.000000000'
 '2025-07-27T18:00:00.000000000' '2025-07-27T21:00:00.000000000'
 '2025-07-28T00:00:00.000000000' '2025-07-28T03:00:00.000000000'
 '2025-07-28T06:00:00.000000000' '2025-07-28T09:00:00.000000000'
 '2025-07-28T12:00:00.000000000' '2025-07-28T15:00:00.000000000'
 '2025-07-28T18:00:00.000000000' '2025-07-28T21:00:00.000000000'
 '2025-07-29T00:00:00.000000000' '2025-07-29T03:00:00.000000000'
 '2025-07-29T06:00:00.000000000' '2025-07-29T09:00:00.000000000'
 '2025-07-29T12:00:00.000000000' '2025-07-29T15:00:00.000000000'
 '2025-07-29T18:00:00.000000000' '2025-07-29T21:00:00.000000000'
 '2025-07-30T00:00:00.000000000' '2025-07-30T03:00:00.000000000'
 '2025-07-30T06:00:00.000000000' '2025-07-30T09:00:00.000000000'
 '2025-07-30T12:00:00.000000000' '2025-07-30T15:00:00.000000000'
 '2025-07-30T18:00:00.000000000' '2025-07-30T21:00:00.000000000'
 '2025-07-31T00:00:00.000000000' '2025-07-31T03:00:00.000000000'
 '2025-07-31T06:00:00.000000000' '2025-07-31T09:00:00.000000000'
 '2025-07-31T12:00:00.000000000' '2025-07-31T15:00:00.000000000'
 '2025-07-31T18:00:00.000000000' '2025-07-31T21:00:00.000000000']
cams_aod_ dust (451, 900, 248)
lwc_cams.shape (4, 62, 451, 900)
(4, 62)
valid_time_flat.shape,lwc_flat.shape (248,) (248, 451, 900)
(451, 900, 248)
(451, 900, 248)
(451, 900, 248)
<xarray.Dataset> Size: 805MB
Dimensions:      (latitude: 451, longitude: 900, timeN: 248)
Coordinates:
  * latitude     (latitude) float64 4kB 90.0 89.6 89.2 ... -89.2 -89.6 -90.0
  * longitude    (longitude) float64 7kB 0.0 0.4 0.8 1.2 ... -1.6 -1.2 -0.8 -0.4
  * timeN        (timeN) datetime64[ns] 2kB 2025-07-01 ... 2025-07-31T21:00:00
Data variables:
    aod355_dust  (latitude, longitude, timeN) float64 805MB 0.03105 ... 0.002824
longitude <xarray.DataArray 'longitude' (longitude: 900)> Size: 7kB
array([ 0. ,  0.4,  0.8, ..., -1.2, -0.8, -0.4])
Coordinates:
  * longitude  (longitude) float64 7kB 0.0 0.4 0.8 1.2 ... -1.6 -1.2 -0.8 -0.4
True
True
True
Selecting frame from 99 to 5044
/etc/ecmwf/nfs/dh1_home_b/nld6854/earthcare_scripts/scripts/april_2025/4_composition_specific/1_TTcal/filter_uncertainty_TTcal/5_co-located_cams_atlid_uncertainty.py:145: RuntimeWarning: All-NaN slice encountered
  med_meas = np.nanmedian(draws, axis=1)
/usr/local/apps/python3/3.12.9-01/lib/python3.12/site-packages/numpy/lib/_nanfunctions_impl.py:2053: RuntimeWarning: Degrees of freedom <= 0 for slice.
  var = nanvar(a, axis=axis, dtype=dtype, out=out, ddof=ddof,
Month= july
dust_om
max and min of latitude before mask 83.02614508604651 -83.02604443368115
Month= july
Dust+BC+OM
max and min of latitude before mask 83.02614508604651 -83.02604443368115
Percentage of NaNs in regridded data: 6.85%
aod_cams.max()= nan
(451, 900)
(90, 180) (90, 180)
not weighted by area
ATLID land= 0.13096491619944572 sea= 0.055774345993995667
(451, 900)
(90, 180) (90, 180)
not weighted by area
CAMS land= 0.04020681640557667 sea= 0.00728174552834984
(451, 900)
(90, 180) (90, 180)
not weighted by area
CAMS-ATLID land= -0.0742017907157442 sea= -0.0447236878714103
(451, 900)
(90, 180) (90, 180)
not weighted by area
CAMS-ATLID/ATLID land= -0.7182301436211234 sea= -0.8213728017128981
CAMS AOD median= 0.011815511234843583
ATLID AOD median= 0.062035636976361275
CAMS-ATLID median= -0.044626640010135984
CAMS-ATLID/ATLID median= -0.7749496474408102
CAMS,ATLID NMB= -66.54338451220502
Estimated modes from histogram: [np.float64(0.11838909319439284), np.float64(0.13758732452321332), np.float64(0.15038614540909362), np.float64(0.16958437673791407)]
Estimated modes from histogram: [np.float64(0.02223287152763981), np.float64(0.10227120902714314), np.float64(0.27124103263720567), np.float64(0.28902732985931756)]
Month= july
Dust+BC+OM
max and min of latitude before mask 83.02614508604651 -83.02604443368115
Percentage of NaNs in regridded data: 6.85%
aod_cams.max()= nan
(451, 900)
(90, 180) (90, 180)
not weighted by area
ATLID land= 0.12904437631368637 sea= 0.05250241234898567
(451, 900)
(90, 180) (90, 180)
not weighted by area
CAMS land= 0.04071172633221603 sea= 0.0066328266846682575
(451, 900)
(90, 180) (90, 180)
not weighted by area
CAMS-ATLID land= -0.07192249002404152 sea= -0.04197248576832809
excludes 0
(451, 900)
(90, 180) (90, 180)
not weighted by area
CAMS-ATLID/ATLID land= -0.7182435693422791 sea= -0.8201293676839533
CAMS AOD median= 0.01068696733673754
ATLID AOD median= 0.05791831389069557
CAMS-ATLID median= -0.04184027336235092
excludes 0
CAMS-ATLID/ATLID median= -0.7736592220901891
CAMS,ATLID NMB= -66.17830704338836
Estimated modes from histogram: [np.float64(0.11838909319439284), np.float64(0.13758732452321332), np.float64(0.15038614540909362), np.float64(0.16958437673791407)]
Estimated modes from histogram: [np.float64(0.02223287152763981), np.float64(0.10227120902714314), np.float64(0.27124103263720567), np.float64(0.28902732985931756)]
[ECMWF-INFO -ecepilog] ----------------------------------------------------------------------------------------------------
[ECMWF-INFO -ecepilog] This is the ECMWF job Epilogue
[ECMWF-INFO -ecepilog] +++ Please report issues using the Support portal +++
[ECMWF-INFO -ecepilog] +++ https://support.ecmwf.int                     +++
[ECMWF-INFO -ecepilog] ----------------------------------------------------------------------------------------------------
[ECMWF-INFO -ecepilog] Run at 2025-10-20T10:23:36 on ac
[ECMWF-INFO -ecepilog] JobName                   : match_TT
[ECMWF-INFO -ecepilog] JobID                     : 31671533
[ECMWF-INFO -ecepilog] Submit                    : 2025-10-20T09:24:45
[ECMWF-INFO -ecepilog] Start                     : 2025-10-20T09:24:46
[ECMWF-INFO -ecepilog] End                       : 2025-10-20T10:23:36
[ECMWF-INFO -ecepilog] QueuedTime                : 1.0
[ECMWF-INFO -ecepilog] ElapsedRaw                : 3530
[ECMWF-INFO -ecepilog] ExitCode                  : 0:0
[ECMWF-INFO -ecepilog] DerivedExitCode           : 0:0
[ECMWF-INFO -ecepilog] State                     : COMPLETED
[ECMWF-INFO -ecepilog] Account                   : nlchekli
[ECMWF-INFO -ecepilog] QOS                       : np
[ECMWF-INFO -ecepilog] User                      : nld6854
[ECMWF-INFO -ecepilog] StdOut                    : /etc/ecmwf/nfs/dh1_home_b/nld6854/earthcare_scripts/scripts/april_2025/4_composition_specific/1_TTcal/filter_uncertainty_TTcal/match_TT.31671533.log
[ECMWF-INFO -ecepilog] StdErr                    : /etc/ecmwf/nfs/dh1_home_b/nld6854/earthcare_scripts/scripts/april_2025/4_composition_specific/1_TTcal/filter_uncertainty_TTcal/match_TT.31671533.log
[ECMWF-INFO -ecepilog] NNodes                    : 1
[ECMWF-INFO -ecepilog] NCPUS                     : 256
[ECMWF-INFO -ecepilog] SBU                       : 2141.680
[ECMWF-INFO -ecepilog] jobtag                    : nld6854-match_TT-1x256-/etc/ecmwf/nfs/dh1_home_b/nld6854/earthcare_scripts/scripts/april_2025/4_composition_specific/1_TTcal/filter_uncertainty_TTcal/match_TT._JOBID_.log
[ECMWF-INFO -ecepilog] ----------------------------------------------------------------------------------------------------

