[ECMWF-INFO -sbatch] - -------------------------------------------------------------------------------------
[ECMWF-INFO -sbatch] -  This is the ECMWF jobfilter
[ECMWF-INFO -sbatch] -  +++ Please report issues using the Support portal +++
[ECMWF-INFO -sbatch] -  +++ https://support.ecmwf.int                     +++
[ECMWF-INFO -sbatch] -  /usr/local/bin/ecsbatch: size: 53180, mtime: Wed Sep 24 13:03:55 2025
[ECMWF-INFO -sbatch] - -------------------------------------------------------------------------------------
[ECMWF-INFO -sbatch] - Time at submit: Mon Oct 20 10:30:11 2025 (1760956211.3744197) on ac6-102.bullx:/etc/ecmwf/nfs/dh1_home_b/nld6854/earthcare_scripts/scripts/april_2025/4_composition_specific/1_TTcal/filter_uncertainty_TTcal
[ECMWF-INFO -sbatch] - --- SLURM VARIABLES ---
[ECMWF-INFO -sbatch] - EC_CLUSTER=ac
[ECMWF-INFO -sbatch] - SLURM_EXPORT_ENV=ALL
[ECMWF-INFO -sbatch] - SBATCH_EXPORT=NONE
[ECMWF-INFO -sbatch] - -----------------------
[ECMWF-INFO -sbatch] - jobscript: /etc/ecmwf/nfs/dh1_home_b/nld6854/earthcare_scripts/scripts/april_2025/4_composition_specific/1_TTcal/filter_uncertainty_TTcal/sbatch_345.job
[ECMWF-INFO -sbatch] - --- SCRIPT OPTIONS ---
[ECMWF-INFO -sbatch] - #SBATCH --output=%x.%j.log
[ECMWF-INFO -sbatch] - #SBATCH --job-name=match_TT
[ECMWF-INFO -sbatch] - #SBATCH --qos=np
[ECMWF-INFO -sbatch] - #SBATCH --nodes=1
[ECMWF-INFO -sbatch] - #SBATCH --ntasks-per-node=32
[ECMWF-INFO -sbatch] - #SBATCH --cpus-per-task=4
[ECMWF-INFO -sbatch] - #SBATCH --hint=nomultithread
[ECMWF-INFO -sbatch] - #SBATCH --time=6:00:00
[ECMWF-INFO -sbatch] - -----------------------
[ECMWF-INFO -sbatch] - --- POST-PROCESSED OPTIONS ---
[ECMWF-INFO -sbatch] - ARG --positional=['sbatch_345.job']
[ECMWF-INFO -sbatch] - ARG --cpus_per_task=4
[ECMWF-INFO -sbatch] - ARG --job_name=match_TT
[ECMWF-INFO -sbatch] - ARG --ntasks_per_node=32
[ECMWF-INFO -sbatch] - ARG --nodes=1
[ECMWF-INFO -sbatch] - ARG --output=%x.%j.log
[ECMWF-INFO -sbatch] - ARG --qos=np
[ECMWF-INFO -sbatch] - ARG --time=6:00:00
[ECMWF-INFO -sbatch] - ARG --hint=nomultithread
[ECMWF-INFO -sbatch] - ------------------------------
[ECMWF-INFO -sbatch] - jobtag: nld6854-match_TT-1x256-/etc/ecmwf/nfs/dh1_home_b/nld6854/earthcare_scripts/scripts/april_2025/4_composition_specific/1_TTcal/filter_uncertainty_TTcal/match_TT._JOBID_.log
[ECMWF-INFO -sbatch] - ------------------------------
[ECMWF-INFO -sbatch] - Average Walltime 2228 with a Standard Deviation 1130
[ECMWF-INFO -sbatch] - Runtime history
[ECMWF-INFO -sbatch] -   Date               | Cores   Cluster   Walltime       Mem
[ECMWF-INFO -sbatch] -   20.10.2025 - 10:23 | 256        ac         3530       240000M   
[ECMWF-INFO -sbatch] -   20.10.2025 - 08:16 | 256        ac         3053       240000M   
[ECMWF-INFO -sbatch] -   19.10.2025 - 19:03 | 256        ac         1229       240000M   
[ECMWF-INFO -sbatch] -   19.10.2025 - 17:49 | 256        ac         2771       240000M   
[ECMWF-INFO -sbatch] -   19.10.2025 - 16:46 | 256        ac         2890       240000M   
[ECMWF-INFO -sbatch] -   19.10.2025 - 15:50 | 256        ac         3233       240000M   
[ECMWF-INFO -sbatch] -   19.10.2025 - 14:43 | 256        ac         2810       240000M   
[ECMWF-INFO -sbatch] -   19.10.2025 - 13:13 | 256        ac         2957       240000M   
[ECMWF-INFO -sbatch] -   19.10.2025 - 12:21 | 256        ac         31         240000M   
[ECMWF-INFO -sbatch] -   19.10.2025 - 12:05 | 256        ac         682        240000M   
[ECMWF-INFO -sbatch] -   19.10.2025 - 09:41 | 256        ac         1327       240000M   
[ECMWF-INFO -sbatch] - ['/usr/bin/sbatch', '--cpus-per-task=4', '--job-name=match_TT', '--ntasks-per-node=32', '--nodes=1', '--output=%x.%j.log', '--qos=np', '--time=6:00:00', '--hint=nomultithread', '--licenses=h2resw01', '--export=EC_user_time_limit=6:00:00', '/etc/ecmwf/nfs/dh1_home_b/nld6854/earthcare_scripts/scripts/april_2025/4_composition_specific/1_TTcal/filter_uncertainty_TTcal/sbatch_345.job']
[ECMWF-INFO -sbatch] - sbatch executed on ac
[ECMWF-INFO -sbatch] - Job queued on ac using method local
[ECMWF-INFO -sbatch] - Submitted batch job 31695125
[ECMWF-INFO -ecprofile] /usr/bin/bash NON_INTERACTIVE on ac1-2021 at 20251020_103033.706, PID: 916487, JOBID: 31695125
[ECMWF-INFO -ecprofile] $SCRATCH=/ec/res4/scratch/nld6854
[ECMWF-INFO -ecprofile] $PERM=/perm/nld6854
[ECMWF-INFO -ecprofile] $HPCPERM=/ec/res4/hpcperm/nld6854
[ECMWF-INFO -ecprofile] $TMPDIR=/dev/shm/_tmpdir_.nld6854.31695125
[ECMWF-INFO -ecprofile] $SCRATCHDIR=/ec/res4/scratchdir/nld6854/5/31695125
<IPython.core.display.HTML object>
<xarray.Dataset> Size: 9GB
Dimensions:                  (forecast_period: 4, forecast_reference_time: 60,
                              latitude: 451, longitude: 900)
Coordinates:
  * forecast_period          (forecast_period) timedelta64[ns] 32B 00:00:00 ....
  * forecast_reference_time  (forecast_reference_time) float64 480B 1.749e+18...
  * latitude                 (latitude) float64 4kB 90.0 89.6 ... -89.6 -90.0
  * longitude                (longitude) float64 7kB 0.0 0.4 0.8 ... 359.2 359.6
Data variables:
    aod550                   (forecast_period, forecast_reference_time, latitude, longitude) float64 779MB ...
    aod355                   (forecast_period, forecast_reference_time, latitude, longitude) float64 779MB ...
    ang550to355              (forecast_period, forecast_reference_time, latitude, longitude) float64 779MB ...
    dryaod355                (forecast_period, forecast_reference_time, latitude, longitude) float64 779MB ...
    wataod355                (forecast_period, forecast_reference_time, latitude, longitude) float64 779MB ...
    dudryaod355              (forecast_period, forecast_reference_time, latitude, longitude) float64 779MB ...
    ssdryaod355              (forecast_period, forecast_reference_time, latitude, longitude) float64 779MB ...
    omdryaod355              (forecast_period, forecast_reference_time, latitude, longitude) float64 779MB ...
    bcdryaod355              (forecast_period, forecast_reference_time, latitude, longitude) float64 779MB ...
    sudryaod355              (forecast_period, forecast_reference_time, latitude, longitude) float64 779MB ...
    nidryaod355              (forecast_period, forecast_reference_time, latitude, longitude) float64 779MB ...
    amdryaod355              (forecast_period, forecast_reference_time, latitude, longitude) float64 779MB ...
<xarray.DataArray 'forecast_period' (forecast_period: 4)> Size: 32B
array([             0, 10800000000000, 21600000000000, 32400000000000],
      dtype='timedelta64[ns]')
Coordinates:
  * forecast_period  (forecast_period) timedelta64[ns] 32B 00:00:00 ... 09:00:00
<xarray.DataArray 'forecast_reference_time' (forecast_reference_time: 60)> Size: 480B
array(['2025-06-01T00:00:00.000000000', '2025-06-01T12:00:00.000000000',
       '2025-06-02T00:00:00.000000000', '2025-06-02T12:00:00.000000000',
       '2025-06-03T00:00:00.000000000', '2025-06-03T12:00:00.000000000',
       '2025-06-04T00:00:00.000000000', '2025-06-04T12:00:00.000000000',
       '2025-06-05T00:00:00.000000000', '2025-06-05T12:00:00.000000000',
       '2025-06-06T00:00:00.000000000', '2025-06-06T12:00:00.000000000',
       '2025-06-07T00:00:00.000000000', '2025-06-07T12:00:00.000000000',
       '2025-06-08T00:00:00.000000000', '2025-06-08T12:00:00.000000000',
       '2025-06-09T00:00:00.000000000', '2025-06-09T12:00:00.000000000',
       '2025-06-10T00:00:00.000000000', '2025-06-10T12:00:00.000000000',
       '2025-06-11T00:00:00.000000000', '2025-06-11T12:00:00.000000000',
       '2025-06-12T00:00:00.000000000', '2025-06-12T12:00:00.000000000',
       '2025-06-13T00:00:00.000000000', '2025-06-13T12:00:00.000000000',
       '2025-06-14T00:00:00.000000000', '2025-06-14T12:00:00.000000000',
       '2025-06-15T00:00:00.000000000', '2025-06-15T12:00:00.000000000',
       '2025-06-16T00:00:00.000000000', '2025-06-16T12:00:00.000000000',
       '2025-06-17T00:00:00.000000000', '2025-06-17T12:00:00.000000000',
       '2025-06-18T00:00:00.000000000', '2025-06-18T12:00:00.000000000',
       '2025-06-19T00:00:00.000000000', '2025-06-19T12:00:00.000000000',
       '2025-06-20T00:00:00.000000000', '2025-06-20T12:00:00.000000000',
       '2025-06-21T00:00:00.000000000', '2025-06-21T12:00:00.000000000',
       '2025-06-22T00:00:00.000000000', '2025-06-22T12:00:00.000000000',
       '2025-06-23T00:00:00.000000000', '2025-06-23T12:00:00.000000000',
       '2025-06-24T00:00:00.000000000', '2025-06-24T12:00:00.000000000',
       '2025-06-25T00:00:00.000000000', '2025-06-25T12:00:00.000000000',
       '2025-06-26T00:00:00.000000000', '2025-06-26T12:00:00.000000000',
       '2025-06-27T00:00:00.000000000', '2025-06-27T12:00:00.000000000',
       '2025-06-28T00:00:00.000000000', '2025-06-28T12:00:00.000000000',
       '2025-06-29T00:00:00.000000000', '2025-06-29T12:00:00.000000000',
       '2025-06-30T00:00:00.000000000', '2025-06-30T12:00:00.000000000'],
      dtype='datetime64[ns]')
Coordinates:
  * forecast_reference_time  (forecast_reference_time) datetime64[ns] 480B 20...
<xarray.DataArray (forecast_period: 4, forecast_reference_time: 60)> Size: 2kB
array([['2025-06-01T00:00:00.000000000', '2025-06-01T12:00:00.000000000',
        '2025-06-02T00:00:00.000000000', '2025-06-02T12:00:00.000000000',
        '2025-06-03T00:00:00.000000000', '2025-06-03T12:00:00.000000000',
        '2025-06-04T00:00:00.000000000', '2025-06-04T12:00:00.000000000',
        '2025-06-05T00:00:00.000000000', '2025-06-05T12:00:00.000000000',
        '2025-06-06T00:00:00.000000000', '2025-06-06T12:00:00.000000000',
        '2025-06-07T00:00:00.000000000', '2025-06-07T12:00:00.000000000',
        '2025-06-08T00:00:00.000000000', '2025-06-08T12:00:00.000000000',
        '2025-06-09T00:00:00.000000000', '2025-06-09T12:00:00.000000000',
        '2025-06-10T00:00:00.000000000', '2025-06-10T12:00:00.000000000',
        '2025-06-11T00:00:00.000000000', '2025-06-11T12:00:00.000000000',
        '2025-06-12T00:00:00.000000000', '2025-06-12T12:00:00.000000000',
        '2025-06-13T00:00:00.000000000', '2025-06-13T12:00:00.000000000',
        '2025-06-14T00:00:00.000000000', '2025-06-14T12:00:00.000000000',
        '2025-06-15T00:00:00.000000000', '2025-06-15T12:00:00.000000000',
        '2025-06-16T00:00:00.000000000', '2025-06-16T12:00:00.000000000',
        '2025-06-17T00:00:00.000000000', '2025-06-17T12:00:00.000000000',
        '2025-06-18T00:00:00.000000000', '2025-06-18T12:00:00.000000000',
        '2025-06-19T00:00:00.000000000', '2025-06-19T12:00:00.000000000',
        '2025-06-20T00:00:00.000000000', '2025-06-20T12:00:00.000000000',
...
        '2025-06-12T09:00:00.000000000', '2025-06-12T21:00:00.000000000',
        '2025-06-13T09:00:00.000000000', '2025-06-13T21:00:00.000000000',
        '2025-06-14T09:00:00.000000000', '2025-06-14T21:00:00.000000000',
        '2025-06-15T09:00:00.000000000', '2025-06-15T21:00:00.000000000',
        '2025-06-16T09:00:00.000000000', '2025-06-16T21:00:00.000000000',
        '2025-06-17T09:00:00.000000000', '2025-06-17T21:00:00.000000000',
        '2025-06-18T09:00:00.000000000', '2025-06-18T21:00:00.000000000',
        '2025-06-19T09:00:00.000000000', '2025-06-19T21:00:00.000000000',
        '2025-06-20T09:00:00.000000000', '2025-06-20T21:00:00.000000000',
        '2025-06-21T09:00:00.000000000', '2025-06-21T21:00:00.000000000',
        '2025-06-22T09:00:00.000000000', '2025-06-22T21:00:00.000000000',
        '2025-06-23T09:00:00.000000000', '2025-06-23T21:00:00.000000000',
        '2025-06-24T09:00:00.000000000', '2025-06-24T21:00:00.000000000',
        '2025-06-25T09:00:00.000000000', '2025-06-25T21:00:00.000000000',
        '2025-06-26T09:00:00.000000000', '2025-06-26T21:00:00.000000000',
        '2025-06-27T09:00:00.000000000', '2025-06-27T21:00:00.000000000',
        '2025-06-28T09:00:00.000000000', '2025-06-28T21:00:00.000000000',
        '2025-06-29T09:00:00.000000000', '2025-06-29T21:00:00.000000000',
        '2025-06-30T09:00:00.000000000', '2025-06-30T21:00:00.000000000']],
      dtype='datetime64[ns]')
Coordinates:
  * forecast_period          (forecast_period) timedelta64[ns] 32B 00:00:00 ....
  * forecast_reference_time  (forecast_reference_time) datetime64[ns] 480B 20...
(4, 60)
<xarray.Dataset> Size: 9GB
Dimensions:                  (latitude: 451, longitude: 900, time: 240)
Coordinates:
  * latitude                 (latitude) float64 4kB 90.0 89.6 ... -89.6 -90.0
  * longitude                (longitude) float64 7kB 0.0 0.4 0.8 ... 359.2 359.6
  * time                     (time) datetime64[ns] 2kB 2025-06-01 ... 2025-06...
    forecast_reference_time  (time) datetime64[ns] 2kB 2025-06-01 ... 2025-06...
    forecast_period          (time) timedelta64[ns] 2kB 00:00:00 ... 09:00:00
    forecast_time            (time) datetime64[ns] 2kB 2025-06-01 ... 2025-06...
Data variables:
    aod550                   (latitude, longitude, time) float64 779MB 0.0993...
    aod355                   (latitude, longitude, time) float64 779MB 0.1417...
    ang550to355              (latitude, longitude, time) float64 779MB 0.8105...
    dryaod355                (latitude, longitude, time) float64 779MB 0.0779...
    wataod355                (latitude, longitude, time) float64 779MB 0.0636...
    dudryaod355              (latitude, longitude, time) float64 779MB 0.0028...
    ssdryaod355              (latitude, longitude, time) float64 779MB 0.0020...
    omdryaod355              (latitude, longitude, time) float64 779MB 0.0076...
    bcdryaod355              (latitude, longitude, time) float64 779MB 0.0033...
    sudryaod355              (latitude, longitude, time) float64 779MB 0.0440...
    nidryaod355              (latitude, longitude, time) float64 779MB 0.0093...
    amdryaod355              (latitude, longitude, time) float64 779MB 0.0087...
['2025-06-01T00:00:00.000000000' '2025-06-01T03:00:00.000000000'
 '2025-06-01T06:00:00.000000000' '2025-06-01T09:00:00.000000000'
 '2025-06-01T12:00:00.000000000' '2025-06-01T15:00:00.000000000'
 '2025-06-01T18:00:00.000000000' '2025-06-01T21:00:00.000000000'
 '2025-06-02T00:00:00.000000000' '2025-06-02T03:00:00.000000000'
 '2025-06-02T06:00:00.000000000' '2025-06-02T09:00:00.000000000'
 '2025-06-02T12:00:00.000000000' '2025-06-02T15:00:00.000000000'
 '2025-06-02T18:00:00.000000000' '2025-06-02T21:00:00.000000000'
 '2025-06-03T00:00:00.000000000' '2025-06-03T03:00:00.000000000'
 '2025-06-03T06:00:00.000000000' '2025-06-03T09:00:00.000000000'
 '2025-06-03T12:00:00.000000000' '2025-06-03T15:00:00.000000000'
 '2025-06-03T18:00:00.000000000' '2025-06-03T21:00:00.000000000'
 '2025-06-04T00:00:00.000000000' '2025-06-04T03:00:00.000000000'
 '2025-06-04T06:00:00.000000000' '2025-06-04T09:00:00.000000000'
 '2025-06-04T12:00:00.000000000' '2025-06-04T15:00:00.000000000'
 '2025-06-04T18:00:00.000000000' '2025-06-04T21:00:00.000000000'
 '2025-06-05T00:00:00.000000000' '2025-06-05T03:00:00.000000000'
 '2025-06-05T06:00:00.000000000' '2025-06-05T09:00:00.000000000'
 '2025-06-05T12:00:00.000000000' '2025-06-05T15:00:00.000000000'
 '2025-06-05T18:00:00.000000000' '2025-06-05T21:00:00.000000000'
 '2025-06-06T00:00:00.000000000' '2025-06-06T03:00:00.000000000'
 '2025-06-06T06:00:00.000000000' '2025-06-06T09:00:00.000000000'
 '2025-06-06T12:00:00.000000000' '2025-06-06T15:00:00.000000000'
 '2025-06-06T18:00:00.000000000' '2025-06-06T21:00:00.000000000'
 '2025-06-07T00:00:00.000000000' '2025-06-07T03:00:00.000000000'
 '2025-06-07T06:00:00.000000000' '2025-06-07T09:00:00.000000000'
 '2025-06-07T12:00:00.000000000' '2025-06-07T15:00:00.000000000'
 '2025-06-07T18:00:00.000000000' '2025-06-07T21:00:00.000000000'
 '2025-06-08T00:00:00.000000000' '2025-06-08T03:00:00.000000000'
 '2025-06-08T06:00:00.000000000' '2025-06-08T09:00:00.000000000'
 '2025-06-08T12:00:00.000000000' '2025-06-08T15:00:00.000000000'
 '2025-06-08T18:00:00.000000000' '2025-06-08T21:00:00.000000000'
 '2025-06-09T00:00:00.000000000' '2025-06-09T03:00:00.000000000'
 '2025-06-09T06:00:00.000000000' '2025-06-09T09:00:00.000000000'
 '2025-06-09T12:00:00.000000000' '2025-06-09T15:00:00.000000000'
 '2025-06-09T18:00:00.000000000' '2025-06-09T21:00:00.000000000'
 '2025-06-10T00:00:00.000000000' '2025-06-10T03:00:00.000000000'
 '2025-06-10T06:00:00.000000000' '2025-06-10T09:00:00.000000000'
 '2025-06-10T12:00:00.000000000' '2025-06-10T15:00:00.000000000'
 '2025-06-10T18:00:00.000000000' '2025-06-10T21:00:00.000000000'
 '2025-06-11T00:00:00.000000000' '2025-06-11T03:00:00.000000000'
 '2025-06-11T06:00:00.000000000' '2025-06-11T09:00:00.000000000'
 '2025-06-11T12:00:00.000000000' '2025-06-11T15:00:00.000000000'
 '2025-06-11T18:00:00.000000000' '2025-06-11T21:00:00.000000000'
 '2025-06-12T00:00:00.000000000' '2025-06-12T03:00:00.000000000'
 '2025-06-12T06:00:00.000000000' '2025-06-12T09:00:00.000000000'
 '2025-06-12T12:00:00.000000000' '2025-06-12T15:00:00.000000000'
 '2025-06-12T18:00:00.000000000' '2025-06-12T21:00:00.000000000'
 '2025-06-13T00:00:00.000000000' '2025-06-13T03:00:00.000000000'
 '2025-06-13T06:00:00.000000000' '2025-06-13T09:00:00.000000000'
 '2025-06-13T12:00:00.000000000' '2025-06-13T15:00:00.000000000'
 '2025-06-13T18:00:00.000000000' '2025-06-13T21:00:00.000000000'
 '2025-06-14T00:00:00.000000000' '2025-06-14T03:00:00.000000000'
 '2025-06-14T06:00:00.000000000' '2025-06-14T09:00:00.000000000'
 '2025-06-14T12:00:00.000000000' '2025-06-14T15:00:00.000000000'
 '2025-06-14T18:00:00.000000000' '2025-06-14T21:00:00.000000000'
 '2025-06-15T00:00:00.000000000' '2025-06-15T03:00:00.000000000'
 '2025-06-15T06:00:00.000000000' '2025-06-15T09:00:00.000000000'
 '2025-06-15T12:00:00.000000000' '2025-06-15T15:00:00.000000000'
 '2025-06-15T18:00:00.000000000' '2025-06-15T21:00:00.000000000'
 '2025-06-16T00:00:00.000000000' '2025-06-16T03:00:00.000000000'
 '2025-06-16T06:00:00.000000000' '2025-06-16T09:00:00.000000000'
 '2025-06-16T12:00:00.000000000' '2025-06-16T15:00:00.000000000'
 '2025-06-16T18:00:00.000000000' '2025-06-16T21:00:00.000000000'
 '2025-06-17T00:00:00.000000000' '2025-06-17T03:00:00.000000000'
 '2025-06-17T06:00:00.000000000' '2025-06-17T09:00:00.000000000'
 '2025-06-17T12:00:00.000000000' '2025-06-17T15:00:00.000000000'
 '2025-06-17T18:00:00.000000000' '2025-06-17T21:00:00.000000000'
 '2025-06-18T00:00:00.000000000' '2025-06-18T03:00:00.000000000'
 '2025-06-18T06:00:00.000000000' '2025-06-18T09:00:00.000000000'
 '2025-06-18T12:00:00.000000000' '2025-06-18T15:00:00.000000000'
 '2025-06-18T18:00:00.000000000' '2025-06-18T21:00:00.000000000'
 '2025-06-19T00:00:00.000000000' '2025-06-19T03:00:00.000000000'
 '2025-06-19T06:00:00.000000000' '2025-06-19T09:00:00.000000000'
 '2025-06-19T12:00:00.000000000' '2025-06-19T15:00:00.000000000'
 '2025-06-19T18:00:00.000000000' '2025-06-19T21:00:00.000000000'
 '2025-06-20T00:00:00.000000000' '2025-06-20T03:00:00.000000000'
 '2025-06-20T06:00:00.000000000' '2025-06-20T09:00:00.000000000'
 '2025-06-20T12:00:00.000000000' '2025-06-20T15:00:00.000000000'
 '2025-06-20T18:00:00.000000000' '2025-06-20T21:00:00.000000000'
 '2025-06-21T00:00:00.000000000' '2025-06-21T03:00:00.000000000'
 '2025-06-21T06:00:00.000000000' '2025-06-21T09:00:00.000000000'
 '2025-06-21T12:00:00.000000000' '2025-06-21T15:00:00.000000000'
 '2025-06-21T18:00:00.000000000' '2025-06-21T21:00:00.000000000'
 '2025-06-22T00:00:00.000000000' '2025-06-22T03:00:00.000000000'
 '2025-06-22T06:00:00.000000000' '2025-06-22T09:00:00.000000000'
 '2025-06-22T12:00:00.000000000' '2025-06-22T15:00:00.000000000'
 '2025-06-22T18:00:00.000000000' '2025-06-22T21:00:00.000000000'
 '2025-06-23T00:00:00.000000000' '2025-06-23T03:00:00.000000000'
 '2025-06-23T06:00:00.000000000' '2025-06-23T09:00:00.000000000'
 '2025-06-23T12:00:00.000000000' '2025-06-23T15:00:00.000000000'
 '2025-06-23T18:00:00.000000000' '2025-06-23T21:00:00.000000000'
 '2025-06-24T00:00:00.000000000' '2025-06-24T03:00:00.000000000'
 '2025-06-24T06:00:00.000000000' '2025-06-24T09:00:00.000000000'
 '2025-06-24T12:00:00.000000000' '2025-06-24T15:00:00.000000000'
 '2025-06-24T18:00:00.000000000' '2025-06-24T21:00:00.000000000'
 '2025-06-25T00:00:00.000000000' '2025-06-25T03:00:00.000000000'
 '2025-06-25T06:00:00.000000000' '2025-06-25T09:00:00.000000000'
 '2025-06-25T12:00:00.000000000' '2025-06-25T15:00:00.000000000'
 '2025-06-25T18:00:00.000000000' '2025-06-25T21:00:00.000000000'
 '2025-06-26T00:00:00.000000000' '2025-06-26T03:00:00.000000000'
 '2025-06-26T06:00:00.000000000' '2025-06-26T09:00:00.000000000'
 '2025-06-26T12:00:00.000000000' '2025-06-26T15:00:00.000000000'
 '2025-06-26T18:00:00.000000000' '2025-06-26T21:00:00.000000000'
 '2025-06-27T00:00:00.000000000' '2025-06-27T03:00:00.000000000'
 '2025-06-27T06:00:00.000000000' '2025-06-27T09:00:00.000000000'
 '2025-06-27T12:00:00.000000000' '2025-06-27T15:00:00.000000000'
 '2025-06-27T18:00:00.000000000' '2025-06-27T21:00:00.000000000'
 '2025-06-28T00:00:00.000000000' '2025-06-28T03:00:00.000000000'
 '2025-06-28T06:00:00.000000000' '2025-06-28T09:00:00.000000000'
 '2025-06-28T12:00:00.000000000' '2025-06-28T15:00:00.000000000'
 '2025-06-28T18:00:00.000000000' '2025-06-28T21:00:00.000000000'
 '2025-06-29T00:00:00.000000000' '2025-06-29T03:00:00.000000000'
 '2025-06-29T06:00:00.000000000' '2025-06-29T09:00:00.000000000'
 '2025-06-29T12:00:00.000000000' '2025-06-29T15:00:00.000000000'
 '2025-06-29T18:00:00.000000000' '2025-06-29T21:00:00.000000000'
 '2025-06-30T00:00:00.000000000' '2025-06-30T03:00:00.000000000'
 '2025-06-30T06:00:00.000000000' '2025-06-30T09:00:00.000000000'
 '2025-06-30T12:00:00.000000000' '2025-06-30T15:00:00.000000000'
 '2025-06-30T18:00:00.000000000' '2025-06-30T21:00:00.000000000']
cams_aod_ dust (451, 900, 240)
lwc_cams.shape (4, 60, 451, 900)
(4, 60)
valid_time_flat.shape,lwc_flat.shape (240,) (240, 451, 900)
(451, 900, 240)
(451, 900, 240)
(451, 900, 240)
<xarray.Dataset> Size: 779MB
Dimensions:      (latitude: 451, longitude: 900, timeN: 240)
Coordinates:
  * latitude     (latitude) float64 4kB 90.0 89.6 89.2 ... -89.2 -89.6 -90.0
  * longitude    (longitude) float64 7kB 0.0 0.4 0.8 1.2 ... -1.6 -1.2 -0.8 -0.4
  * timeN        (timeN) datetime64[ns] 2kB 2025-06-01 ... 2025-06-30T21:00:00
Data variables:
    aod355_dust  (latitude, longitude, timeN) float64 779MB 0.01372 ... 0.003366
longitude <xarray.DataArray 'longitude' (longitude: 900)> Size: 7kB
array([ 0. ,  0.4,  0.8, ..., -1.2, -0.8, -0.4])
Coordinates:
  * longitude  (longitude) float64 7kB 0.0 0.4 0.8 1.2 ... -1.6 -1.2 -0.8 -0.4
True
True
True
Selecting frame from 99 to 5044
Selecting frame from 99 to 4969
Selecting frame from 99 to 4969
Selecting frame from 98 to 5044
Selecting frame from 98 to 5044
Selecting frame from 99 to 4746
Selecting frame from 99 to 4746
Selecting frame from 99 to 5045
Selecting frame from 99 to 5045
Selecting frame from 98 to 4966
Selecting frame from 98 to 4966
Selecting frame from 99 to 5061
Selecting frame from 99 to 5061
Selecting frame from 99 to 4769
Selecting frame from 99 to 4769
Selecting frame from 99 to 5061
Selecting frame from 99 to 5061
Selecting frame from 99 to 4969
Selecting frame from 99 to 4969
Selecting frame from 98 to 5044
Selecting frame from 98 to 5044
Selecting frame from 99 to 4747
Selecting frame from 99 to 4747
Selecting frame from 99 to 5045
Selecting frame from 99 to 5045
Selecting frame from 99 to 4967
Selecting frame from 99 to 4967
Selecting frame from 99 to 5061
Selecting frame from 99 to 5061
Selecting frame from 99 to 4768
Selecting frame from 99 to 4768
Selecting frame from 99 to 5061
Selecting frame from 99 to 5061
Selecting frame from 99 to 4969
Selecting frame from 99 to 4969
Selecting frame from 99 to 5045
Selecting frame from 99 to 5045
Selecting frame from 96 to 4743
Selecting frame from 96 to 4743
Selecting frame from 99 to 5045
Selecting frame from 99 to 5045
Selecting frame from 99 to 4967
Selecting frame from 99 to 4967
Selecting frame from 99 to 5061
Selecting frame from 99 to 5061
Selecting frame from 99 to 4768
Selecting frame from 99 to 4768
Selecting frame from 99 to 5062
Selecting frame from 99 to 5062
Selecting frame from 99 to 4968
Selecting frame from 99 to 4968
Selecting frame from 99 to 5045
Selecting frame from 99 to 5045
Selecting frame from 96 to 4743
Selecting frame from 96 to 4743
Selecting frame from 99 to 5045
Selecting frame from 99 to 5045
Selecting frame from 99 to 4967
Selecting frame from 99 to 4967
Selecting frame from 99 to 5061
Selecting frame from 99 to 5061
Selecting frame from 99 to 4768
Selecting frame from 99 to 4768
Selecting frame from 99 to 5062
Selecting frame from 99 to 5062
Selecting frame from 99 to 4968
Selecting frame from 99 to 4968
Selecting frame from 99 to 5045
Selecting frame from 99 to 5045
Selecting frame from 99 to 4746
Selecting frame from 99 to 4746
Selecting frame from 99 to 5045
Selecting frame from 99 to 5045
Selecting frame from 99 to 4967
Selecting frame from 99 to 4967
Selecting frame from 99 to 5061
Selecting frame from 99 to 5061
Selecting frame from 99 to 4768
Selecting frame from 99 to 4768
Selecting frame from 99 to 5062
Selecting frame from 99 to 5062
Selecting frame from 99 to 4968
Selecting frame from 99 to 4968
Selecting frame from 98 to 5044
Selecting frame from 98 to 5044
Selecting frame from 99 to 4746
Selecting frame from 99 to 4746
Selecting frame from 99 to 5044
Selecting frame from 99 to 5044
Selecting frame from 98 to 4966
Selecting frame from 98 to 4966
Selecting frame from 99 to 5061
Selecting frame from 99 to 5061
Selecting frame from 99 to 4768
Selecting frame from 99 to 4768
Selecting frame from 99 to 5062
Selecting frame from 99 to 5062
Selecting frame from 99 to 4969
Selecting frame from 99 to 4969
Selecting frame from 98 to 5044
Selecting frame from 98 to 5044
Selecting frame from 99 to 4746
Selecting frame from 99 to 4746
Selecting frame from 99 to 5044
Selecting frame from 99 to 5044
Selecting frame from 97 to 4965
Selecting frame from 97 to 4965
Selecting frame from 99 to 5061
Selecting frame from 99 to 5061
Selecting frame from 99 to 4768
Selecting frame from 99 to 4768
Selecting frame from 99 to 5062
Selecting frame from 99 to 5062
Selecting frame from 99 to 4969
Selecting frame from 99 to 4969
Selecting frame from 97 to 5043
Selecting frame from 97 to 5043
Selecting frame from 99 to 4746
Selecting frame from 99 to 4746
Selecting frame from 99 to 5045
Selecting frame from 99 to 5045
Selecting frame from 98 to 4966
Selecting frame from 98 to 4966
Selecting frame from 99 to 5061
Selecting frame from 99 to 5061
Selecting frame from 99 to 4768
Selecting frame from 99 to 4768
Selecting frame from 99 to 5062
Selecting frame from 99 to 5062
Selecting frame from 99 to 4968
Selecting frame from 99 to 4968
Selecting frame from 97 to 5043
Selecting frame from 97 to 5043
Selecting frame from 99 to 4746
Selecting frame from 99 to 4746
Selecting frame from 99 to 5045
Selecting frame from 99 to 5045
Selecting frame from 97 to 4965
Selecting frame from 97 to 4965
Selecting frame from 99 to 5062
Selecting frame from 99 to 5062
Selecting frame from 99 to 4768
Selecting frame from 99 to 4768
Selecting frame from 99 to 5062
Selecting frame from 99 to 5062
Selecting frame from 99 to 4968
Selecting frame from 99 to 4968
Selecting frame from 98 to 5043
Selecting frame from 98 to 5043
Selecting frame from 99 to 4747
Selecting frame from 99 to 4747
Selecting frame from 99 to 5045
Selecting frame from 99 to 5045
Selecting frame from 98 to 4966
Selecting frame from 98 to 4966
Selecting frame from 99 to 5118
Selecting frame from 99 to 5118
Selecting frame from 99 to 4926
Selecting frame from 99 to 4926
Selecting frame from 99 to 5243
Selecting frame from 99 to 5243
Selecting frame from 99 to 5167
Selecting frame from 99 to 5167
Selecting frame from 98 to 5242
Selecting frame from 98 to 5242
Selecting frame from 99 to 4926
Selecting frame from 99 to 4926
Selecting frame from 100 to 5244
Selecting frame from 100 to 5244
Selecting frame from 99 to 5166
Selecting frame from 99 to 5166
Selecting frame from 100 to 5189
Selecting frame from 100 to 5189
Selecting frame from 99 to 4768
Selecting frame from 99 to 4768
Selecting frame from 99 to 5061
Selecting frame from 99 to 5061
Selecting frame from 99 to 4968
Selecting frame from 99 to 4968
Selecting frame from 97 to 5043
Selecting frame from 97 to 5043
Selecting frame from 99 to 4746
Selecting frame from 99 to 4746
Selecting frame from 99 to 5039
Selecting frame from 99 to 5039
Selecting frame from 98 to 4966
Selecting frame from 98 to 4966
Selecting frame from 99 to 5062
Selecting frame from 99 to 5062
Selecting frame from 100 to 4769
Selecting frame from 100 to 4769
Selecting frame from 100 to 5062
Selecting frame from 100 to 5062
Selecting frame from 99 to 4968
Selecting frame from 99 to 4968
Selecting frame from 97 to 5043
Selecting frame from 97 to 5043
Selecting frame from 99 to 4746
Selecting frame from 99 to 4746
Selecting frame from 99 to 5045
Selecting frame from 99 to 5045
Selecting frame from 97 to 4965
Selecting frame from 97 to 4965
Selecting frame from 99 to 5061
Selecting frame from 99 to 5061
Selecting frame from 99 to 4768
Selecting frame from 99 to 4768
Selecting frame from 99 to 5061
Selecting frame from 99 to 5061
Selecting frame from 98 to 4967
Selecting frame from 98 to 4967
Selecting frame from 96 to 5042
Selecting frame from 96 to 5042
Selecting frame from 99 to 4747
Selecting frame from 99 to 4747
Selecting frame from 99 to 5044
Selecting frame from 99 to 5044
Selecting frame from 96 to 4964
Selecting frame from 96 to 4964
Selecting frame from 98 to 5060
Selecting frame from 98 to 5060
Selecting frame from 98 to 4767
Selecting frame from 98 to 4767
Selecting frame from 98 to 5061
Selecting frame from 98 to 5061
Selecting frame from 98 to 4967
Selecting frame from 98 to 4967
Selecting frame from 99 to 5045
Selecting frame from 99 to 5045
Selecting frame from 99 to 4746
Selecting frame from 99 to 4746
Selecting frame from 99 to 5045
Selecting frame from 99 to 5045
Selecting frame from 99 to 4746
Selecting frame from 99 to 4746
Selecting frame from 99 to 5045
Selecting frame from 99 to 5045
Selecting frame from 98 to 4965
Selecting frame from 98 to 4965
Selecting frame from 99 to 5061
Selecting frame from 99 to 5061
Selecting frame from 99 to 4768
Selecting frame from 99 to 4768
Selecting frame from 99 to 5061
Selecting frame from 99 to 5061
Selecting frame from 98 to 4967
Selecting frame from 98 to 4967
Selecting frame from 99 to 5045
Selecting frame from 99 to 5045
Selecting frame from 99 to 4746
Selecting frame from 99 to 4746
Selecting frame from 98 to 5043
Selecting frame from 98 to 5043
Selecting frame from 99 to 4967
Selecting frame from 99 to 4967
Selecting frame from 98 to 5060
Selecting frame from 98 to 5060
Selecting frame from 97 to 4766
Selecting frame from 97 to 4766
Selecting frame from 97 to 5059
Selecting frame from 97 to 5059
Selecting frame from 96 to 4965
Selecting frame from 96 to 4965
Selecting frame from 99 to 5044
Selecting frame from 99 to 5044
Selecting frame from 96 to 4743
Selecting frame from 96 to 4743
Selecting frame from 95 to 5041
Selecting frame from 95 to 5041
Selecting frame from 99 to 4967
Selecting frame from 99 to 4967
Selecting frame from 96 to 5058
Selecting frame from 96 to 5058
Selecting frame from 99 to 4768
Selecting frame from 99 to 4768
Selecting frame from 99 to 5061
Selecting frame from 99 to 5061
Selecting frame from 99 to 4968
Selecting frame from 99 to 4968
Selecting frame from 98 to 5043
Selecting frame from 98 to 5043
Selecting frame from 99 to 4746
Selecting frame from 99 to 4746
Selecting frame from 99 to 5045
Selecting frame from 99 to 5045
Selecting frame from 97 to 4965
Selecting frame from 97 to 4965
Selecting frame from 99 to 5061
Selecting frame from 99 to 5061
Selecting frame from 99 to 4768
Selecting frame from 99 to 4768
Selecting frame from 99 to 5061
Selecting frame from 99 to 5061
Selecting frame from 98 to 4966
Selecting frame from 98 to 4966
Selecting frame from 99 to 5045
Selecting frame from 99 to 5045
Selecting frame from 99 to 4746
Selecting frame from 99 to 4746
Selecting frame from 98 to 5043
Selecting frame from 98 to 5043
Selecting frame from 99 to 4967
Selecting frame from 99 to 4967
Selecting frame from 97 to 5060
Selecting frame from 97 to 5060
Selecting frame from 97 to 4765
Selecting frame from 97 to 4765
Selecting frame from 96 to 5058
Selecting frame from 96 to 5058
Selecting frame from 95 to 4963
Selecting frame from 95 to 4963
Selecting frame from 98 to 5044
Selecting frame from 98 to 5044
Selecting frame from 95 to 4742
Selecting frame from 95 to 4742
Selecting frame from 99 to 5044
Selecting frame from 99 to 5044
Selecting frame from 98 to 4967
Selecting frame from 98 to 4967
Selecting frame from 99 to 5061
Selecting frame from 99 to 5061
Selecting frame from 99 to 4767
Selecting frame from 99 to 4767
Selecting frame from 99 to 5061
Selecting frame from 99 to 5061
Selecting frame from 99 to 4968
Selecting frame from 99 to 4968
Selecting frame from 96 to 5041
Selecting frame from 96 to 5041
Selecting frame from 99 to 4746
Selecting frame from 99 to 4746
Selecting frame from 98 to 5043
Selecting frame from 98 to 5043
Selecting frame from 94 to 4963
Selecting frame from 94 to 4963
Selecting frame from 99 to 5061
Selecting frame from 99 to 5061
Selecting frame from 97 to 4765
Selecting frame from 97 to 4765
Selecting frame from 96 to 5058
Selecting frame from 96 to 5058
Selecting frame from 99 to 4968
Selecting frame from 99 to 4968
Selecting frame from 100 to 5045
Selecting frame from 100 to 5045
Selecting frame from 96 to 4743
Selecting frame from 96 to 4743
Selecting frame from 95 to 5040
Selecting frame from 95 to 5040
Selecting frame from 98 to 4966
Selecting frame from 98 to 4966
Selecting frame from 99 to 5061
Selecting frame from 99 to 5061
Selecting frame from 99 to 4767
Selecting frame from 99 to 4767
Selecting frame from 99 to 5062
Selecting frame from 99 to 5062
Selecting frame from 99 to 4968
Selecting frame from 99 to 4968
Selecting frame from 96 to 5041
Selecting frame from 96 to 5041
Selecting frame from 99 to 4746
Selecting frame from 99 to 4746
Selecting frame from 98 to 5043
Selecting frame from 98 to 5043
Selecting frame from 95 to 4963
Selecting frame from 95 to 4963
Selecting frame from 98 to 5060
Selecting frame from 98 to 5060
Selecting frame from 97 to 4766
Selecting frame from 97 to 4766
Selecting frame from 97 to 5059
Selecting frame from 97 to 5059
Selecting frame from 96 to 4965
Selecting frame from 96 to 4965
Selecting frame from 99 to 5045
Selecting frame from 99 to 5045
Selecting frame from 97 to 4744
Selecting frame from 97 to 4744
Selecting frame from 96 to 5042
Selecting frame from 96 to 5042
Selecting frame from 99 to 4966
Selecting frame from 99 to 4966
Selecting frame from 96 to 5058
Selecting frame from 96 to 5058
Selecting frame from 95 to 4764
Selecting frame from 95 to 4764
Selecting frame from 94 to 5056
Selecting frame from 94 to 5056
Selecting frame from 93 to 4962
Selecting frame from 93 to 4962
Selecting frame from 98 to 5044
Selecting frame from 98 to 5044
Selecting frame from 95 to 4742
Selecting frame from 95 to 4742
Selecting frame from 94 to 5039
Selecting frame from 94 to 5039
Selecting frame from 97 to 4965
Selecting frame from 97 to 4965
Selecting frame from 99 to 5061
Selecting frame from 99 to 5061
Selecting frame from 99 to 4768
Selecting frame from 99 to 4768
Selecting frame from 99 to 5061
Selecting frame from 99 to 5061
Selecting frame from 98 to 4966
Selecting frame from 98 to 4966
Selecting frame from 95 to 5041
Selecting frame from 95 to 5041
Selecting frame from 99 to 4746
Selecting frame from 99 to 4746
Selecting frame from 98 to 5044
Selecting frame from 98 to 5044
Selecting frame from 95 to 4963
Selecting frame from 95 to 4963
Selecting frame from 98 to 5059
Selecting frame from 98 to 5059
Selecting frame from 96 to 4765
Selecting frame from 96 to 4765
Selecting frame from 96 to 5058
Selecting frame from 96 to 5058
Selecting frame from 95 to 4964
Selecting frame from 95 to 4964
Selecting frame from 99 to 5044
Selecting frame from 99 to 5044
Selecting frame from 95 to 4742
Selecting frame from 95 to 4742
Selecting frame from 94 to 5039
Selecting frame from 94 to 5039
Selecting frame from 98 to 4966
Selecting frame from 98 to 4966
Selecting frame from 94 to 5056
Selecting frame from 94 to 5056
Selecting frame from 99 to 4768
Selecting frame from 99 to 4768
Selecting frame from 99 to 5061
Selecting frame from 99 to 5061
Selecting frame from 99 to 4968
Selecting frame from 99 to 4968
Selecting frame from 96 to 5041
Selecting frame from 96 to 5041
Selecting frame from 99 to 4746
Selecting frame from 99 to 4746
Selecting frame from 98 to 5043
Selecting frame from 98 to 5043
Selecting frame from 94 to 4962
Selecting frame from 94 to 4962
Selecting frame from 98 to 5059
Selecting frame from 98 to 5059
Selecting frame from 95 to 4764
Selecting frame from 95 to 4764
Selecting frame from 95 to 5057
Selecting frame from 95 to 5057
Selecting frame from 94 to 4963
Selecting frame from 94 to 4963
Selecting frame from 99 to 5045
Selecting frame from 99 to 5045
Selecting frame from 96 to 4742
Selecting frame from 96 to 4742
Selecting frame from 93 to 5038
Selecting frame from 93 to 5038
Selecting frame from 97 to 4965
Selecting frame from 97 to 4965
Selecting frame from 98 to 5060
Selecting frame from 98 to 5060
Selecting frame from 97 to 4966
Selecting frame from 97 to 4966
Selecting frame from 99 to 5045
Selecting frame from 99 to 5045
Selecting frame from 98 to 4744
Selecting frame from 98 to 4744
Selecting frame from 96 to 5042
Selecting frame from 96 to 5042
Selecting frame from 99 to 4967
Selecting frame from 99 to 4967
Selecting frame from 97 to 5059
Selecting frame from 97 to 5059
Selecting frame from 99 to 4767
Selecting frame from 99 to 4767
Selecting frame from 99 to 5061
Selecting frame from 99 to 5061
Selecting frame from 98 to 4967
Selecting frame from 98 to 4967
Selecting frame from 98 to 5044
Selecting frame from 98 to 5044
Selecting frame from 99 to 4746
Selecting frame from 99 to 4746
Selecting frame from 99 to 5044
Selecting frame from 99 to 5044
Selecting frame from 97 to 4965
Selecting frame from 97 to 4965
Selecting frame from 99 to 5061
Selecting frame from 99 to 5061
Selecting frame from 100 to 4769
Selecting frame from 100 to 4769
Selecting frame from 99 to 5061
Selecting frame from 99 to 5061
Selecting frame from 98 to 4967
Selecting frame from 98 to 4967
Selecting frame from 96 to 5042
Selecting frame from 96 to 5042
Selecting frame from 99 to 4746
Selecting frame from 99 to 4746
Selecting frame from 99 to 5044
Selecting frame from 99 to 5044
Selecting frame from 99 to 4967
Selecting frame from 99 to 4967
Selecting frame from 98 to 5060
Selecting frame from 98 to 5060
Selecting frame from 97 to 4765
Selecting frame from 97 to 4765
Selecting frame from 96 to 5059
Selecting frame from 96 to 5059
Selecting frame from 99 to 5045
Selecting frame from 99 to 5045
Selecting frame from 98 to 4746
Selecting frame from 98 to 4746
Selecting frame from 97 to 5042
Selecting frame from 97 to 5042
Selecting frame from 99 to 4966
Selecting frame from 99 to 4966
Selecting frame from 96 to 5058
Selecting frame from 96 to 5058
Selecting frame from 99 to 4768
Selecting frame from 99 to 4768
Selecting frame from 99 to 5062
Selecting frame from 99 to 5062
Selecting frame from 95 to 4964
Selecting frame from 95 to 4964
Selecting frame from 99 to 5045
Selecting frame from 99 to 5045
Selecting frame from 96 to 4743
Selecting frame from 96 to 4743
Selecting frame from 95 to 5041
Selecting frame from 95 to 5041
Selecting frame from 99 to 4966
Selecting frame from 99 to 4966
Selecting frame from 99 to 5061
Selecting frame from 99 to 5061
Selecting frame from 99 to 4768
Selecting frame from 99 to 4768
Selecting frame from 99 to 5061
Selecting frame from 99 to 5061
Selecting frame from 99 to 4968
Selecting frame from 99 to 4968
Selecting frame from 97 to 5043
Selecting frame from 97 to 5043
Selecting frame from 99 to 4747
Selecting frame from 99 to 4747
Selecting frame from 99 to 5044
Selecting frame from 99 to 5044
Selecting frame from 97 to 4965
Selecting frame from 97 to 4965
Selecting frame from 99 to 5060
Selecting frame from 99 to 5060
Selecting frame from 98 to 4767
Selecting frame from 98 to 4767
Selecting frame from 98 to 5060
Selecting frame from 98 to 5060
Selecting frame from 97 to 4967
Selecting frame from 97 to 4967
Selecting frame from 99 to 5044
Selecting frame from 99 to 5044
Selecting frame from 99 to 4746
Selecting frame from 99 to 4746
Selecting frame from 98 to 5043
Selecting frame from 98 to 5043
Selecting frame from 98 to 4966
Selecting frame from 98 to 4966
Selecting frame from 97 to 5059
Selecting frame from 97 to 5059
Selecting frame from 96 to 4765
Selecting frame from 96 to 4765
Selecting frame from 95 to 5057
Selecting frame from 95 to 5057
Selecting frame from 99 to 4968
Selecting frame from 99 to 4968
Selecting frame from 99 to 5045
Selecting frame from 99 to 5045
Selecting frame from 96 to 4743
Selecting frame from 96 to 4743
Selecting frame from 99 to 5044
Selecting frame from 99 to 5044
Selecting frame from 98 to 4965
Selecting frame from 98 to 4965
Selecting frame from 99 to 5061
Selecting frame from 99 to 5061
Selecting frame from 99 to 4768
Selecting frame from 99 to 4768
Selecting frame from 99 to 5061
Selecting frame from 99 to 5061
Selecting frame from 99 to 4969
Selecting frame from 99 to 4969
Selecting frame from 97 to 5042
Selecting frame from 97 to 5042
Selecting frame from 99 to 4746
Selecting frame from 99 to 4746
Selecting frame from 99 to 5044
Selecting frame from 99 to 5044
Selecting frame from 99 to 4966
Selecting frame from 99 to 4966
Selecting frame from 98 to 5060
Selecting frame from 98 to 5060
Selecting frame from 96 to 4765
Selecting frame from 96 to 4765
Selecting frame from 96 to 5059
Selecting frame from 96 to 5059
Selecting frame from 96 to 4965
Selecting frame from 96 to 4965
Selecting frame from 99 to 5045
Selecting frame from 99 to 5045
Selecting frame from 98 to 4745
Selecting frame from 98 to 4745
Selecting frame from 96 to 5040
Selecting frame from 96 to 5040
Selecting frame from 99 to 4967
Selecting frame from 99 to 4967
Selecting frame from 99 to 5060
Selecting frame from 99 to 5060
Selecting frame from 99 to 4768
Selecting frame from 99 to 4768
Selecting frame from 99 to 5062
Selecting frame from 99 to 5062
Selecting frame from 99 to 4968
Selecting frame from 99 to 4968
Selecting frame from 97 to 5043
Selecting frame from 97 to 5043
Selecting frame from 99 to 4925
Selecting frame from 99 to 4925
Selecting frame from 100 to 5244
Selecting frame from 100 to 5244
Selecting frame from 97 to 5165
Selecting frame from 97 to 5165
Selecting frame from 99 to 5244
Selecting frame from 99 to 5244
Selecting frame from 99 to 4925
Selecting frame from 99 to 4925
Selecting frame from 99 to 5243
Selecting frame from 99 to 5243
Selecting frame from 98 to 5165
Selecting frame from 98 to 5165
Selecting frame from 100 to 5244
Selecting frame from 100 to 5244
Selecting frame from 100 to 4926
Selecting frame from 100 to 4926
Selecting frame from 99 to 5243
Selecting frame from 99 to 5243
Selecting frame from 99 to 5166
Selecting frame from 99 to 5166
Selecting frame from 98 to 5242
Selecting frame from 98 to 5242
Selecting frame from 97 to 4923
Selecting frame from 97 to 4923
Selecting frame from 97 to 5241
Selecting frame from 97 to 5241
Selecting frame from 97 to 5164
Selecting frame from 97 to 5164
Selecting frame from 100 to 5244
Selecting frame from 100 to 5244
Selecting frame from 97 to 4923
Selecting frame from 97 to 4923
Selecting frame from 96 to 5240
Selecting frame from 96 to 5240
Selecting frame from 100 to 5167
Selecting frame from 100 to 5167
Selecting frame from 99 to 5243
Selecting frame from 99 to 5243
Selecting frame from 99 to 4926
Selecting frame from 99 to 4926
Selecting frame from 99 to 5244
Selecting frame from 99 to 5244
Selecting frame from 100 to 5167
Selecting frame from 100 to 5167
Selecting frame from 98 to 5242
Selecting frame from 98 to 5242
Selecting frame from 99 to 4925
Selecting frame from 99 to 4925
Selecting frame from 99 to 5243
Selecting frame from 99 to 5243
Selecting frame from 97 to 5165
Selecting frame from 97 to 5165
Selecting frame from 100 to 5244
Selecting frame from 100 to 5244
Selecting frame from 100 to 4926
Selecting frame from 100 to 4926
Selecting frame from 100 to 5244
Selecting frame from 100 to 5244
Selecting frame from 99 to 5166
Selecting frame from 99 to 5166
Selecting frame from 100 to 5244
Selecting frame from 100 to 5244
Selecting frame from 99 to 4925
Selecting frame from 99 to 4925
Selecting frame from 98 to 5243
Selecting frame from 98 to 5243
/etc/ecmwf/nfs/dh1_home_b/nld6854/earthcare_scripts/scripts/april_2025/4_composition_specific/1_TTcal/filter_uncertainty_TTcal/5_co-located_cams_atlid_uncertainty.py:145: RuntimeWarning: All-NaN slice encountered
  med_meas = np.nanmedian(draws, axis=1)
/usr/local/apps/python3/3.12.9-01/lib/python3.12/site-packages/numpy/lib/_nanfunctions_impl.py:2053: RuntimeWarning: Degrees of freedom <= 0 for slice.
  var = nanvar(a, axis=axis, dtype=dtype, out=out, ddof=ddof,
Month= june
dust_om
max and min of latitude before mask 83.02959214946908 -83.02927404336246
Month= june
Dust+BC+OM
max and min of latitude before mask 83.02959214946908 -83.02927404336246
Percentage of NaNs in regridded data: 6.93%
aod_cams.max()= nan
(451, 900)
(90, 180) (90, 180)
not weighted by area
ATLID land= 0.16097618639469147 sea= 0.05889022257179022
(451, 900)
(90, 180) (90, 180)
not weighted by area
CAMS land= 0.05746287180608518 sea= 0.008978533232944765
(451, 900)
(90, 180) (90, 180)
not weighted by area
CAMS-ATLID land= -0.07672293149660742 sea= -0.045020626815150844
(451, 900)
(90, 180) (90, 180)
not weighted by area
CAMS-ATLID/ATLID land= -0.6804465629785192 sea= -0.7992216705103321
CAMS AOD median= 0.015756788830004316
ATLID AOD median= 0.07589723728597164
CAMS-ATLID median= -0.04738693616580269
CAMS-ATLID/ATLID median= -0.7625723515693141
CAMS,ATLID NMB= -63.20510282651617
Estimated modes from histogram: [np.float64(0.02492618978484835), np.float64(0.04708280292693577), np.float64(0.05816110949797949), np.float64(0.12463094892424176)]
Estimated modes from histogram: [np.float64(0.024330035952113617), np.float64(0.1021861509988772), np.float64(0.12165017976056809), np.float64(0.08272212223718631)]
Month= june
Dust+BC+OM
max and min of latitude before mask 83.02959214946908 -83.02927404336246
Percentage of NaNs in regridded data: 6.93%
aod_cams.max()= nan
(451, 900)
(90, 180) (90, 180)
not weighted by area
ATLID land= 0.1525840312242508 sea= 0.05198967456817626
(451, 900)
(90, 180) (90, 180)
not weighted by area
CAMS land= 0.05712345862266193 sea= 0.008192504046538934
(451, 900)
(90, 180) (90, 180)
not weighted by area
CAMS-ATLID land= -0.0700841624835006 sea= -0.040790643167647016
excludes 0
(451, 900)
(90, 180) (90, 180)
not weighted by area
CAMS-ATLID/ATLID land= -0.6790745314057711 sea= -0.7990818220246574
CAMS AOD median= 0.012709503928792824
ATLID AOD median= 0.0641334056854248
CAMS-ATLID median= -0.04154184431770135
excludes 0
CAMS-ATLID/ATLID median= -0.761701356325456
CAMS,ATLID NMB= -62.71539235538381
Estimated modes from histogram: [np.float64(0.02492618978484835), np.float64(0.04708280292693577), np.float64(0.05816110949797949), np.float64(0.12463094892424176)]
Estimated modes from histogram: [np.float64(0.014625719129639184), np.float64(0.13163147216675264), np.float64(0.10238003390747429), np.float64(0.08287907506795537)]
[ECMWF-INFO -ecepilog] ----------------------------------------------------------------------------------------------------
[ECMWF-INFO -ecepilog] This is the ECMWF job Epilogue
[ECMWF-INFO -ecepilog] +++ Please report issues using the Support portal +++
[ECMWF-INFO -ecepilog] +++ https://support.ecmwf.int                     +++
[ECMWF-INFO -ecepilog] ----------------------------------------------------------------------------------------------------
[ECMWF-INFO -ecepilog] Run at 2025-10-20T11:22:19 on ac
[ECMWF-INFO -ecepilog] JobName                   : match_TT
[ECMWF-INFO -ecepilog] JobID                     : 31695125
[ECMWF-INFO -ecepilog] Submit                    : 2025-10-20T10:30:11
[ECMWF-INFO -ecepilog] Start                     : 2025-10-20T10:30:23
[ECMWF-INFO -ecepilog] End                       : 2025-10-20T11:22:19
[ECMWF-INFO -ecepilog] QueuedTime                : 12.0
[ECMWF-INFO -ecepilog] ElapsedRaw                : 3116
[ECMWF-INFO -ecepilog] ExitCode                  : 0:0
[ECMWF-INFO -ecepilog] DerivedExitCode           : 0:0
[ECMWF-INFO -ecepilog] State                     : COMPLETED
[ECMWF-INFO -ecepilog] Account                   : nlchekli
[ECMWF-INFO -ecepilog] QOS                       : np
[ECMWF-INFO -ecepilog] User                      : nld6854
[ECMWF-INFO -ecepilog] StdOut                    : /etc/ecmwf/nfs/dh1_home_b/nld6854/earthcare_scripts/scripts/april_2025/4_composition_specific/1_TTcal/filter_uncertainty_TTcal/match_TT.31695125.log
[ECMWF-INFO -ecepilog] StdErr                    : /etc/ecmwf/nfs/dh1_home_b/nld6854/earthcare_scripts/scripts/april_2025/4_composition_specific/1_TTcal/filter_uncertainty_TTcal/match_TT.31695125.log
[ECMWF-INFO -ecepilog] NNodes                    : 1
[ECMWF-INFO -ecepilog] NCPUS                     : 256
[ECMWF-INFO -ecepilog] SBU                       : 1890.503
[ECMWF-INFO -ecepilog] jobtag                    : nld6854-match_TT-1x256-/etc/ecmwf/nfs/dh1_home_b/nld6854/earthcare_scripts/scripts/april_2025/4_composition_specific/1_TTcal/filter_uncertainty_TTcal/match_TT._JOBID_.log
[ECMWF-INFO -ecepilog] ----------------------------------------------------------------------------------------------------

